Release 14.7 - platgen Xilinx EDK 14.7 Build EDK_P.20131013
 (nt)
Copyright (c) 1995-2013 Xilinx, Inc.  All rights reserved.

Command Line: platgen -p xc4vsx55ff1148-10 -lang verilog -intstyle ise -stubgen
F:\Programs\Verilog\FPGA_Group\test_br0101\microblaze\microblaze.mhs 

Parse F:/Programs/Verilog/FPGA_Group/test_br0101/microblaze/microblaze.mhs ...

Create merged mhs ...

Overriding IP level properties ...

Computing clock values...
INFO:EDK:740 - Cannot determine the input clock associated with port :
   dlmb_cntlr:BRAM_Clk_A. Clock DRCs will not be performed on this core and
   cores connected to it. 
INFO:EDK:740 - Cannot determine the input clock associated with port :
   ilmb_cntlr:BRAM_Clk_A. Clock DRCs will not be performed on this core and
   cores connected to it. 

Performing IP level DRCs on properties...

Running DRC Tcl procedures for OPTION IPLEVEL_DRC_PROC...
Address Map for Processor microblaze_0
  (0000000000-0x0000ffff) dlmb_cntlr	dlmb
  (0000000000-0x0000ffff) ilmb_cntlr	ilmb
  (0x81800000-0x8180ffff) xps_intc_0	mb_plb
  (0x84000000-0x8400ffff) RS232	mb_plb
  (0x84400000-0x8440ffff) mdm_0	mb_plb
  (0xc9c00000-0xc9c0ffff) plb_dac_0	mb_plb
INFO:EDK:4130 - IPNAME: plb_v46, INSTANCE:mb_plb - tool is overriding PARAMETER
   C_PLBV46_NUM_MASTERS value to 2 -
   G:\Xilinx\14.7\ISE_DS\EDK\hw\XilinxProcessorIPLib\pcores\plb_v46_v1_05_a\data
   \plb_v46_v2_1_0.mpd line 79 
INFO:EDK:4130 - IPNAME: plb_v46, INSTANCE:mb_plb - tool is overriding PARAMETER
   C_PLBV46_NUM_SLAVES value to 4 -
   G:\Xilinx\14.7\ISE_DS\EDK\hw\XilinxProcessorIPLib\pcores\plb_v46_v1_05_a\data
   \plb_v46_v2_1_0.mpd line 80 
INFO:EDK:4130 - IPNAME: plb_v46, INSTANCE:mb_plb - tool is overriding PARAMETER
   C_PLBV46_MID_WIDTH value to 1 -
   G:\Xilinx\14.7\ISE_DS\EDK\hw\XilinxProcessorIPLib\pcores\plb_v46_v1_05_a\data
   \plb_v46_v2_1_0.mpd line 81 
INFO:EDK:4130 - IPNAME: plb_v46, INSTANCE:mb_plb - tool is overriding PARAMETER
   C_PLBV46_DWIDTH value to 32 -
   G:\Xilinx\14.7\ISE_DS\EDK\hw\XilinxProcessorIPLib\pcores\plb_v46_v1_05_a\data
   \plb_v46_v2_1_0.mpd line 83 
INFO:EDK:4130 - IPNAME: lmb_v10, INSTANCE:ilmb - tool is overriding PARAMETER
   C_LMB_NUM_SLAVES value to 1 -
   G:\Xilinx\14.7\ISE_DS\EDK\hw\XilinxProcessorIPLib\pcores\lmb_v10_v2_00_b\data
   \lmb_v10_v2_1_0.mpd line 82 
INFO:EDK:4130 - IPNAME: lmb_v10, INSTANCE:dlmb - tool is overriding PARAMETER
   C_LMB_NUM_SLAVES value to 1 -
   G:\Xilinx\14.7\ISE_DS\EDK\hw\XilinxProcessorIPLib\pcores\lmb_v10_v2_00_b\data
   \lmb_v10_v2_1_0.mpd line 82 
INFO:EDK:4130 - IPNAME: bram_block, INSTANCE:lmb_bram - tool is overriding
   PARAMETER C_MEMSIZE value to 0x10000 -
   G:\Xilinx\14.7\ISE_DS\EDK\hw\XilinxProcessorIPLib\pcores\bram_block_v1_00_a\d
   ata\bram_block_v2_1_0.mpd line 78 
INFO:EDK:4130 - IPNAME: xps_uartlite, INSTANCE:RS232 - tool is overriding
   PARAMETER C_SPLB_NUM_MASTERS value to 2 -
   G:\Xilinx\14.7\ISE_DS\EDK\hw\XilinxProcessorIPLib\pcores\xps_uartlite_v1_02_a
   \data\xps_uartlite_v2_1_0.mpd line 84 
INFO:EDK:4130 - IPNAME: mdm, INSTANCE:mdm_0 - tool is overriding PARAMETER
   C_SPLB_MID_WIDTH value to 1 -
   G:\Xilinx\14.7\ISE_DS\EDK\hw\XilinxProcessorIPLib\pcores\mdm_v2_10_a\data\mdm
   _v2_1_0.mpd line 118 
INFO:EDK:4130 - IPNAME: mdm, INSTANCE:mdm_0 - tool is overriding PARAMETER
   C_SPLB_NUM_MASTERS value to 2 -
   G:\Xilinx\14.7\ISE_DS\EDK\hw\XilinxProcessorIPLib\pcores\mdm_v2_10_a\data\mdm
   _v2_1_0.mpd line 119 
INFO:EDK:4130 - IPNAME: xps_intc, INSTANCE:xps_intc_0 - tool is overriding
   PARAMETER C_SPLB_NUM_MASTERS value to 2 -
   G:\Xilinx\14.7\ISE_DS\EDK\hw\XilinxProcessorIPLib\pcores\xps_intc_v2_01_a\dat
   a\xps_intc_v2_1_0.mpd line 83 
INFO:EDK:4130 - IPNAME: plb_dac, INSTANCE:plb_dac_0 - tool is overriding
   PARAMETER C_SPLB_DWIDTH value to 32 -
   F:\Programs\Verilog\FPGA_Group\test_br0101\microblaze\pcores\plb_dac_v1_00_a\
   data\plb_dac_v2_1_0.mpd line 27 
INFO:EDK:4130 - IPNAME: plb_dac, INSTANCE:plb_dac_0 - tool is overriding
   PARAMETER C_SPLB_NUM_MASTERS value to 2 -
   F:\Programs\Verilog\FPGA_Group\test_br0101\microblaze\pcores\plb_dac_v1_00_a\
   data\plb_dac_v2_1_0.mpd line 28 
INFO:EDK:4130 - IPNAME: plb_dac, INSTANCE:plb_dac_0 - tool is overriding
   PARAMETER C_SPLB_MID_WIDTH value to 1 -
   F:\Programs\Verilog\FPGA_Group\test_br0101\microblaze\pcores\plb_dac_v1_00_a\
   data\plb_dac_v2_1_0.mpd line 29 

Checking platform address map ...

Modify defaults ...

Creating stub ...

Elaborating instances ...
IPNAME:bram_block INSTANCE:lmb_bram -
F:\Programs\Verilog\FPGA_Group\test_br0101\microblaze\microblaze.mhs line 86 -
elaborating IP

Inserting wrapper level ...

Writing (stub) BMM ...

Writing top-level HDL ...

Total run time: 7.00 seconds
