15:33:51 **** Build of project br0101_sdk_bsp ****
make -k all 
libgen -hw ../microblaze_hw_platform/system.xml\
	       \
	       -pe microblaze_0 \
	       -log libgen.log \
	       system.mss
libgen
Xilinx EDK 14.7 Build EDK_P.20131013
Copyright (c) 1995-2012 Xilinx, Inc.  All rights reserved.

Command Line: libgen -hw ../microblaze_hw_platform/system.xml -pe microblaze_0
-log libgen.log system.mss 


Staging source files.
Running DRCs.
Running generate.
Running post_generate.
Running include - 'make -s include "COMPILER=mb-gcc" "ARCHIVER=mb-ar"
"COMPILER_FLAGS=-mno-xl-soft-mul -mxl-barrel-shift -mxl-pattern-compare
-mcpu=v8.50.c  -O2 -c" "EXTRA_COMPILER_FLAGS=-g -ffunction-sections
-fdata-sections"'.

Running libs - 'make -s libs "COMPILER=mb-gcc" "ARCHIVER=mb-ar"
"COMPILER_FLAGS=-mno-xl-soft-mul -mxl-barrel-shift -mxl-pattern-compare
-mcpu=v8.50.c  -O2 -c" "EXTRA_COMPILER_FLAGS=-g -ffunction-sections
-fdata-sections"'.
Compiling common
Compiling standalone
Compiling bram
Compiling uartlite
Compiling iic
Compiling intc
Compiling cpu
Running execs_generate.
Finished building libraries
15:34:23 **** Build of configuration Debug for project br0101_sdk ****
make all 
Building file: ../src/helloworld.c
Invoking: MicroBlaze gcc compiler
mb-gcc -Wall -O0 -g3 -c -fmessage-length=0 -I../../br0101_sdk_bsp/microblaze_0/include -mxl-barrel-shift -mxl-pattern-compare -mcpu=v8.50.c -mno-xl-soft-mul -Wl,--no-relax -ffunction-sections -fdata-sections -MMD -MP -MF"src/helloworld.d" -MT"src/helloworld.d" -o "src/helloworld.o" "../src/helloworld.c"
Finished building: ../src/helloworld.c
 
Building file: ../src/platform.c
Invoking: MicroBlaze gcc compiler
mb-gcc -Wall -O0 -g3 -c -fmessage-length=0 -I../../br0101_sdk_bsp/microblaze_0/include -mxl-barrel-shift -mxl-pattern-compare -mcpu=v8.50.c -mno-xl-soft-mul -Wl,--no-relax -ffunction-sections -fdata-sections -MMD -MP -MF"src/platform.d" -MT"src/platform.d" -o "src/platform.o" "../src/platform.c"
Finished building: ../src/platform.c
 
Building target: br0101_sdk.elf
Invoking: MicroBlaze gcc linker
mb-gcc -Wl,-T -Wl,../src/lscript.ld -L../../br0101_sdk_bsp/microblaze_0/lib -mxl-barrel-shift -mxl-pattern-compare -mcpu=v8.50.c -mno-xl-soft-mul -Wl,--no-relax -Wl,--gc-sections -o "br0101_sdk.elf"  ./src/helloworld.o ./src/platform.o   -Wl,--start-group,-lxil,-lgcc,-lc,--end-group
Finished building target: br0101_sdk.elf
 
Invoking: MicroBlaze Print Size
mb-size br0101_sdk.elf  |tee "br0101_sdk.elf.size"
   text	   data	    bss	    dec	    hex	filename
   2430	    308	   2084	   4822	   12d6	br0101_sdk.elf
Finished building: br0101_sdk.elf.size
 
Invoking: Xilinx ELF Check
elfcheck br0101_sdk.elf -hw ../../microblaze_hw_platform/system.xml -pe microblaze_0  |tee "br0101_sdk.elf.elfcheck"
elfcheck
Xilinx EDK 14.7 Build EDK_P.20131013
Copyright (c) 1995-2012 Xilinx, Inc.  All rights reserved.

Command Line: elfcheck -hw ../../microblaze_hw_platform/system.xml -pe
microblaze_0 br0101_sdk.elf 

ELF file	: br0101_sdk.elf
elfcheck passed.
Finished building: br0101_sdk.elf.elfcheck
 
15:55:22 **** Auto Build of configuration Debug for project br0101_sdk ****
make all 
Building file: ../src/helloworld.c
Invoking: MicroBlaze gcc compiler
mb-gcc -Wall -O0 -g3 -c -fmessage-length=0 -I../../br0101_sdk_bsp/microblaze_0/include -mxl-barrel-shift -mxl-pattern-compare -mcpu=v8.50.c -mno-xl-soft-mul -Wl,--no-relax -ffunction-sections -fdata-sections -MMD -MP -MF"src/helloworld.d" -MT"src/helloworld.d" -o "src/helloworld.o" "../src/helloworld.c"
../src/helloworld.c: In function 'main':
../src/helloworld.c:41:2: error: unknown type name 'u32'
../src/helloworld.c:43:13: error: 'u32' undeclared (first use in this function)
../src/helloworld.c:43:13: note: each undeclared identifier is reported only once for each function it appears in
../src/helloworld.c:43:17: error: expected expression before ')' token
../src/helloworld.c:44:18: error: expected expression before ')' token
../src/helloworld.c:44:20: error: 'XPAR_XPS_IIC_0_BASEADDR' undeclared (first use in this function)
../src/helloworld.c:41:17: warning: variable 'dac_data' set but not used [-Wunused-but-set-variable]
../src/helloworld.c:41:7: warning: variable 'dac_ctl' set but not used [-Wunused-but-set-variable]
make: *** [src/helloworld.o] ´íÎó 1
15:56:17 **** Auto Build of configuration Debug for project br0101_sdk ****
make all 
Building file: ../src/helloworld.c
Invoking: MicroBlaze gcc compiler
mb-gcc -Wall -O0 -g3 -c -fmessage-length=0 -I../../br0101_sdk_bsp/microblaze_0/include -mxl-barrel-shift -mxl-pattern-compare -mcpu=v8.50.c -mno-xl-soft-mul -Wl,--no-relax -ffunction-sections -fdata-sections -MMD -MP -MF"src/helloworld.d" -MT"src/helloworld.d" -o "src/helloworld.o" "../src/helloworld.c"
../src/helloworld.c: In function 'main':
../src/helloworld.c:43:27: error: 'XPAR_XPS_IIC_0_BASEADDR' undeclared (first use in this function)
../src/helloworld.c:43:27: note: each undeclared identifier is reported only once for each function it appears in
../src/helloworld.c:41:26: warning: variable 'dac_data' set but not used [-Wunused-but-set-variable]
../src/helloworld.c:41:16: warning: variable 'dac_ctl' set but not used [-Wunused-but-set-variable]
make: *** [src/helloworld.o] ´íÎó 1
15:57:27 **** Auto Build of configuration Debug for project br0101_sdk ****
make all 
Building file: ../src/helloworld.c
Invoking: MicroBlaze gcc compiler
mb-gcc -Wall -O0 -g3 -c -fmessage-length=0 -I../../br0101_sdk_bsp/microblaze_0/include -mxl-barrel-shift -mxl-pattern-compare -mcpu=v8.50.c -mno-xl-soft-mul -Wl,--no-relax -ffunction-sections -fdata-sections -MMD -MP -MF"src/helloworld.d" -MT"src/helloworld.d" -o "src/helloworld.o" "../src/helloworld.c"
../src/helloworld.c: In function 'main':
../src/helloworld.c:42:26: warning: variable 'dac_data' set but not used [-Wunused-but-set-variable]
../src/helloworld.c:42:16: warning: variable 'dac_ctl' set but not used [-Wunused-but-set-variable]
Finished building: ../src/helloworld.c
 
Building target: br0101_sdk.elf
Invoking: MicroBlaze gcc linker
mb-gcc -Wl,-T -Wl,../src/lscript.ld -L../../br0101_sdk_bsp/microblaze_0/lib -mxl-barrel-shift -mxl-pattern-compare -mcpu=v8.50.c -mno-xl-soft-mul -Wl,--no-relax -Wl,--gc-sections -o "br0101_sdk.elf"  ./src/helloworld.o ./src/platform.o   -Wl,--start-group,-lxil,-lgcc,-lc,--end-group
Finished building target: br0101_sdk.elf
 
Invoking: MicroBlaze Print Size
mb-size br0101_sdk.elf  |tee "br0101_sdk.elf.size"
   text	   data	    bss	    dec	    hex	filename
   2454	    308	   2084	   4846	   12ee	br0101_sdk.elf
Finished building: br0101_sdk.elf.size
 
Invoking: Xilinx ELF Check
elfcheck br0101_sdk.elf -hw ../../microblaze_hw_platform/system.xml -pe microblaze_0  |tee "br0101_sdk.elf.elfcheck"
elfcheck
Xilinx EDK 14.7 Build EDK_P.20131013
Copyright (c) 1995-2012 Xilinx, Inc.  All rights reserved.

Command Line: elfcheck -hw ../../microblaze_hw_platform/system.xml -pe
microblaze_0 br0101_sdk.elf 

ELF file	: br0101_sdk.elf
elfcheck passed.
Finished building: br0101_sdk.elf.elfcheck
 
15:59:16 **** Auto Build of configuration Debug for project br0101_sdk ****
make all 
Building file: ../src/helloworld.c
Invoking: MicroBlaze gcc compiler
mb-gcc -Wall -O0 -g3 -c -fmessage-length=0 -I../../br0101_sdk_bsp/microblaze_0/include -mxl-barrel-shift -mxl-pattern-compare -mcpu=v8.50.c -mno-xl-soft-mul -Wl,--no-relax -ffunction-sections -fdata-sections -MMD -MP -MF"src/helloworld.d" -MT"src/helloworld.d" -o "src/helloworld.o" "../src/helloworld.c"
../src/helloworld.c: In function 'main':
../src/helloworld.c:51:16: error: invalid suffix "_0001" on integer constant
../src/helloworld.c:52:33: error: expected expression before ';' token
../src/helloworld.c:42:29: warning: variable 'dac_data' set but not used [-Wunused-but-set-variable]
make: *** [src/helloworld.o] ´íÎó 1
15:59:24 **** Auto Build of configuration Debug for project br0101_sdk ****
make all 
Building file: ../src/helloworld.c
Invoking: MicroBlaze gcc compiler
mb-gcc -Wall -O0 -g3 -c -fmessage-length=0 -I../../br0101_sdk_bsp/microblaze_0/include -mxl-barrel-shift -mxl-pattern-compare -mcpu=v8.50.c -mno-xl-soft-mul -Wl,--no-relax -ffunction-sections -fdata-sections -MMD -MP -MF"src/helloworld.d" -MT"src/helloworld.d" -o "src/helloworld.o" "../src/helloworld.c"
../src/helloworld.c: In function 'main':
../src/helloworld.c:52:33: error: expected expression before ';' token
../src/helloworld.c:42:29: warning: variable 'dac_data' set but not used [-Wunused-but-set-variable]
make: *** [src/helloworld.o] ´íÎó 1
15:59:42 **** Auto Build of configuration Debug for project br0101_sdk ****
make all 
Building file: ../src/helloworld.c
Invoking: MicroBlaze gcc compiler
mb-gcc -Wall -O0 -g3 -c -fmessage-length=0 -I../../br0101_sdk_bsp/microblaze_0/include -mxl-barrel-shift -mxl-pattern-compare -mcpu=v8.50.c -mno-xl-soft-mul -Wl,--no-relax -ffunction-sections -fdata-sections -MMD -MP -MF"src/helloworld.d" -MT"src/helloworld.d" -o "src/helloworld.o" "../src/helloworld.c"
../src/helloworld.c: In function 'main':
../src/helloworld.c:42:29: warning: variable 'dac_data' set but not used [-Wunused-but-set-variable]
Finished building: ../src/helloworld.c
 
Building target: br0101_sdk.elf
Invoking: MicroBlaze gcc linker
mb-gcc -Wl,-T -Wl,../src/lscript.ld -L../../br0101_sdk_bsp/microblaze_0/lib -mxl-barrel-shift -mxl-pattern-compare -mcpu=v8.50.c -mno-xl-soft-mul -Wl,--no-relax -Wl,--gc-sections -o "br0101_sdk.elf"  ./src/helloworld.o ./src/platform.o   -Wl,--start-group,-lxil,-lgcc,-lc,--end-group
Finished building target: br0101_sdk.elf
 
Invoking: MicroBlaze Print Size
mb-size br0101_sdk.elf  |tee "br0101_sdk.elf.size"
   text	   data	    bss	    dec	    hex	filename
   2502	    308	   2084	   4894	   131e	br0101_sdk.elf
Finished building: br0101_sdk.elf.size
 
Invoking: Xilinx ELF Check
elfcheck br0101_sdk.elf -hw ../../microblaze_hw_platform/system.xml -pe microblaze_0  |tee "br0101_sdk.elf.elfcheck"
elfcheck
Xilinx EDK 14.7 Build EDK_P.20131013
Copyright (c) 1995-2012 Xilinx, Inc.  All rights reserved.

Command Line: elfcheck -hw ../../microblaze_hw_platform/system.xml -pe
microblaze_0 br0101_sdk.elf 

ELF file	: br0101_sdk.elf
elfcheck passed.
Finished building: br0101_sdk.elf.elfcheck
 
16:00:18 **** Auto Build of configuration Debug for project br0101_sdk ****
make all 
Building file: ../src/helloworld.c
Invoking: MicroBlaze gcc compiler
mb-gcc -Wall -O0 -g3 -c -fmessage-length=0 -I../../br0101_sdk_bsp/microblaze_0/include -mxl-barrel-shift -mxl-pattern-compare -mcpu=v8.50.c -mno-xl-soft-mul -Wl,--no-relax -ffunction-sections -fdata-sections -MMD -MP -MF"src/helloworld.d" -MT"src/helloworld.d" -o "src/helloworld.o" "../src/helloworld.c"
../src/helloworld.c: In function 'main':
../src/helloworld.c:56:6: warning: implicit declaration of function 'nop' [-Wimplicit-function-declaration]
Finished building: ../src/helloworld.c
 
Building target: br0101_sdk.elf
Invoking: MicroBlaze gcc linker
mb-gcc -Wl,-T -Wl,../src/lscript.ld -L../../br0101_sdk_bsp/microblaze_0/lib -mxl-barrel-shift -mxl-pattern-compare -mcpu=v8.50.c -mno-xl-soft-mul -Wl,--no-relax -Wl,--gc-sections -o "br0101_sdk.elf"  ./src/helloworld.o ./src/platform.o   -Wl,--start-group,-lxil,-lgcc,-lc,--end-group
./src/helloworld.o: In function `main':
F:\Programs\Verilog\FPGA_Group\test_br0101\workspace\br0101_sdk\Debug/../src/helloworld.c:56: undefined reference to `nop'
collect2: ld returned 1 exit status
make: *** [br0101_sdk.elf] ´íÎó 1
16:03:01 **** Auto Build of configuration Debug for project br0101_sdk ****
make all 
Building file: ../src/helloworld.c
Invoking: MicroBlaze gcc compiler
mb-gcc -Wall -O0 -g3 -c -fmessage-length=0 -I../../br0101_sdk_bsp/microblaze_0/include -mxl-barrel-shift -mxl-pattern-compare -mcpu=v8.50.c -mno-xl-soft-mul -Wl,--no-relax -ffunction-sections -fdata-sections -MMD -MP -MF"src/helloworld.d" -MT"src/helloworld.d" -o "src/helloworld.o" "../src/helloworld.c"
Finished building: ../src/helloworld.c
 
Building target: br0101_sdk.elf
Invoking: MicroBlaze gcc linker
mb-gcc -Wl,-T -Wl,../src/lscript.ld -L../../br0101_sdk_bsp/microblaze_0/lib -mxl-barrel-shift -mxl-pattern-compare -mcpu=v8.50.c -mno-xl-soft-mul -Wl,--no-relax -Wl,--gc-sections -o "br0101_sdk.elf"  ./src/helloworld.o ./src/platform.o   -Wl,--start-group,-lxil,-lgcc,-lc,--end-group
Finished building target: br0101_sdk.elf
 
Invoking: MicroBlaze Print Size
mb-size br0101_sdk.elf  |tee "br0101_sdk.elf.size"
   text	   data	    bss	    dec	    hex	filename
   2558	    308	   2084	   4950	   1356	br0101_sdk.elf
Finished building: br0101_sdk.elf.size
 
Invoking: Xilinx ELF Check
elfcheck br0101_sdk.elf -hw ../../microblaze_hw_platform/system.xml -pe microblaze_0  |tee "br0101_sdk.elf.elfcheck"
elfcheck
Xilinx EDK 14.7 Build EDK_P.20131013
Copyright (c) 1995-2012 Xilinx, Inc.  All rights reserved.

Command Line: elfcheck -hw ../../microblaze_hw_platform/system.xml -pe
microblaze_0 br0101_sdk.elf 

ELF file	: br0101_sdk.elf
elfcheck passed.
Finished building: br0101_sdk.elf.elfcheck
 
14:32:54 **** Clean-only build of configuration Debug for project br0101_sdk ****
make clean 
rm -rf  ./src/helloworld.o ./src/platform.o  ./src/helloworld.d ./src/platform.d  br0101_sdk.elf.size  br0101_sdk.elf.elfcheck  br0101_sdk.elf
 
14:32:56 **** Auto Build of configuration Debug for project br0101_sdk ****
make all 
Building file: ../src/helloworld.c
Invoking: MicroBlaze gcc compiler
mb-gcc -Wall -O0 -g3 -c -fmessage-length=0 -I../../br0101_sdk_bsp/microblaze_0/include -mxl-barrel-shift -mxl-pattern-compare -mcpu=v8.50.c -mno-xl-soft-mul -Wl,--no-relax -ffunction-sections -fdata-sections -MMD -MP -MF"src/helloworld.d" -MT"src/helloworld.d" -o "src/helloworld.o" "../src/helloworld.c"
Finished building: ../src/helloworld.c
 
Building file: ../src/platform.c
Invoking: MicroBlaze gcc compiler
mb-gcc -Wall -O0 -g3 -c -fmessage-length=0 -I../../br0101_sdk_bsp/microblaze_0/include -mxl-barrel-shift -mxl-pattern-compare -mcpu=v8.50.c -mno-xl-soft-mul -Wl,--no-relax -ffunction-sections -fdata-sections -MMD -MP -MF"src/platform.d" -MT"src/platform.d" -o "src/platform.o" "../src/platform.c"
Finished building: ../src/platform.c
 
Building target: br0101_sdk.elf
Invoking: MicroBlaze gcc linker
mb-gcc -Wl,-T -Wl,../src/lscript.ld -L../../br0101_sdk_bsp/microblaze_0/lib -mxl-barrel-shift -mxl-pattern-compare -mcpu=v8.50.c -mno-xl-soft-mul -Wl,--no-relax -Wl,--gc-sections -o "br0101_sdk.elf"  ./src/helloworld.o ./src/platform.o   -Wl,--start-group,-lxil,-lgcc,-lc,--end-group
Finished building target: br0101_sdk.elf
 
Invoking: MicroBlaze Print Size
mb-size br0101_sdk.elf  |tee "br0101_sdk.elf.size"
   text	   data	    bss	    dec	    hex	filename
   2558	    308	   2084	   4950	   1356	br0101_sdk.elf
Finished building: br0101_sdk.elf.size
 
Invoking: Xilinx ELF Check
elfcheck br0101_sdk.elf -hw ../../microblaze_hw_platform/system.xml -pe microblaze_0  |tee "br0101_sdk.elf.elfcheck"
elfcheck
Xilinx EDK 14.7 Build EDK_P.20131013
Copyright (c) 1995-2012 Xilinx, Inc.  All rights reserved.

Command Line: elfcheck -hw ../../microblaze_hw_platform/system.xml -pe
microblaze_0 br0101_sdk.elf 

ELF file	: br0101_sdk.elf
elfcheck passed.
Finished building: br0101_sdk.elf.elfcheck
 
18:30:37 **** Auto Build of project br0101_sdk_bsp ****
make -k all 
Finished building libraries
18:34:09 **** Auto Build of configuration Debug for project br0101_sdk ****
make all 
Building file: ../src/helloworld.c
Invoking: MicroBlaze gcc compiler
mb-gcc -Wall -O0 -g3 -c -fmessage-length=0 -I../../br0101_sdk_bsp/microblaze_0/include -mxl-barrel-shift -mxl-pattern-compare -mcpu=v8.50.c -mno-xl-soft-mul -Wl,--no-relax -ffunction-sections -fdata-sections -MMD -MP -MF"src/helloworld.d" -MT"src/helloworld.d" -o "src/helloworld.o" "../src/helloworld.c"
Finished building: ../src/helloworld.c
 
Building target: br0101_sdk.elf
Invoking: MicroBlaze gcc linker
mb-gcc -Wl,-T -Wl,../src/lscript.ld -L../../br0101_sdk_bsp/microblaze_0/lib -mxl-barrel-shift -mxl-pattern-compare -mcpu=v8.50.c -mno-xl-soft-mul -Wl,--no-relax -Wl,--gc-sections -o "br0101_sdk.elf"  ./src/helloworld.o ./src/platform.o   -Wl,--start-group,-lxil,-lgcc,-lc,--end-group
Finished building target: br0101_sdk.elf
 
Invoking: MicroBlaze Print Size
mb-size br0101_sdk.elf  |tee "br0101_sdk.elf.size"
   text	   data	    bss	    dec	    hex	filename
   2530	    308	   2090	   4928	   1340	br0101_sdk.elf
Finished building: br0101_sdk.elf.size
 
Invoking: Xilinx ELF Check
elfcheck br0101_sdk.elf -hw ../../microblaze_hw_platform/system.xml -pe microblaze_0  |tee "br0101_sdk.elf.elfcheck"
elfcheck
Xilinx EDK 14.7 Build EDK_P.20131013
Copyright (c) 1995-2012 Xilinx, Inc.  All rights reserved.

Command Line: elfcheck -hw ../../microblaze_hw_platform/system.xml -pe
microblaze_0 br0101_sdk.elf 

ELF file	: br0101_sdk.elf
elfcheck passed.
Finished building: br0101_sdk.elf.elfcheck
 
16:31:19 **** Auto Build of project br0101_sdk_bsp ****
make -k all 
Finished building libraries
18:54:13 **** Auto Build of project br0101_sdk_bsp ****
make -k all 
libgen -hw ../microblaze_hw_platform/system.xml\
	       \
	       -pe microblaze_0 \
	       -log libgen.log \
	       system.mss
libgen
Xilinx EDK 14.7 Build EDK_P.20131013
Copyright (c) 1995-2012 Xilinx, Inc.  All rights reserved.

Command Line: libgen -hw ../microblaze_hw_platform/system.xml -pe microblaze_0
-log libgen.log system.mss 


Staging source files.
Running DRCs.
Running generate.
Running post_generate.
Running include - 'make -s include "COMPILER=mb-gcc" "ARCHIVER=mb-ar"
"COMPILER_FLAGS=-mno-xl-soft-mul -mxl-barrel-shift -mxl-pattern-compare
-mcpu=v8.50.c  -O2 -c" "EXTRA_COMPILER_FLAGS=-g -ffunction-sections
-fdata-sections"'.

Running libs - 'make -s libs "COMPILER=mb-gcc" "ARCHIVER=mb-ar"
"COMPILER_FLAGS=-mno-xl-soft-mul -mxl-barrel-shift -mxl-pattern-compare
-mcpu=v8.50.c  -O2 -c" "EXTRA_COMPILER_FLAGS=-g -ffunction-sections
-fdata-sections"'.
Compiling common
Compiling standalone
Compiling bram
Compiling uartlite
Compiling iic
Compiling intc
Compiling cpu
Running execs_generate.
Finished building libraries
18:54:46 **** Auto Build of configuration Debug for project br0101_sdk ****
make all 
make: Nothing to be done for `all'.
18:54:52 **** Clean-only build of project br0101_sdk_bsp ****
make -k clean 
rm -rf microblaze_0
18:54:53 **** Clean-only build of configuration Debug for project br0101_sdk ****
make clean 
rm -rf  ./src/helloworld.o ./src/platform.o  ./src/helloworld.d ./src/platform.d  br0101_sdk.elf.size  br0101_sdk.elf.elfcheck  br0101_sdk.elf
 
18:54:53 **** Build of project br0101_sdk_bsp ****
make -k all 
libgen -hw ../microblaze_hw_platform/system.xml\
	       \
	       -pe microblaze_0 \
	       -log libgen.log \
	       system.mss
libgen
Xilinx EDK 14.7 Build EDK_P.20131013
Copyright (c) 1995-2012 Xilinx, Inc.  All rights reserved.

Command Line: libgen -hw ../microblaze_hw_platform/system.xml -pe microblaze_0
-log libgen.log system.mss 


Staging source files.
Running DRCs.
Running generate.
Running post_generate.
Running include - 'make -s include "COMPILER=mb-gcc" "ARCHIVER=mb-ar"
"COMPILER_FLAGS=-mno-xl-soft-mul -mxl-barrel-shift -mxl-pattern-compare
-mcpu=v8.50.c  -O2 -c" "EXTRA_COMPILER_FLAGS=-g -ffunction-sections
-fdata-sections"'.

Running libs - 'make -s libs "COMPILER=mb-gcc" "ARCHIVER=mb-ar"
"COMPILER_FLAGS=-mno-xl-soft-mul -mxl-barrel-shift -mxl-pattern-compare
-mcpu=v8.50.c  -O2 -c" "EXTRA_COMPILER_FLAGS=-g -ffunction-sections
-fdata-sections"'.
Compiling common
Compiling standalone
Compiling bram
Compiling uartlite
Compiling iic
Compiling intc
Compiling cpu
Running execs_generate.
Finished building libraries
18:55:08 **** Build of configuration Debug for project br0101_sdk ****
make all 
Building file: ../src/helloworld.c
Invoking: MicroBlaze gcc compiler
mb-gcc -Wall -O0 -g3 -c -fmessage-length=0 -I../../br0101_sdk_bsp/microblaze_0/include -mxl-barrel-shift -mxl-pattern-compare -mcpu=v8.50.c -mno-xl-soft-mul -Wl,--no-relax -ffunction-sections -fdata-sections -MMD -MP -MF"src/helloworld.d" -MT"src/helloworld.d" -o "src/helloworld.o" "../src/helloworld.c"
Finished building: ../src/helloworld.c
 
Building file: ../src/platform.c
Invoking: MicroBlaze gcc compiler
mb-gcc -Wall -O0 -g3 -c -fmessage-length=0 -I../../br0101_sdk_bsp/microblaze_0/include -mxl-barrel-shift -mxl-pattern-compare -mcpu=v8.50.c -mno-xl-soft-mul -Wl,--no-relax -ffunction-sections -fdata-sections -MMD -MP -MF"src/platform.d" -MT"src/platform.d" -o "src/platform.o" "../src/platform.c"
Finished building: ../src/platform.c
 
Building target: br0101_sdk.elf
Invoking: MicroBlaze gcc linker
mb-gcc -Wl,-T -Wl,../src/lscript.ld -L../../br0101_sdk_bsp/microblaze_0/lib -mxl-barrel-shift -mxl-pattern-compare -mcpu=v8.50.c -mno-xl-soft-mul -Wl,--no-relax -Wl,--gc-sections -o "br0101_sdk.elf"  ./src/helloworld.o ./src/platform.o   -Wl,--start-group,-lxil,-lgcc,-lc,--end-group
Finished building target: br0101_sdk.elf
 
Invoking: MicroBlaze Print Size
mb-size br0101_sdk.elf  |tee "br0101_sdk.elf.size"
   text	   data	    bss	    dec	    hex	filename
   2530	    308	   2090	   4928	   1340	br0101_sdk.elf
Finished building: br0101_sdk.elf.size
 
Invoking: Xilinx ELF Check
elfcheck br0101_sdk.elf -hw ../../microblaze_hw_platform/system.xml -pe microblaze_0  |tee "br0101_sdk.elf.elfcheck"
elfcheck
Xilinx EDK 14.7 Build EDK_P.20131013
Copyright (c) 1995-2012 Xilinx, Inc.  All rights reserved.

Command Line: elfcheck -hw ../../microblaze_hw_platform/system.xml -pe
microblaze_0 br0101_sdk.elf 

ELF file	: br0101_sdk.elf
elfcheck passed.
Finished building: br0101_sdk.elf.elfcheck
 
19:01:07 **** Auto Build of configuration Debug for project br0101_sdk ****
make all 
Building file: ../src/helloworld.c
Invoking: MicroBlaze gcc compiler
mb-gcc -Wall -O0 -g3 -c -fmessage-length=0 -I../../br0101_sdk_bsp/microblaze_0/include -mxl-barrel-shift -mxl-pattern-compare -mcpu=v8.50.c -mno-xl-soft-mul -Wl,--no-relax -ffunction-sections -fdata-sections -MMD -MP -MF"src/helloworld.d" -MT"src/helloworld.d" -o "src/helloworld.o" "../src/helloworld.c"
Finished building: ../src/helloworld.c
 
Building target: br0101_sdk.elf
Invoking: MicroBlaze gcc linker
mb-gcc -Wl,-T -Wl,../src/lscript.ld -L../../br0101_sdk_bsp/microblaze_0/lib -mxl-barrel-shift -mxl-pattern-compare -mcpu=v8.50.c -mno-xl-soft-mul -Wl,--no-relax -Wl,--gc-sections -o "br0101_sdk.elf"  ./src/helloworld.o ./src/platform.o   -Wl,--start-group,-lxil,-lgcc,-lc,--end-group
Finished building target: br0101_sdk.elf
 
Invoking: MicroBlaze Print Size
mb-size br0101_sdk.elf  |tee "br0101_sdk.elf.size"
   text	   data	    bss	    dec	    hex	filename
   2530	    308	   2090	   4928	   1340	br0101_sdk.elf
Finished building: br0101_sdk.elf.size
 
Invoking: Xilinx ELF Check
elfcheck br0101_sdk.elf -hw ../../microblaze_hw_platform/system.xml -pe microblaze_0  |tee "br0101_sdk.elf.elfcheck"
elfcheck
Xilinx EDK 14.7 Build EDK_P.20131013
Copyright (c) 1995-2012 Xilinx, Inc.  All rights reserved.

Command Line: elfcheck -hw ../../microblaze_hw_platform/system.xml -pe
microblaze_0 br0101_sdk.elf 

ELF file	: br0101_sdk.elf
elfcheck passed.
Finished building: br0101_sdk.elf.elfcheck
 
19:36:15 **** Auto Build of configuration Debug for project br0101_sdk ****
make all 
Building file: ../src/helloworld.c
Invoking: MicroBlaze gcc compiler
mb-gcc -Wall -O0 -g3 -c -fmessage-length=0 -I../../br0101_sdk_bsp/microblaze_0/include -mxl-barrel-shift -mxl-pattern-compare -mcpu=v8.50.c -mno-xl-soft-mul -Wl,--no-relax -ffunction-sections -fdata-sections -MMD -MP -MF"src/helloworld.d" -MT"src/helloworld.d" -o "src/helloworld.o" "../src/helloworld.c"
../src/helloworld.c: In function 'main':
../src/helloworld.c:46:2: error: unknown type name 'u32'
../src/helloworld.c:47:2: error: expected '=', ',', ';', 'asm' or '__attribute__' before 'volatile'
../src/helloworld.c:49:2: error: 'dac_ctl' undeclared (first use in this function)
../src/helloworld.c:49:2: note: each undeclared identifier is reported only once for each function it appears in
../src/helloworld.c:49:2: error: unknown type name 'u32'
../src/helloworld.c:50:2: error: 'dac_data' undeclared (first use in this function)
../src/helloworld.c:50:2: error: unknown type name 'u32'
../src/helloworld.c:60:11: error: 'delay_cnt' undeclared (first use in this function)
make: *** [src/helloworld.o] ´íÎó 1
19:37:28 **** Auto Build of configuration Debug for project br0101_sdk ****
make all 
Building file: ../src/helloworld.c
Invoking: MicroBlaze gcc compiler
mb-gcc -Wall -O0 -g3 -c -fmessage-length=0 -I../../br0101_sdk_bsp/microblaze_0/include -mxl-barrel-shift -mxl-pattern-compare -mcpu=v8.50.c -mno-xl-soft-mul -Wl,--no-relax -ffunction-sections -fdata-sections -MMD -MP -MF"src/helloworld.d" -MT"src/helloworld.d" -o "src/helloworld.o" "../src/helloworld.c"
../src/helloworld.c:37:25: fatal error: xbasic_type.h: No such file or directory
compilation terminated.
make: *** [src/helloworld.o] ´íÎó 1
19:37:51 **** Auto Build of configuration Debug for project br0101_sdk ****
make all 
Building file: ../src/helloworld.c
Invoking: MicroBlaze gcc compiler
mb-gcc -Wall -O0 -g3 -c -fmessage-length=0 -I../../br0101_sdk_bsp/microblaze_0/include -mxl-barrel-shift -mxl-pattern-compare -mcpu=v8.50.c -mno-xl-soft-mul -Wl,--no-relax -ffunction-sections -fdata-sections -MMD -MP -MF"src/helloworld.d" -MT"src/helloworld.d" -o "src/helloworld.o" "../src/helloworld.c"
../src/helloworld.c: In function 'main':
../src/helloworld.c:48:2: error: expected '=', ',', ';', 'asm' or '__attribute__' before 'volatile'
../src/helloworld.c:50:2: error: 'dac_ctl' undeclared (first use in this function)
../src/helloworld.c:50:2: note: each undeclared identifier is reported only once for each function it appears in
../src/helloworld.c:51:2: error: 'dac_data' undeclared (first use in this function)
../src/helloworld.c:61:11: error: 'delay_cnt' undeclared (first use in this function)
make: *** [src/helloworld.o] ´íÎó 1
19:43:54 **** Auto Build of configuration Debug for project br0101_sdk ****
make all 
Building file: ../src/helloworld.c
Invoking: MicroBlaze gcc compiler
mb-gcc -Wall -O0 -g3 -c -fmessage-length=0 -I../../br0101_sdk_bsp/microblaze_0/include -mxl-barrel-shift -mxl-pattern-compare -mcpu=v8.50.c -mno-xl-soft-mul -Wl,--no-relax -ffunction-sections -fdata-sections -MMD -MP -MF"src/helloworld.d" -MT"src/helloworld.d" -o "src/helloworld.o" "../src/helloworld.c"
../src/helloworld.c:38:20: fatal error: xli_io.h: No such file or directory
compilation terminated.
make: *** [src/helloworld.o] ´íÎó 1
19:44:10 **** Auto Build of configuration Debug for project br0101_sdk ****
make all 
Building file: ../src/helloworld.c
Invoking: MicroBlaze gcc compiler
mb-gcc -Wall -O0 -g3 -c -fmessage-length=0 -I../../br0101_sdk_bsp/microblaze_0/include -mxl-barrel-shift -mxl-pattern-compare -mcpu=v8.50.c -mno-xl-soft-mul -Wl,--no-relax -ffunction-sections -fdata-sections -MMD -MP -MF"src/helloworld.d" -MT"src/helloworld.d" -o "src/helloworld.o" "../src/helloworld.c"
../src/helloworld.c: In function 'main':
../src/helloworld.c:56:2: error: expected declaration specifiers or '...' before '*' token
../src/helloworld.c:64:11: error: 'delay_cnt' undeclared (first use in this function)
../src/helloworld.c:64:11: note: each undeclared identifier is reported only once for each function it appears in
make: *** [src/helloworld.o] ´íÎó 1
19:45:04 **** Auto Build of configuration Debug for project br0101_sdk ****
make all 
Building file: ../src/helloworld.c
Invoking: MicroBlaze gcc compiler
mb-gcc -Wall -O0 -g3 -c -fmessage-length=0 -I../../br0101_sdk_bsp/microblaze_0/include -mxl-barrel-shift -mxl-pattern-compare -mcpu=v8.50.c -mno-xl-soft-mul -Wl,--no-relax -ffunction-sections -fdata-sections -MMD -MP -MF"src/helloworld.d" -MT"src/helloworld.d" -o "src/helloworld.o" "../src/helloworld.c"
Finished building: ../src/helloworld.c
 
Building target: br0101_sdk.elf
Invoking: MicroBlaze gcc linker
mb-gcc -Wl,-T -Wl,../src/lscript.ld -L../../br0101_sdk_bsp/microblaze_0/lib -mxl-barrel-shift -mxl-pattern-compare -mcpu=v8.50.c -mno-xl-soft-mul -Wl,--no-relax -Wl,--gc-sections -o "br0101_sdk.elf"  ./src/helloworld.o ./src/platform.o   -Wl,--start-group,-lxil,-lgcc,-lc,--end-group
Finished building target: br0101_sdk.elf
 
Invoking: MicroBlaze Print Size
mb-size br0101_sdk.elf  |tee "br0101_sdk.elf.size"
   text	   data	    bss	    dec	    hex	filename
   2518	    308	   2084	   4910	   132e	br0101_sdk.elf
Finished building: br0101_sdk.elf.size
 
Invoking: Xilinx ELF Check
elfcheck br0101_sdk.elf -hw ../../microblaze_hw_platform/system.xml -pe microblaze_0  |tee "br0101_sdk.elf.elfcheck"
elfcheck
Xilinx EDK 14.7 Build EDK_P.20131013
Copyright (c) 1995-2012 Xilinx, Inc.  All rights reserved.

Command Line: elfcheck -hw ../../microblaze_hw_platform/system.xml -pe
microblaze_0 br0101_sdk.elf 

ELF file	: br0101_sdk.elf
elfcheck passed.
Finished building: br0101_sdk.elf.elfcheck
 
