
----------------------------------------------------------------------------
--                            Design Analysis                             --
----------------------------------------------------------------------------
Analyze pcore plb_dac ...


----------------------------------------------------------------------------
--                            Design Analysis                             --
----------------------------------------------------------------------------
Analyze pcore plb_dac ...


----------------------------------------------------------------------------
--                            Design Analysis                             --
----------------------------------------------------------------------------
Analyze pcore plb_dac ...


----------------------------------------------------------------------------
--                            Design Analysis                             --
----------------------------------------------------------------------------
Analyze pcore plb_dac ...


----------------------------------------------------------------------------
--                            Design Analysis                             --
----------------------------------------------------------------------------
Analyze pcore plb_dac ...


----------------------------------------------------------------------------
--                            File Generation                             --
----------------------------------------------------------------------------
Creating HDL source directory ...
Generating top peripheral VHDL template ...
Generating stub user logic Verilog template ...
HDL templates successfully generated ...
Creating data directory ...
Generating XPS inteface files ...
WARNING:HDLParsers:3497 - Ignoring Verilog File
   "F:/Programs/Verilog/FPGA_Group/test_br0101/microblaze/pcores/plb_dac_v3_00_a
   /data/../hdl/verilog/user_logic.v"
Compiling vhdl file
"G:/Xilinx/14.7/ISE_DS/EDK/hw/XilinxProcessorIPLib/pcores/proc_common_v3_00_a/hd
l/vhdl/proc_common_pkg.vhd" in Library proc_common_v3_00_a.
Package <proc_common_pkg> compiled.
Package body <proc_common_pkg> compiled.
Compiling vhdl file
"G:/Xilinx/14.7/ISE_DS/EDK/hw/XilinxProcessorIPLib/pcores/proc_common_v3_00_a/hd
l/vhdl/or_muxcy.vhd" in Library proc_common_v3_00_a.
Entity <or_muxcy> compiled.
Entity <or_muxcy> (Architecture <implementation>) compiled.
Compiling vhdl file
"G:/Xilinx/14.7/ISE_DS/EDK/hw/XilinxProcessorIPLib/pcores/proc_common_v3_00_a/hd
l/vhdl/family_support.vhd" in Library proc_common_v3_00_a.
Package <family_support> compiled.
Package body <family_support> compiled.
Compiling vhdl file
"G:/Xilinx/14.7/ISE_DS/EDK/hw/XilinxProcessorIPLib/pcores/proc_common_v3_00_a/hd
l/vhdl/counter_f.vhd" in Library proc_common_v3_00_a.
Entity <counter_f> compiled.
Entity <counter_f> (Architecture <imp>) compiled.
Compiling vhdl file
"G:/Xilinx/14.7/ISE_DS/EDK/hw/XilinxProcessorIPLib/pcores/proc_common_v3_00_a/hd
l/vhdl/soft_reset.vhd" in Library proc_common_v3_00_a.
Entity <soft_reset> compiled.
Entity <soft_reset> (Architecture <implementation>) compiled.
Compiling vhdl file
"G:/Xilinx/14.7/ISE_DS/EDK/hw/XilinxProcessorIPLib/pcores/proc_common_v3_00_a/hd
l/vhdl/pselect_f.vhd" in Library proc_common_v3_00_a.
Entity <pselect_f> compiled.
Entity <pselect_f> (Architecture <imp>) compiled.
Compiling vhdl file
"G:/Xilinx/14.7/ISE_DS/EDK/hw/XilinxProcessorIPLib/pcores/proc_common_v3_00_a/hd
l/vhdl/or_gate128.vhd" in Library proc_common_v3_00_a.
Entity <or_gate128> compiled.
Entity <or_gate128> (Architecture <imp>) compiled.
Compiling vhdl file
"G:/Xilinx/14.7/ISE_DS/EDK/hw/XilinxProcessorIPLib/pcores/proc_common_v3_00_a/hd
l/vhdl/ipif_pkg.vhd" in Library proc_common_v3_00_a.
Package <ipif_pkg> compiled.
Package body <ipif_pkg> compiled.
Compiling vhdl file
"G:/Xilinx/14.7/ISE_DS/EDK/hw/XilinxProcessorIPLib/pcores/plbv46_slave_single_v1
_01_a/hdl/vhdl/plb_address_decoder.vhd" in Library plbv46_slave_single_v1_01_a.
Entity <plb_address_decoder> compiled.
Entity <plb_address_decoder> (Architecture <IMP>) compiled.
Compiling vhdl file
"G:/Xilinx/14.7/ISE_DS/EDK/hw/XilinxProcessorIPLib/pcores/plbv46_slave_single_v1
_01_a/hdl/vhdl/plb_slave_attachment.vhd" in Library plbv46_slave_single_v1_01_a.
Entity <plb_slave_attachment> compiled.
Entity <plb_slave_attachment> (Architecture <implementation>) compiled.
Compiling vhdl file
"G:/Xilinx/14.7/ISE_DS/EDK/hw/XilinxProcessorIPLib/pcores/plbv46_slave_single_v1
_01_a/hdl/vhdl/plbv46_slave_single.vhd" in Library plbv46_slave_single_v1_01_a.
Entity <plbv46_slave_single> compiled.
Entity <plbv46_slave_single> (Architecture <implementation>) compiled.
Compiling vhdl file
"F:/Programs/Verilog/FPGA_Group/test_br0101/microblaze/pcores/plb_dac_v3_00_a/da
ta/../hdl/vhdl/plb_dac.vhd" in Library plb_dac_v3_00_a.
Entity <plb_dac> compiled.
Entity <plb_dac> (Architecture <IMP>) compiled.


Analyzing HDL attributes ...
Entity name = plb_dac
INFO:EDK:1607 - IPTYPE set to value : PERIPHERAL
INFO:EDK:1511 - IMP_NETLIST set to value : TRUE
INFO:EDK:1486 - HDL set to value : VHDL
WARNING:EDK:3588 - Unable to delete temporary XST project file
   F:\Programs\Verilog\FPGA_Group\test_br0101\microblaze\pcores\plb_dac_v3_00_a\
   data\_plb_dac_xst.prj : 13
XPS interface files successfully generated ...
Creating development directory ...
Generating command option file ...
Generating readme file ...
Development misc files successfully generated ...
Creating projnav directory ...
Generating ProjNav support files ...
ProjNav support files successfully generated ...
Creating synthesis directory ...
Generating XST synthesis support files ...
XST synthesis support files successfully generated ...
No BFM simulation files will be generated at this time ...
Creating software driver data directory ...
Generating software driver XPS interface (mdd/tcl) files ...
Software driver data definition file (.mdd) successfully generated ...
Software driver data generation file (.tcl) successfully generated ...
Creating software driver src directory ...
Generating software driver template files ...
Software driver compile file (Makefile) successfully generated ...
output user slave register(s) offset to software driver header ...
output software reset offset to software driver header ...
Software driver header file (.h) successfully generated ...
Software driver source file (.c) successfully generated ...
Software driver SelfTest file (.c) successfully generated ...
Software driver template files successfully generated ...

----------------------------------------------------------------------------
--                              Final Report                              --
----------------------------------------------------------------------------
Thank you for using Create and Import Peripheral Wizard! Please find your
peripheral hardware templates under
F:\Programs\Verilog\FPGA_Group\test_br0101\microblaze/pcores/plb_dac_v3_00_a and
peripheral software templates under
F:\Programs\Verilog\FPGA_Group\test_br0101\microblaze/drivers/plb_dac_v3_00_a
respectively.

Peripheral Summary:

  top name       : plb_dac
  version        : 3.00.a
  type           : PLB (v4.6) slave
  features       : slave attachment
                   soft reset
                   user s/w registers
                   user memory spaces

Address Block Summary:

  user logic slv : C_BASEADDR + 0x00000000
                 : C_BASEADDR + 0x000000FF
  soft reset     : C_BASEADDR + 0x00000100
                 : C_BASEADDR + 0x000001FF
  user memory 0  : C_MEM0_BASEADDR
                 : C_MEM0_HIGHADDR

File Summary

  - HDL source -
F:\Programs\Verilog\FPGA_Group\test_br0101\microblaze/pcores/plb_dac_v3_00_a/hdl
  top entity     : vhdl/plb_dac.vhd
  user logic     : verilog/user_logic.v

  - XPS interface -
F:\Programs\Verilog\FPGA_Group\test_br0101\microblaze/pcores/plb_dac_v3_00_a/dat
a
  mpd            : plb_dac_v2_1_0.mpd
  pao            : plb_dac_v2_1_0.pao

  - ISE project -
F:\Programs\Verilog\FPGA_Group\test_br0101\microblaze/pcores/plb_dac_v3_00_a/dev
l/projnav
  ise project    : plb_dac.xise
  tcl script     : plb_dac.tcl


  - XST synthesis -
F:\Programs\Verilog\FPGA_Group\test_br0101\microblaze/pcores/plb_dac_v3_00_a/dev
l/synthesis
  xst script     : plb_dac_xst.scr
  xst project    : plb_dac_xst.prj

  - Misc file -
F:\Programs\Verilog\FPGA_Group\test_br0101\microblaze/pcores/plb_dac_v3_00_a/dev
l
  help           : README.txt
  option         : ipwiz.opt
  log            : ipwiz.log

  - Driver source -
F:\Programs\Verilog\FPGA_Group\test_br0101\microblaze/drivers/plb_dac_v3_00_a/sr
c
  makefile       : Makefile
  header         : plb_dac.h
  source         : plb_dac.c
  selftest       : plb_dac_selftest.c

  - Driver interface -
F:\Programs\Verilog\FPGA_Group\test_br0101\microblaze/drivers/plb_dac_v3_00_a/da
ta
  mdd            : plb_dac_v2_1_0.mdd
  tcl            : plb_dac_v2_1_0.tcl


