WARNING:Xst:37 - Detected unknown constraint/property "SIGIS". This constraint/property is not supported by the current software release and will be ignored.
WARNING:Xst:37 - Detected unknown constraint/property "SIGIS". This constraint/property is not supported by the current software release and will be ignored.
WARNING:Xst:753 - "F:/Programs/Verilog/FPGA_Group/test_br0101/microblaze/pcores/plb_dac_v1_00_a/hdl/vhdl/plb_dac.vhd" line 448: Unconnected output port 'Reset2Bus_ToutSup' of component 'soft_reset'.
WARNING:Xst:753 - "G:/Xilinx/14.7/ISE_DS/EDK/hw/XilinxProcessorIPLib/pcores/plbv46_slave_single_v1_01_a/hdl/vhdl/plb_slave_attachment.vhd" line 1201: Unconnected output port 'Count_Out' of component 'counter_f'.
WARNING:Xst:1872 - Variable <bit_index> is used but never assigned.
WARNING:Xst:647 - Input <Bus2IP_Data<0:27>> is never used. This port will be preserved and left unconnected if it belongs to a top-level block or it belongs to a sub-block and the hierarchy of this sub-block is preserved.
WARNING:Xst:647 - Input <Bus2IP_BE<0:2>> is never used. This port will be preserved and left unconnected if it belongs to a top-level block or it belongs to a sub-block and the hierarchy of this sub-block is preserved.
WARNING:Xst:1780 - Signal <error_reply> is never used or assigned. This unconnected signal will be trimmed during the optimization process.
WARNING:Xst:1780 - Signal <test> is never used or assigned. This unconnected signal will be trimmed during the optimization process.
WARNING:Xst:647 - Input <Bus_RNW_Erly> is never used. This port will be preserved and left unconnected if it belongs to a top-level block or it belongs to a sub-block and the hierarchy of this sub-block is preserved.
WARNING:Xst:647 - Input <Address_In_Erly> is never used. This port will be preserved and left unconnected if it belongs to a top-level block or it belongs to a sub-block and the hierarchy of this sub-block is preserved.
WARNING:Xst:647 - Input <Address_Valid_Erly> is never used. This port will be preserved and left unconnected if it belongs to a top-level block or it belongs to a sub-block and the hierarchy of this sub-block is preserved.
WARNING:Xst:646 - Signal <cs_s_h_clr> is assigned but never used. This unconnected signal will be trimmed during the optimization process.
WARNING:Xst:1780 - Signal <cs_out_s_h0<0>> is never used or assigned. This unconnected signal will be trimmed during the optimization process.
WARNING:Xst:1780 - Signal <cs_out_s_h<1>> is never used or assigned. This unconnected signal will be trimmed during the optimization process.
WARNING:Xst:646 - Signal <cs_ce_clr> is assigned but never used. This unconnected signal will be trimmed during the optimization process.
WARNING:Xst:646 - Signal <addr_out_s_h<1:2>> is assigned but never used. This unconnected signal will be trimmed during the optimization process.
WARNING:Xst:646 - Signal <addr_match_clr> is assigned but never used. This unconnected signal will be trimmed during the optimization process.
WARNING:Xst:647 - Input <PLB_UABus> is never used. This port will be preserved and left unconnected if it belongs to a top-level block or it belongs to a sub-block and the hierarchy of this sub-block is preserved.
WARNING:Xst:1780 - Signal <valid_plb_type> is never used or assigned. This unconnected signal will be trimmed during the optimization process.
WARNING:Xst:1780 - Signal <valid_plb_size> is never used or assigned. This unconnected signal will be trimmed during the optimization process.
WARNING:Xst:646 - Signal <start_data_phase> is assigned but never used. This unconnected signal will be trimmed during the optimization process.
WARNING:Xst:1780 - Signal <sl_wrdack_ns> is never used or assigned. This unconnected signal will be trimmed during the optimization process.
WARNING:Xst:1780 - Signal <sl_wrcomp_ns> is never used or assigned. This unconnected signal will be trimmed during the optimization process.
WARNING:Xst:1780 - Signal <sl_wait_ns> is never used or assigned. This unconnected signal will be trimmed during the optimization process.
WARNING:Xst:1780 - Signal <sl_rddack_ns> is never used or assigned. This unconnected signal will be trimmed during the optimization process.
WARNING:Xst:1780 - Signal <sl_rdcomp_ns> is never used or assigned. This unconnected signal will be trimmed during the optimization process.
WARNING:Xst:1780 - Signal <sl_data_ack> is never used or assigned. This unconnected signal will be trimmed during the optimization process.
WARNING:Xst:1780 - Signal <set_sl_busy_ns> is never used or assigned. This unconnected signal will be trimmed during the optimization process.
WARNING:Xst:1780 - Signal <rd_ce_ld_enable> is never used or assigned. This unconnected signal will be trimmed during the optimization process.
WARNING:Xst:1780 - Signal <clear_sl_rd_busy_ns> is never used or assigned. This unconnected signal will be trimmed during the optimization process.
WARNING:Xst:1780 - Signal <clear_sl_rd_busy> is never used or assigned. This unconnected signal will be trimmed during the optimization process.
WARNING:Xst:1780 - Signal <clear_sl_busy_ns> is never used or assigned. This unconnected signal will be trimmed during the optimization process.
WARNING:Xst:1780 - Signal <clear_rd_ce> is never used or assigned. This unconnected signal will be trimmed during the optimization process.
WARNING:Xst:647 - Input <PLB_wrPrim> is never used. This port will be preserved and left unconnected if it belongs to a top-level block or it belongs to a sub-block and the hierarchy of this sub-block is preserved.
WARNING:Xst:647 - Input <PLB_MSize> is never used. This port will be preserved and left unconnected if it belongs to a top-level block or it belongs to a sub-block and the hierarchy of this sub-block is preserved.
WARNING:Xst:647 - Input <PLB_rdBurst> is never used. This port will be preserved and left unconnected if it belongs to a top-level block or it belongs to a sub-block and the hierarchy of this sub-block is preserved.
WARNING:Xst:647 - Input <PLB_SAValid> is never used. This port will be preserved and left unconnected if it belongs to a top-level block or it belongs to a sub-block and the hierarchy of this sub-block is preserved.
WARNING:Xst:647 - Input <PLB_wrPendReq> is never used. This port will be preserved and left unconnected if it belongs to a top-level block or it belongs to a sub-block and the hierarchy of this sub-block is preserved.
WARNING:Xst:647 - Input <PLB_wrPendPri> is never used. This port will be preserved and left unconnected if it belongs to a top-level block or it belongs to a sub-block and the hierarchy of this sub-block is preserved.
WARNING:Xst:647 - Input <PLB_rdPendReq> is never used. This port will be preserved and left unconnected if it belongs to a top-level block or it belongs to a sub-block and the hierarchy of this sub-block is preserved.
WARNING:Xst:647 - Input <PLB_rdPendPri> is never used. This port will be preserved and left unconnected if it belongs to a top-level block or it belongs to a sub-block and the hierarchy of this sub-block is preserved.
WARNING:Xst:647 - Input <PLB_busLock> is never used. This port will be preserved and left unconnected if it belongs to a top-level block or it belongs to a sub-block and the hierarchy of this sub-block is preserved.
WARNING:Xst:647 - Input <PLB_wrDBus<32:127>> is never used. This port will be preserved and left unconnected if it belongs to a top-level block or it belongs to a sub-block and the hierarchy of this sub-block is preserved.
WARNING:Xst:647 - Input <PLB_reqPri> is never used. This port will be preserved and left unconnected if it belongs to a top-level block or it belongs to a sub-block and the hierarchy of this sub-block is preserved.
WARNING:Xst:647 - Input <PLB_lockErr> is never used. This port will be preserved and left unconnected if it belongs to a top-level block or it belongs to a sub-block and the hierarchy of this sub-block is preserved.
WARNING:Xst:647 - Input <PLB_wrBurst> is never used. This port will be preserved and left unconnected if it belongs to a top-level block or it belongs to a sub-block and the hierarchy of this sub-block is preserved.
WARNING:Xst:647 - Input <PLB_TAttribute> is never used. This port will be preserved and left unconnected if it belongs to a top-level block or it belongs to a sub-block and the hierarchy of this sub-block is preserved.
WARNING:Xst:647 - Input <PLB_rdPrim> is never used. This port will be preserved and left unconnected if it belongs to a top-level block or it belongs to a sub-block and the hierarchy of this sub-block is preserved.
WARNING:Xst:647 - Input <PLB_abort> is never used. This port will be preserved and left unconnected if it belongs to a top-level block or it belongs to a sub-block and the hierarchy of this sub-block is preserved.
WARNING:Xst:646 - Signal <ipif_Bus2IP_RdCE<2>> is assigned but never used. This unconnected signal will be trimmed during the optimization process.
WARNING:Xst:646 - Signal <ipif_Bus2IP_RNW> is assigned but never used. This unconnected signal will be trimmed during the optimization process.
WARNING:Xst:646 - Signal <ipif_Bus2IP_Addr> is assigned but never used. This unconnected signal will be trimmed during the optimization process.
WARNING:Xst:2677 - Node <addr_out_s_h_2> of sequential type is unconnected in block <I_DECODER>.
WARNING:Xst:2677 - Node <addr_out_s_h_1> of sequential type is unconnected in block <I_DECODER>.
WARNING:Xst:2677 - Node <addr_out_s_h_2> of sequential type is unconnected in block <plb_address_decoder>.
WARNING:Xst:2677 - Node <addr_out_s_h_1> of sequential type is unconnected in block <plb_address_decoder>.
WARNING:Xst:1989 - Unit <plb_address_decoder>: instances <MEM_DECODE_GEN[0].GEN_PLB_SHARED.MEM_SELECT_I>, <MEM_DECODE_GEN[1].GEN_PLB_SHARED.MEM_SELECT_I> of unit <pselect_f_1> are equivalent, second instance is removed
WARNING:Xst:2677 - Node <PLBV46_SLAVE_SINGLE_I/I_SLAVE_ATTACHMENT/I_DECODER/rdce_out_i_2> of sequential type is unconnected in block <plb_dac>.
WARNING:Xst:2677 - Node <PLBV46_SLAVE_SINGLE_I/I_SLAVE_ATTACHMENT/bus2ip_addr_i_0> of sequential type is unconnected in block <plb_dac>.
WARNING:Xst:2677 - Node <PLBV46_SLAVE_SINGLE_I/I_SLAVE_ATTACHMENT/bus2ip_addr_i_1> of sequential type is unconnected in block <plb_dac>.
WARNING:Xst:2677 - Node <PLBV46_SLAVE_SINGLE_I/I_SLAVE_ATTACHMENT/bus2ip_addr_i_2> of sequential type is unconnected in block <plb_dac>.
WARNING:Xst:2677 - Node <PLBV46_SLAVE_SINGLE_I/I_SLAVE_ATTACHMENT/bus2ip_addr_i_3> of sequential type is unconnected in block <plb_dac>.
WARNING:Xst:2677 - Node <PLBV46_SLAVE_SINGLE_I/I_SLAVE_ATTACHMENT/bus2ip_addr_i_4> of sequential type is unconnected in block <plb_dac>.
WARNING:Xst:2677 - Node <PLBV46_SLAVE_SINGLE_I/I_SLAVE_ATTACHMENT/bus2ip_addr_i_5> of sequential type is unconnected in block <plb_dac>.
WARNING:Xst:2677 - Node <PLBV46_SLAVE_SINGLE_I/I_SLAVE_ATTACHMENT/bus2ip_addr_i_6> of sequential type is unconnected in block <plb_dac>.
WARNING:Xst:2677 - Node <PLBV46_SLAVE_SINGLE_I/I_SLAVE_ATTACHMENT/bus2ip_addr_i_7> of sequential type is unconnected in block <plb_dac>.
WARNING:Xst:2677 - Node <PLBV46_SLAVE_SINGLE_I/I_SLAVE_ATTACHMENT/bus2ip_addr_i_8> of sequential type is unconnected in block <plb_dac>.
WARNING:Xst:2677 - Node <PLBV46_SLAVE_SINGLE_I/I_SLAVE_ATTACHMENT/bus2ip_addr_i_9> of sequential type is unconnected in block <plb_dac>.
WARNING:Xst:2677 - Node <PLBV46_SLAVE_SINGLE_I/I_SLAVE_ATTACHMENT/bus2ip_addr_i_10> of sequential type is unconnected in block <plb_dac>.
WARNING:Xst:2677 - Node <PLBV46_SLAVE_SINGLE_I/I_SLAVE_ATTACHMENT/bus2ip_addr_i_11> of sequential type is unconnected in block <plb_dac>.
WARNING:Xst:2677 - Node <PLBV46_SLAVE_SINGLE_I/I_SLAVE_ATTACHMENT/bus2ip_addr_i_12> of sequential type is unconnected in block <plb_dac>.
WARNING:Xst:2677 - Node <PLBV46_SLAVE_SINGLE_I/I_SLAVE_ATTACHMENT/bus2ip_addr_i_13> of sequential type is unconnected in block <plb_dac>.
WARNING:Xst:2677 - Node <PLBV46_SLAVE_SINGLE_I/I_SLAVE_ATTACHMENT/bus2ip_addr_i_14> of sequential type is unconnected in block <plb_dac>.
WARNING:Xst:2677 - Node <PLBV46_SLAVE_SINGLE_I/I_SLAVE_ATTACHMENT/bus2ip_addr_i_15> of sequential type is unconnected in block <plb_dac>.
WARNING:Xst:2677 - Node <PLBV46_SLAVE_SINGLE_I/I_SLAVE_ATTACHMENT/bus2ip_addr_i_16> of sequential type is unconnected in block <plb_dac>.
WARNING:Xst:2677 - Node <PLBV46_SLAVE_SINGLE_I/I_SLAVE_ATTACHMENT/bus2ip_addr_i_17> of sequential type is unconnected in block <plb_dac>.
WARNING:Xst:2677 - Node <PLBV46_SLAVE_SINGLE_I/I_SLAVE_ATTACHMENT/bus2ip_addr_i_18> of sequential type is unconnected in block <plb_dac>.
WARNING:Xst:2677 - Node <PLBV46_SLAVE_SINGLE_I/I_SLAVE_ATTACHMENT/bus2ip_addr_i_19> of sequential type is unconnected in block <plb_dac>.
WARNING:Xst:2677 - Node <PLBV46_SLAVE_SINGLE_I/I_SLAVE_ATTACHMENT/bus2ip_addr_i_20> of sequential type is unconnected in block <plb_dac>.
WARNING:Xst:2677 - Node <PLBV46_SLAVE_SINGLE_I/I_SLAVE_ATTACHMENT/bus2ip_addr_i_21> of sequential type is unconnected in block <plb_dac>.
WARNING:Xst:2677 - Node <PLBV46_SLAVE_SINGLE_I/I_SLAVE_ATTACHMENT/bus2ip_addr_i_22> of sequential type is unconnected in block <plb_dac>.
WARNING:Xst:2677 - Node <PLBV46_SLAVE_SINGLE_I/I_SLAVE_ATTACHMENT/bus2ip_addr_i_23> of sequential type is unconnected in block <plb_dac>.
WARNING:Xst:2677 - Node <PLBV46_SLAVE_SINGLE_I/I_SLAVE_ATTACHMENT/bus2ip_addr_i_24> of sequential type is unconnected in block <plb_dac>.
WARNING:Xst:2677 - Node <PLBV46_SLAVE_SINGLE_I/I_SLAVE_ATTACHMENT/bus2ip_addr_i_25> of sequential type is unconnected in block <plb_dac>.
WARNING:Xst:2677 - Node <PLBV46_SLAVE_SINGLE_I/I_SLAVE_ATTACHMENT/bus2ip_addr_i_26> of sequential type is unconnected in block <plb_dac>.
WARNING:Xst:2677 - Node <PLBV46_SLAVE_SINGLE_I/I_SLAVE_ATTACHMENT/bus2ip_addr_i_27> of sequential type is unconnected in block <plb_dac>.
WARNING:Xst:2677 - Node <PLBV46_SLAVE_SINGLE_I/I_SLAVE_ATTACHMENT/bus2ip_addr_i_28> of sequential type is unconnected in block <plb_dac>.
WARNING:Xst:2677 - Node <PLBV46_SLAVE_SINGLE_I/I_SLAVE_ATTACHMENT/bus2ip_addr_i_29> of sequential type is unconnected in block <plb_dac>.
WARNING:Xst:2677 - Node <PLBV46_SLAVE_SINGLE_I/I_SLAVE_ATTACHMENT/bus2ip_addr_i_30> of sequential type is unconnected in block <plb_dac>.
WARNING:Xst:2677 - Node <PLBV46_SLAVE_SINGLE_I/I_SLAVE_ATTACHMENT/bus2ip_addr_i_31> of sequential type is unconnected in block <plb_dac>.
WARNING:Xst:1710 - FF/Latch <PLBV46_SLAVE_SINGLE_I/I_SLAVE_ATTACHMENT/sl_rddbus_i_31> (without init value) has a constant value of 0 in block <plb_dac>. This FF/Latch will be trimmed during the optimization process.
WARNING:Xst:1895 - Due to other FF/Latch trimming, FF/Latch <PLBV46_SLAVE_SINGLE_I/I_SLAVE_ATTACHMENT/sl_rddbus_i_30> (without init value) has a constant value of 0 in block <plb_dac>. This FF/Latch will be trimmed during the optimization process.
WARNING:Xst:1895 - Due to other FF/Latch trimming, FF/Latch <PLBV46_SLAVE_SINGLE_I/I_SLAVE_ATTACHMENT/sl_rddbus_i_29> (without init value) has a constant value of 0 in block <plb_dac>. This FF/Latch will be trimmed during the optimization process.
WARNING:Xst:1895 - Due to other FF/Latch trimming, FF/Latch <PLBV46_SLAVE_SINGLE_I/I_SLAVE_ATTACHMENT/sl_rddbus_i_28> (without init value) has a constant value of 0 in block <plb_dac>. This FF/Latch will be trimmed during the optimization process.
WARNING:Xst:1895 - Due to other FF/Latch trimming, FF/Latch <PLBV46_SLAVE_SINGLE_I/I_SLAVE_ATTACHMENT/sl_rddbus_i_27> (without init value) has a constant value of 0 in block <plb_dac>. This FF/Latch will be trimmed during the optimization process.
WARNING:Xst:1895 - Due to other FF/Latch trimming, FF/Latch <PLBV46_SLAVE_SINGLE_I/I_SLAVE_ATTACHMENT/sl_rddbus_i_26> (without init value) has a constant value of 0 in block <plb_dac>. This FF/Latch will be trimmed during the optimization process.
WARNING:Xst:1895 - Due to other FF/Latch trimming, FF/Latch <PLBV46_SLAVE_SINGLE_I/I_SLAVE_ATTACHMENT/sl_rddbus_i_25> (without init value) has a constant value of 0 in block <plb_dac>. This FF/Latch will be trimmed during the optimization process.
WARNING:Xst:1895 - Due to other FF/Latch trimming, FF/Latch <PLBV46_SLAVE_SINGLE_I/I_SLAVE_ATTACHMENT/sl_rddbus_i_24> (without init value) has a constant value of 0 in block <plb_dac>. This FF/Latch will be trimmed during the optimization process.
WARNING:Xst:1895 - Due to other FF/Latch trimming, FF/Latch <PLBV46_SLAVE_SINGLE_I/I_SLAVE_ATTACHMENT/sl_rddbus_i_23> (without init value) has a constant value of 0 in block <plb_dac>. This FF/Latch will be trimmed during the optimization process.
WARNING:Xst:1895 - Due to other FF/Latch trimming, FF/Latch <PLBV46_SLAVE_SINGLE_I/I_SLAVE_ATTACHMENT/sl_rddbus_i_22> (without init value) has a constant value of 0 in block <plb_dac>. This FF/Latch will be trimmed during the optimization process.
WARNING:Xst:1895 - Due to other FF/Latch trimming, FF/Latch <PLBV46_SLAVE_SINGLE_I/I_SLAVE_ATTACHMENT/sl_rddbus_i_21> (without init value) has a constant value of 0 in block <plb_dac>. This FF/Latch will be trimmed during the optimization process.
WARNING:Xst:1895 - Due to other FF/Latch trimming, FF/Latch <PLBV46_SLAVE_SINGLE_I/I_SLAVE_ATTACHMENT/sl_rddbus_i_20> (without init value) has a constant value of 0 in block <plb_dac>. This FF/Latch will be trimmed during the optimization process.
WARNING:Xst:1895 - Due to other FF/Latch trimming, FF/Latch <PLBV46_SLAVE_SINGLE_I/I_SLAVE_ATTACHMENT/sl_rddbus_i_19> (without init value) has a constant value of 0 in block <plb_dac>. This FF/Latch will be trimmed during the optimization process.
WARNING:Xst:1895 - Due to other FF/Latch trimming, FF/Latch <PLBV46_SLAVE_SINGLE_I/I_SLAVE_ATTACHMENT/sl_rddbus_i_18> (without init value) has a constant value of 0 in block <plb_dac>. This FF/Latch will be trimmed during the optimization process.
WARNING:Xst:1895 - Due to other FF/Latch trimming, FF/Latch <PLBV46_SLAVE_SINGLE_I/I_SLAVE_ATTACHMENT/sl_rddbus_i_17> (without init value) has a constant value of 0 in block <plb_dac>. This FF/Latch will be trimmed during the optimization process.
WARNING:Xst:1895 - Due to other FF/Latch trimming, FF/Latch <PLBV46_SLAVE_SINGLE_I/I_SLAVE_ATTACHMENT/sl_rddbus_i_16> (without init value) has a constant value of 0 in block <plb_dac>. This FF/Latch will be trimmed during the optimization process.
WARNING:Xst:1895 - Due to other FF/Latch trimming, FF/Latch <PLBV46_SLAVE_SINGLE_I/I_SLAVE_ATTACHMENT/sl_rddbus_i_15> (without init value) has a constant value of 0 in block <plb_dac>. This FF/Latch will be trimmed during the optimization process.
WARNING:Xst:1895 - Due to other FF/Latch trimming, FF/Latch <PLBV46_SLAVE_SINGLE_I/I_SLAVE_ATTACHMENT/sl_rddbus_i_14> (without init value) has a constant value of 0 in block <plb_dac>. This FF/Latch will be trimmed during the optimization process.
WARNING:Xst:1895 - Due to other FF/Latch trimming, FF/Latch <PLBV46_SLAVE_SINGLE_I/I_SLAVE_ATTACHMENT/sl_rddbus_i_13> (without init value) has a constant value of 0 in block <plb_dac>. This FF/Latch will be trimmed during the optimization process.
WARNING:Xst:1895 - Due to other FF/Latch trimming, FF/Latch <PLBV46_SLAVE_SINGLE_I/I_SLAVE_ATTACHMENT/sl_rddbus_i_12> (without init value) has a constant value of 0 in block <plb_dac>. This FF/Latch will be trimmed during the optimization process.
WARNING:Xst:1895 - Due to other FF/Latch trimming, FF/Latch <PLBV46_SLAVE_SINGLE_I/I_SLAVE_ATTACHMENT/sl_rddbus_i_11> (without init value) has a constant value of 0 in block <plb_dac>. This FF/Latch will be trimmed during the optimization process.
WARNING:Xst:1895 - Due to other FF/Latch trimming, FF/Latch <PLBV46_SLAVE_SINGLE_I/I_SLAVE_ATTACHMENT/sl_rddbus_i_10> (without init value) has a constant value of 0 in block <plb_dac>. This FF/Latch will be trimmed during the optimization process.
WARNING:Xst:1895 - Due to other FF/Latch trimming, FF/Latch <PLBV46_SLAVE_SINGLE_I/I_SLAVE_ATTACHMENT/sl_rddbus_i_9> (without init value) has a constant value of 0 in block <plb_dac>. This FF/Latch will be trimmed during the optimization process.
WARNING:Xst:1895 - Due to other FF/Latch trimming, FF/Latch <PLBV46_SLAVE_SINGLE_I/I_SLAVE_ATTACHMENT/sl_rddbus_i_8> (without init value) has a constant value of 0 in block <plb_dac>. This FF/Latch will be trimmed during the optimization process.
WARNING:Xst:1895 - Due to other FF/Latch trimming, FF/Latch <PLBV46_SLAVE_SINGLE_I/I_SLAVE_ATTACHMENT/sl_rddbus_i_7> (without init value) has a constant value of 0 in block <plb_dac>. This FF/Latch will be trimmed during the optimization process.
WARNING:Xst:1895 - Due to other FF/Latch trimming, FF/Latch <PLBV46_SLAVE_SINGLE_I/I_SLAVE_ATTACHMENT/sl_rddbus_i_6> (without init value) has a constant value of 0 in block <plb_dac>. This FF/Latch will be trimmed during the optimization process.
WARNING:Xst:1895 - Due to other FF/Latch trimming, FF/Latch <PLBV46_SLAVE_SINGLE_I/I_SLAVE_ATTACHMENT/sl_rddbus_i_5> (without init value) has a constant value of 0 in block <plb_dac>. This FF/Latch will be trimmed during the optimization process.
WARNING:Xst:1895 - Due to other FF/Latch trimming, FF/Latch <PLBV46_SLAVE_SINGLE_I/I_SLAVE_ATTACHMENT/sl_rddbus_i_4> (without init value) has a constant value of 0 in block <plb_dac>. This FF/Latch will be trimmed during the optimization process.
WARNING:Xst:1895 - Due to other FF/Latch trimming, FF/Latch <PLBV46_SLAVE_SINGLE_I/I_SLAVE_ATTACHMENT/sl_rddbus_i_3> (without init value) has a constant value of 0 in block <plb_dac>. This FF/Latch will be trimmed during the optimization process.
WARNING:Xst:1895 - Due to other FF/Latch trimming, FF/Latch <PLBV46_SLAVE_SINGLE_I/I_SLAVE_ATTACHMENT/sl_rddbus_i_2> (without init value) has a constant value of 0 in block <plb_dac>. This FF/Latch will be trimmed during the optimization process.
WARNING:Xst:1895 - Due to other FF/Latch trimming, FF/Latch <PLBV46_SLAVE_SINGLE_I/I_SLAVE_ATTACHMENT/sl_rddbus_i_1> (without init value) has a constant value of 0 in block <plb_dac>. This FF/Latch will be trimmed during the optimization process.
WARNING:Xst:1895 - Due to other FF/Latch trimming, FF/Latch <PLBV46_SLAVE_SINGLE_I/I_SLAVE_ATTACHMENT/sl_rddbus_i_0> (without init value) has a constant value of 0 in block <plb_dac>. This FF/Latch will be trimmed during the optimization process.
WARNING:Xst:2677 - Node <PLBV46_SLAVE_SINGLE_I/I_SLAVE_ATTACHMENT/I_DECODER/cs_out_s_h0_1> of sequential type is unconnected in block <plb_dac>.
WARNING:Xst:2677 - Node <PLBV46_SLAVE_SINGLE_I/I_SLAVE_ATTACHMENT/I_DECODER/cs_out_i_0> of sequential type is unconnected in block <plb_dac>.
WARNING:Xst:1898 - Due to constant pushing, FF/Latch <USER_LOGIC_I/slv_reg0_2> is unconnected in block <plb_dac>.
WARNING:Xst:1898 - Due to constant pushing, FF/Latch <USER_LOGIC_I/slv_reg0_3> is unconnected in block <plb_dac>.
WARNING:Xst:1898 - Due to constant pushing, FF/Latch <USER_LOGIC_I/slv_reg0_4> is unconnected in block <plb_dac>.
WARNING:Xst:1898 - Due to constant pushing, FF/Latch <USER_LOGIC_I/slv_reg0_5> is unconnected in block <plb_dac>.
WARNING:Xst:1898 - Due to constant pushing, FF/Latch <USER_LOGIC_I/slv_reg0_6> is unconnected in block <plb_dac>.
WARNING:Xst:1898 - Due to constant pushing, FF/Latch <USER_LOGIC_I/slv_reg0_7> is unconnected in block <plb_dac>.
WARNING:Xst:1898 - Due to constant pushing, FF/Latch <USER_LOGIC_I/slv_reg0_8> is unconnected in block <plb_dac>.
WARNING:Xst:1898 - Due to constant pushing, FF/Latch <USER_LOGIC_I/slv_reg0_9> is unconnected in block <plb_dac>.
WARNING:Xst:1898 - Due to constant pushing, FF/Latch <USER_LOGIC_I/slv_reg1_10> is unconnected in block <plb_dac>.
WARNING:Xst:1898 - Due to constant pushing, FF/Latch <PLBV46_SLAVE_SINGLE_I/I_SLAVE_ATTACHMENT/plb_wrdbus_reg_10> is unconnected in block <plb_dac>.
WARNING:Xst:1898 - Due to constant pushing, FF/Latch <USER_LOGIC_I/slv_reg0_10> is unconnected in block <plb_dac>.
WARNING:Xst:1898 - Due to constant pushing, FF/Latch <USER_LOGIC_I/slv_reg1_11> is unconnected in block <plb_dac>.
WARNING:Xst:1898 - Due to constant pushing, FF/Latch <PLBV46_SLAVE_SINGLE_I/I_SLAVE_ATTACHMENT/plb_wrdbus_reg_11> is unconnected in block <plb_dac>.
WARNING:Xst:1898 - Due to constant pushing, FF/Latch <USER_LOGIC_I/slv_reg0_11> is unconnected in block <plb_dac>.
WARNING:Xst:1898 - Due to constant pushing, FF/Latch <USER_LOGIC_I/slv_reg1_12> is unconnected in block <plb_dac>.
WARNING:Xst:1898 - Due to constant pushing, FF/Latch <PLBV46_SLAVE_SINGLE_I/I_SLAVE_ATTACHMENT/plb_wrdbus_reg_12> is unconnected in block <plb_dac>.
WARNING:Xst:1898 - Due to constant pushing, FF/Latch <USER_LOGIC_I/slv_reg0_12> is unconnected in block <plb_dac>.
WARNING:Xst:1898 - Due to constant pushing, FF/Latch <USER_LOGIC_I/slv_reg1_13> is unconnected in block <plb_dac>.
WARNING:Xst:1898 - Due to constant pushing, FF/Latch <PLBV46_SLAVE_SINGLE_I/I_SLAVE_ATTACHMENT/plb_wrdbus_reg_13> is unconnected in block <plb_dac>.
WARNING:Xst:1898 - Due to constant pushing, FF/Latch <USER_LOGIC_I/slv_reg0_13> is unconnected in block <plb_dac>.
WARNING:Xst:1898 - Due to constant pushing, FF/Latch <USER_LOGIC_I/slv_reg1_14> is unconnected in block <plb_dac>.
WARNING:Xst:1898 - Due to constant pushing, FF/Latch <PLBV46_SLAVE_SINGLE_I/I_SLAVE_ATTACHMENT/plb_wrdbus_reg_14> is unconnected in block <plb_dac>.
WARNING:Xst:1898 - Due to constant pushing, FF/Latch <USER_LOGIC_I/slv_reg0_14> is unconnected in block <plb_dac>.
WARNING:Xst:1898 - Due to constant pushing, FF/Latch <USER_LOGIC_I/slv_reg1_15> is unconnected in block <plb_dac>.
WARNING:Xst:1898 - Due to constant pushing, FF/Latch <PLBV46_SLAVE_SINGLE_I/I_SLAVE_ATTACHMENT/plb_wrdbus_reg_15> is unconnected in block <plb_dac>.
WARNING:Xst:1898 - Due to constant pushing, FF/Latch <USER_LOGIC_I/slv_reg0_15> is unconnected in block <plb_dac>.
WARNING:Xst:1898 - Due to constant pushing, FF/Latch <USER_LOGIC_I/slv_reg1_16> is unconnected in block <plb_dac>.
WARNING:Xst:1898 - Due to constant pushing, FF/Latch <PLBV46_SLAVE_SINGLE_I/I_SLAVE_ATTACHMENT/plb_wrdbus_reg_16> is unconnected in block <plb_dac>.
WARNING:Xst:1898 - Due to constant pushing, FF/Latch <USER_LOGIC_I/slv_reg0_16> is unconnected in block <plb_dac>.
WARNING:Xst:1898 - Due to constant pushing, FF/Latch <USER_LOGIC_I/slv_reg1_17> is unconnected in block <plb_dac>.
WARNING:Xst:1898 - Due to constant pushing, FF/Latch <PLBV46_SLAVE_SINGLE_I/I_SLAVE_ATTACHMENT/plb_wrdbus_reg_17> is unconnected in block <plb_dac>.
WARNING:Xst:1898 - Due to constant pushing, FF/Latch <USER_LOGIC_I/slv_reg0_17> is unconnected in block <plb_dac>.
WARNING:Xst:1898 - Due to constant pushing, FF/Latch <USER_LOGIC_I/slv_reg1_18> is unconnected in block <plb_dac>.
WARNING:Xst:1898 - Due to constant pushing, FF/Latch <PLBV46_SLAVE_SINGLE_I/I_SLAVE_ATTACHMENT/plb_wrdbus_reg_18> is unconnected in block <plb_dac>.
WARNING:Xst:1898 - Due to constant pushing, FF/Latch <USER_LOGIC_I/slv_reg0_18> is unconnected in block <plb_dac>.
WARNING:Xst:1898 - Due to constant pushing, FF/Latch <USER_LOGIC_I/slv_reg1_19> is unconnected in block <plb_dac>.
WARNING:Xst:1898 - Due to constant pushing, FF/Latch <PLBV46_SLAVE_SINGLE_I/I_SLAVE_ATTACHMENT/plb_wrdbus_reg_19> is unconnected in block <plb_dac>.
WARNING:Xst:1898 - Due to constant pushing, FF/Latch <USER_LOGIC_I/slv_reg0_19> is unconnected in block <plb_dac>.
WARNING:Xst:1898 - Due to constant pushing, FF/Latch <USER_LOGIC_I/slv_reg1_20> is unconnected in block <plb_dac>.
WARNING:Xst:1898 - Due to constant pushing, FF/Latch <PLBV46_SLAVE_SINGLE_I/I_SLAVE_ATTACHMENT/plb_wrdbus_reg_20> is unconnected in block <plb_dac>.
WARNING:Xst:1898 - Due to constant pushing, FF/Latch <USER_LOGIC_I/slv_reg0_20> is unconnected in block <plb_dac>.
WARNING:Xst:1898 - Due to constant pushing, FF/Latch <USER_LOGIC_I/slv_reg1_21> is unconnected in block <plb_dac>.
WARNING:Xst:1898 - Due to constant pushing, FF/Latch <PLBV46_SLAVE_SINGLE_I/I_SLAVE_ATTACHMENT/plb_wrdbus_reg_21> is unconnected in block <plb_dac>.
WARNING:Xst:1898 - Due to constant pushing, FF/Latch <USER_LOGIC_I/slv_reg0_21> is unconnected in block <plb_dac>.
WARNING:Xst:1898 - Due to constant pushing, FF/Latch <USER_LOGIC_I/slv_reg1_22> is unconnected in block <plb_dac>.
WARNING:Xst:1898 - Due to constant pushing, FF/Latch <PLBV46_SLAVE_SINGLE_I/I_SLAVE_ATTACHMENT/plb_wrdbus_reg_22> is unconnected in block <plb_dac>.
WARNING:Xst:1898 - Due to constant pushing, FF/Latch <USER_LOGIC_I/slv_reg0_22> is unconnected in block <plb_dac>.
WARNING:Xst:1898 - Due to constant pushing, FF/Latch <USER_LOGIC_I/slv_reg1_23> is unconnected in block <plb_dac>.
WARNING:Xst:1898 - Due to constant pushing, FF/Latch <PLBV46_SLAVE_SINGLE_I/I_SLAVE_ATTACHMENT/plb_be_reg_2> is unconnected in block <plb_dac>.
WARNING:Xst:1898 - Due to constant pushing, FF/Latch <PLBV46_SLAVE_SINGLE_I/I_SLAVE_ATTACHMENT/bus2ip_be_i_2> is unconnected in block <plb_dac>.
WARNING:Xst:1898 - Due to constant pushing, FF/Latch <PLBV46_SLAVE_SINGLE_I/I_SLAVE_ATTACHMENT/plb_wrdbus_reg_23> is unconnected in block <plb_dac>.
WARNING:Xst:1898 - Due to constant pushing, FF/Latch <USER_LOGIC_I/slv_reg0_23> is unconnected in block <plb_dac>.
WARNING:Xst:1898 - Due to constant pushing, FF/Latch <USER_LOGIC_I/slv_reg1_24> is unconnected in block <plb_dac>.
WARNING:Xst:1898 - Due to constant pushing, FF/Latch <PLBV46_SLAVE_SINGLE_I/I_SLAVE_ATTACHMENT/plb_wrdbus_reg_24> is unconnected in block <plb_dac>.
WARNING:Xst:1898 - Due to constant pushing, FF/Latch <USER_LOGIC_I/slv_reg0_24> is unconnected in block <plb_dac>.
WARNING:Xst:1898 - Due to constant pushing, FF/Latch <USER_LOGIC_I/slv_reg1_25> is unconnected in block <plb_dac>.
WARNING:Xst:1898 - Due to constant pushing, FF/Latch <PLBV46_SLAVE_SINGLE_I/I_SLAVE_ATTACHMENT/plb_wrdbus_reg_25> is unconnected in block <plb_dac>.
WARNING:Xst:1898 - Due to constant pushing, FF/Latch <USER_LOGIC_I/slv_reg0_25> is unconnected in block <plb_dac>.
WARNING:Xst:1898 - Due to constant pushing, FF/Latch <USER_LOGIC_I/slv_reg1_26> is unconnected in block <plb_dac>.
WARNING:Xst:1898 - Due to constant pushing, FF/Latch <PLBV46_SLAVE_SINGLE_I/I_SLAVE_ATTACHMENT/plb_wrdbus_reg_26> is unconnected in block <plb_dac>.
WARNING:Xst:1898 - Due to constant pushing, FF/Latch <USER_LOGIC_I/slv_reg0_26> is unconnected in block <plb_dac>.
WARNING:Xst:1898 - Due to constant pushing, FF/Latch <USER_LOGIC_I/slv_reg1_27> is unconnected in block <plb_dac>.
WARNING:Xst:1898 - Due to constant pushing, FF/Latch <PLBV46_SLAVE_SINGLE_I/I_SLAVE_ATTACHMENT/plb_wrdbus_reg_27> is unconnected in block <plb_dac>.
WARNING:Xst:1898 - Due to constant pushing, FF/Latch <USER_LOGIC_I/slv_reg0_27> is unconnected in block <plb_dac>.
WARNING:Xst:1898 - Due to constant pushing, FF/Latch <USER_LOGIC_I/slv_reg1_28> is unconnected in block <plb_dac>.
WARNING:Xst:1898 - Due to constant pushing, FF/Latch <USER_LOGIC_I/slv_reg0_28> is unconnected in block <plb_dac>.
WARNING:Xst:1898 - Due to constant pushing, FF/Latch <USER_LOGIC_I/slv_reg1_29> is unconnected in block <plb_dac>.
WARNING:Xst:1898 - Due to constant pushing, FF/Latch <USER_LOGIC_I/slv_reg0_29> is unconnected in block <plb_dac>.
WARNING:Xst:1898 - Due to constant pushing, FF/Latch <USER_LOGIC_I/slv_reg1_30> is unconnected in block <plb_dac>.
WARNING:Xst:1898 - Due to constant pushing, FF/Latch <USER_LOGIC_I/slv_reg0_30> is unconnected in block <plb_dac>.
WARNING:Xst:1898 - Due to constant pushing, FF/Latch <USER_LOGIC_I/slv_reg1_31> is unconnected in block <plb_dac>.
WARNING:Xst:1898 - Due to constant pushing, FF/Latch <USER_LOGIC_I/slv_reg0_31> is unconnected in block <plb_dac>.
