ISim log file
Running: F:\Programs\Verilog\FPGA_Group\test_br0101\microblaze\pcores\plb_dac_v3_00_a\devl\projnav\tb_pdv3ul_isim_beh.exe -intstyle ise -gui -tclbatch isim.cmd -wdb F:/Programs/Verilog/FPGA_Group/test_br0101/microblaze/pcores/plb_dac_v3_00_a/devl/projnav/tb_pdv3ul_isim_beh.wdb 
ISim P.20131013 (signature 0x8ef4fb42)
This is a Full version of ISim.
Time resolution is 1 ps
# onerror resume
# wave add /
# run 1000 ns
Simulator is doing circuit initialization process.
Finished circuit initialization process.
# run 1.00us
# run 10.00us
# run 1.00us
# run 1.00us
# run 10.00us
# run 10.00us
# run 10.00us
# run 10.00us
# run 10.00us
# run 10.00us
# run 10.00us
ISim P.20131013 (signature 0x8ef4fb42)
This is a Full version of ISim.
# run 1000 ns
Simulator is doing circuit initialization process.
Finished circuit initialization process.
# run 10.00us
# run 10.00us
ISim P.20131013 (signature 0x8ef4fb42)
This is a Full version of ISim.
# run 1000 ns
Simulator is doing circuit initialization process.
Finished circuit initialization process.
ISim P.20131013 (signature 0x8ef4fb42)
This is a Full version of ISim.
# run 1000 ns
Simulator is doing circuit initialization process.
Finished circuit initialization process.
# run 10.00us
# run 10.00us
ISim P.20131013 (signature 0x8ef4fb42)
This is a Full version of ISim.
# run 1000 ns
Simulator is doing circuit initialization process.
Finished circuit initialization process.
# run 10.00us
# run 10.00us
# run 10.00us
# run 1.00us
# run 1.00us
# run 1.00us
# run 10.00us
# run 10.00us
# run 10.00us
# run 10.00us
# run 10.00us
