Release 14.7 Map P.20131013 (nt)
Xilinx Mapping Report File for Design 'plb_dac'

Design Information
------------------
Command Line   : map -intstyle ise -p xc4vsx55-ff1148-10 -global_opt off -cm
area -ir off -pr off -c 100 -o plb_dac_map.ncd plb_dac.ngd plb_dac.pcf 
Target Device  : xc4vsx55
Target Package : ff1148
Target Speed   : -10
Mapper Version : virtex4 -- $Revision: 1.55 $
Mapped Date    : Sun Nov 19 12:07:22 2017

Design Summary
--------------
Number of errors:      0
Number of warnings:   72
Logic Utilization:
  Number of Slice Flip Flops:           644 out of  49,152    1%
  Number of 4 input LUTs:             1,008 out of  49,152    2%
Logic Distribution:
  Number of occupied Slices:            771 out of  24,576    3%
    Number of Slices containing only related logic:     771 out of     771 100%
    Number of Slices containing unrelated logic:          0 out of     771   0%
      *See NOTES below for an explanation of the effects of unrelated logic.
  Total Number of 4 input LUTs:       1,010 out of  49,152    2%
    Number used as logic:             1,008
    Number used as a route-thru:          2

  The Slice Logic Distribution report is not meaningful if the design is
  over-mapped for a non-slice resource or if Placement fails.
  Number of bonded IOBs:                290 out of     640   45%
  Number of BUFG/BUFGCTRLs:               2 out of      32    6%
    Number used as BUFGs:                 2
  Number of FIFO16/RAMB16s:              74 out of     320   23%
    Number used as RAMB16s:              74

Average Fanout of Non-Clock Nets:                2.89

Peak Memory Usage:  504 MB
Total REAL time to MAP completion:  20 secs 
Total CPU time to MAP completion:   9 secs 

NOTES:

   Related logic is defined as being logic that shares connectivity - e.g. two
   LUTs are "related" if they share common inputs.  When assembling slices,
   Map gives priority to combine logic that is related.  Doing so results in
   the best timing performance.

   Unrelated logic shares no connectivity.  Map will only begin packing
   unrelated logic into a slice once 99% of the slices are occupied through
   related logic packing.

   Note that once logic distribution reaches the 99% level through related
   logic packing, this does not mean the device is completely utilized.
   Unrelated logic packing will then begin, continuing until all usable LUTs
   and FFs are occupied.  Depending on your timing budget, increased levels of
   unrelated logic packing may adversely affect the overall timing performance
   of your design.

Table of Contents
-----------------
Section 1 - Errors
Section 2 - Warnings
Section 3 - Informational
Section 4 - Removed Logic Summary
Section 5 - Removed Logic
Section 6 - IOB Properties
Section 7 - RPMs
Section 8 - Guide Report
Section 9 - Area Group and Partition Summary
Section 10 - Timing Report
Section 11 - Configuration String Information
Section 12 - Control Set Information
Section 13 - Utilization by Hierarchy

Section 1 - Errors
------------------

Section 2 - Warnings
--------------------
WARNING:PhysDesignRules:1221 - Issue with pin connections and/or configuration
   on
   block:<USER_LOGIC_I/bram_arb_q/U0/xst_blk_mem_generator/gnativebmg.native_blk
   _mem_gen/valid.cstr/ramloop[9].ram.r/v4_init.ram/SP.SINGLE_PRIM.SP>:<RAMB16_R
   AMB16>.  If port A WRITE_WIDTH_A is used then the CLKA and DIA0 pins must be
   used.
WARNING:PhysDesignRules:1221 - Issue with pin connections and/or configuration
   on
   block:<USER_LOGIC_I/bram_arb_q/U0/xst_blk_mem_generator/gnativebmg.native_blk
   _mem_gen/valid.cstr/ramloop[8].ram.r/v4_init.ram/SP.SINGLE_PRIM.SP>:<RAMB16_R
   AMB16>.  If port A WRITE_WIDTH_A is used then the CLKA and DIA0 pins must be
   used.
WARNING:PhysDesignRules:1221 - Issue with pin connections and/or configuration
   on
   block:<USER_LOGIC_I/bram_arb_q/U0/xst_blk_mem_generator/gnativebmg.native_blk
   _mem_gen/valid.cstr/ramloop[7].ram.r/v4_init.ram/SP.SINGLE_PRIM.SP>:<RAMB16_R
   AMB16>.  If port A WRITE_WIDTH_A is used then the CLKA and DIA0 pins must be
   used.
WARNING:PhysDesignRules:1221 - Issue with pin connections and/or configuration
   on
   block:<USER_LOGIC_I/bram_arb_q/U0/xst_blk_mem_generator/gnativebmg.native_blk
   _mem_gen/valid.cstr/ramloop[6].ram.r/v4_init.ram/SP.SINGLE_PRIM.SP>:<RAMB16_R
   AMB16>.  If port A WRITE_WIDTH_A is used then the CLKA and DIA0 pins must be
   used.
WARNING:PhysDesignRules:1221 - Issue with pin connections and/or configuration
   on
   block:<USER_LOGIC_I/bram_arb_q/U0/xst_blk_mem_generator/gnativebmg.native_blk
   _mem_gen/valid.cstr/ramloop[5].ram.r/v4_init.ram/SP.SINGLE_PRIM.SP>:<RAMB16_R
   AMB16>.  If port A WRITE_WIDTH_A is used then the CLKA and DIA0 pins must be
   used.
WARNING:PhysDesignRules:1221 - Issue with pin connections and/or configuration
   on
   block:<USER_LOGIC_I/bram_arb_q/U0/xst_blk_mem_generator/gnativebmg.native_blk
   _mem_gen/valid.cstr/ramloop[4].ram.r/v4_init.ram/SP.SINGLE_PRIM.SP>:<RAMB16_R
   AMB16>.  If port A WRITE_WIDTH_A is used then the CLKA and DIA0 pins must be
   used.
WARNING:PhysDesignRules:1221 - Issue with pin connections and/or configuration
   on
   block:<USER_LOGIC_I/bram_arb_q/U0/xst_blk_mem_generator/gnativebmg.native_blk
   _mem_gen/valid.cstr/ramloop[3].ram.r/v4_init.ram/SP.SINGLE_PRIM.SP>:<RAMB16_R
   AMB16>.  If port A WRITE_WIDTH_A is used then the CLKA and DIA0 pins must be
   used.
WARNING:PhysDesignRules:1221 - Issue with pin connections and/or configuration
   on
   block:<USER_LOGIC_I/bram_arb_q/U0/xst_blk_mem_generator/gnativebmg.native_blk
   _mem_gen/valid.cstr/ramloop[31].ram.r/v4_init.ram/SP.SINGLE_PRIM.SP>:<RAMB16_
   RAMB16>.  If port A WRITE_WIDTH_A is used then the CLKA and DIA0 pins must be
   used.
WARNING:PhysDesignRules:1221 - Issue with pin connections and/or configuration
   on
   block:<USER_LOGIC_I/bram_arb_q/U0/xst_blk_mem_generator/gnativebmg.native_blk
   _mem_gen/valid.cstr/ramloop[30].ram.r/v4_init.ram/SP.SINGLE_PRIM.SP>:<RAMB16_
   RAMB16>.  If port A WRITE_WIDTH_A is used then the CLKA and DIA0 pins must be
   used.
WARNING:PhysDesignRules:1221 - Issue with pin connections and/or configuration
   on
   block:<USER_LOGIC_I/bram_arb_q/U0/xst_blk_mem_generator/gnativebmg.native_blk
   _mem_gen/valid.cstr/ramloop[2].ram.r/v4_init.ram/SP.SINGLE_PRIM.SP>:<RAMB16_R
   AMB16>.  If port A WRITE_WIDTH_A is used then the CLKA and DIA0 pins must be
   used.
WARNING:PhysDesignRules:1221 - Issue with pin connections and/or configuration
   on
   block:<USER_LOGIC_I/bram_arb_q/U0/xst_blk_mem_generator/gnativebmg.native_blk
   _mem_gen/valid.cstr/ramloop[29].ram.r/v4_init.ram/SP.SINGLE_PRIM.SP>:<RAMB16_
   RAMB16>.  If port A WRITE_WIDTH_A is used then the CLKA and DIA0 pins must be
   used.
WARNING:PhysDesignRules:1221 - Issue with pin connections and/or configuration
   on
   block:<USER_LOGIC_I/bram_arb_q/U0/xst_blk_mem_generator/gnativebmg.native_blk
   _mem_gen/valid.cstr/ramloop[28].ram.r/v4_init.ram/SP.SINGLE_PRIM.SP>:<RAMB16_
   RAMB16>.  If port A WRITE_WIDTH_A is used then the CLKA and DIA0 pins must be
   used.
WARNING:PhysDesignRules:1221 - Issue with pin connections and/or configuration
   on
   block:<USER_LOGIC_I/bram_arb_q/U0/xst_blk_mem_generator/gnativebmg.native_blk
   _mem_gen/valid.cstr/ramloop[27].ram.r/v4_init.ram/SP.SINGLE_PRIM.SP>:<RAMB16_
   RAMB16>.  If port A WRITE_WIDTH_A is used then the CLKA and DIA0 pins must be
   used.
WARNING:PhysDesignRules:1221 - Issue with pin connections and/or configuration
   on
   block:<USER_LOGIC_I/bram_arb_q/U0/xst_blk_mem_generator/gnativebmg.native_blk
   _mem_gen/valid.cstr/ramloop[26].ram.r/v4_init.ram/SP.SINGLE_PRIM.SP>:<RAMB16_
   RAMB16>.  If port A WRITE_WIDTH_A is used then the CLKA and DIA0 pins must be
   used.
WARNING:PhysDesignRules:1221 - Issue with pin connections and/or configuration
   on
   block:<USER_LOGIC_I/bram_arb_q/U0/xst_blk_mem_generator/gnativebmg.native_blk
   _mem_gen/valid.cstr/ramloop[25].ram.r/v4_init.ram/SP.SINGLE_PRIM.SP>:<RAMB16_
   RAMB16>.  If port A WRITE_WIDTH_A is used then the CLKA and DIA0 pins must be
   used.
WARNING:PhysDesignRules:1221 - Issue with pin connections and/or configuration
   on
   block:<USER_LOGIC_I/bram_arb_q/U0/xst_blk_mem_generator/gnativebmg.native_blk
   _mem_gen/valid.cstr/ramloop[24].ram.r/v4_init.ram/SP.SINGLE_PRIM.SP>:<RAMB16_
   RAMB16>.  If port A WRITE_WIDTH_A is used then the CLKA and DIA0 pins must be
   used.
WARNING:PhysDesignRules:1221 - Issue with pin connections and/or configuration
   on
   block:<USER_LOGIC_I/bram_arb_q/U0/xst_blk_mem_generator/gnativebmg.native_blk
   _mem_gen/valid.cstr/ramloop[23].ram.r/v4_init.ram/SP.SINGLE_PRIM.SP>:<RAMB16_
   RAMB16>.  If port A WRITE_WIDTH_A is used then the CLKA and DIA0 pins must be
   used.
WARNING:PhysDesignRules:1221 - Issue with pin connections and/or configuration
   on
   block:<USER_LOGIC_I/bram_arb_q/U0/xst_blk_mem_generator/gnativebmg.native_blk
   _mem_gen/valid.cstr/ramloop[22].ram.r/v4_init.ram/SP.SINGLE_PRIM.SP>:<RAMB16_
   RAMB16>.  If port A WRITE_WIDTH_A is used then the CLKA and DIA0 pins must be
   used.
WARNING:PhysDesignRules:1221 - Issue with pin connections and/or configuration
   on
   block:<USER_LOGIC_I/bram_arb_q/U0/xst_blk_mem_generator/gnativebmg.native_blk
   _mem_gen/valid.cstr/ramloop[21].ram.r/v4_init.ram/SP.SINGLE_PRIM.SP>:<RAMB16_
   RAMB16>.  If port A WRITE_WIDTH_A is used then the CLKA and DIA0 pins must be
   used.
WARNING:PhysDesignRules:1221 - Issue with pin connections and/or configuration
   on
   block:<USER_LOGIC_I/bram_arb_q/U0/xst_blk_mem_generator/gnativebmg.native_blk
   _mem_gen/valid.cstr/ramloop[20].ram.r/v4_init.ram/SP.SINGLE_PRIM.SP>:<RAMB16_
   RAMB16>.  If port A WRITE_WIDTH_A is used then the CLKA and DIA0 pins must be
   used.
WARNING:PhysDesignRules:1221 - Issue with pin connections and/or configuration
   on
   block:<USER_LOGIC_I/bram_arb_q/U0/xst_blk_mem_generator/gnativebmg.native_blk
   _mem_gen/valid.cstr/ramloop[1].ram.r/v4_init.ram/SP.SINGLE_PRIM.SP>:<RAMB16_R
   AMB16>.  If port A WRITE_WIDTH_A is used then the CLKA and DIA0 pins must be
   used.
WARNING:PhysDesignRules:1221 - Issue with pin connections and/or configuration
   on
   block:<USER_LOGIC_I/bram_arb_q/U0/xst_blk_mem_generator/gnativebmg.native_blk
   _mem_gen/valid.cstr/ramloop[19].ram.r/v4_init.ram/SP.SINGLE_PRIM.SP>:<RAMB16_
   RAMB16>.  If port A WRITE_WIDTH_A is used then the CLKA and DIA0 pins must be
   used.
WARNING:PhysDesignRules:1221 - Issue with pin connections and/or configuration
   on
   block:<USER_LOGIC_I/bram_arb_q/U0/xst_blk_mem_generator/gnativebmg.native_blk
   _mem_gen/valid.cstr/ramloop[18].ram.r/v4_init.ram/SP.SINGLE_PRIM.SP>:<RAMB16_
   RAMB16>.  If port A WRITE_WIDTH_A is used then the CLKA and DIA0 pins must be
   used.
WARNING:PhysDesignRules:1221 - Issue with pin connections and/or configuration
   on
   block:<USER_LOGIC_I/bram_arb_q/U0/xst_blk_mem_generator/gnativebmg.native_blk
   _mem_gen/valid.cstr/ramloop[17].ram.r/v4_init.ram/SP.SINGLE_PRIM.SP>:<RAMB16_
   RAMB16>.  If port A WRITE_WIDTH_A is used then the CLKA and DIA0 pins must be
   used.
WARNING:PhysDesignRules:1221 - Issue with pin connections and/or configuration
   on
   block:<USER_LOGIC_I/bram_arb_q/U0/xst_blk_mem_generator/gnativebmg.native_blk
   _mem_gen/valid.cstr/ramloop[16].ram.r/v4_init.ram/SP.SINGLE_PRIM.SP>:<RAMB16_
   RAMB16>.  If port A WRITE_WIDTH_A is used then the CLKA and DIA0 pins must be
   used.
WARNING:PhysDesignRules:1221 - Issue with pin connections and/or configuration
   on
   block:<USER_LOGIC_I/bram_arb_q/U0/xst_blk_mem_generator/gnativebmg.native_blk
   _mem_gen/valid.cstr/ramloop[15].ram.r/v4_init.ram/SP.SINGLE_PRIM.SP>:<RAMB16_
   RAMB16>.  If port A WRITE_WIDTH_A is used then the CLKA and DIA0 pins must be
   used.
WARNING:PhysDesignRules:1221 - Issue with pin connections and/or configuration
   on
   block:<USER_LOGIC_I/bram_arb_q/U0/xst_blk_mem_generator/gnativebmg.native_blk
   _mem_gen/valid.cstr/ramloop[14].ram.r/v4_init.ram/SP.SINGLE_PRIM.SP>:<RAMB16_
   RAMB16>.  If port A WRITE_WIDTH_A is used then the CLKA and DIA0 pins must be
   used.
WARNING:PhysDesignRules:1221 - Issue with pin connections and/or configuration
   on
   block:<USER_LOGIC_I/bram_arb_q/U0/xst_blk_mem_generator/gnativebmg.native_blk
   _mem_gen/valid.cstr/ramloop[13].ram.r/v4_init.ram/SP.SINGLE_PRIM.SP>:<RAMB16_
   RAMB16>.  If port A WRITE_WIDTH_A is used then the CLKA and DIA0 pins must be
   used.
WARNING:PhysDesignRules:1221 - Issue with pin connections and/or configuration
   on
   block:<USER_LOGIC_I/bram_arb_q/U0/xst_blk_mem_generator/gnativebmg.native_blk
   _mem_gen/valid.cstr/ramloop[12].ram.r/v4_init.ram/SP.SINGLE_PRIM.SP>:<RAMB16_
   RAMB16>.  If port A WRITE_WIDTH_A is used then the CLKA and DIA0 pins must be
   used.
WARNING:PhysDesignRules:1221 - Issue with pin connections and/or configuration
   on
   block:<USER_LOGIC_I/bram_arb_q/U0/xst_blk_mem_generator/gnativebmg.native_blk
   _mem_gen/valid.cstr/ramloop[11].ram.r/v4_init.ram/SP.SINGLE_PRIM.SP>:<RAMB16_
   RAMB16>.  If port A WRITE_WIDTH_A is used then the CLKA and DIA0 pins must be
   used.
WARNING:PhysDesignRules:1221 - Issue with pin connections and/or configuration
   on
   block:<USER_LOGIC_I/bram_arb_q/U0/xst_blk_mem_generator/gnativebmg.native_blk
   _mem_gen/valid.cstr/ramloop[10].ram.r/v4_init.ram/SP.SINGLE_PRIM.SP>:<RAMB16_
   RAMB16>.  If port A WRITE_WIDTH_A is used then the CLKA and DIA0 pins must be
   used.
WARNING:PhysDesignRules:1221 - Issue with pin connections and/or configuration
   on
   block:<USER_LOGIC_I/bram_arb_q/U0/xst_blk_mem_generator/gnativebmg.native_blk
   _mem_gen/valid.cstr/ramloop[0].ram.r/v4_init.ram/SP.SINGLE_PRIM.SP>:<RAMB16_R
   AMB16>.  If port A WRITE_WIDTH_A is used then the CLKA and DIA0 pins must be
   used.
WARNING:PhysDesignRules:1221 - Issue with pin connections and/or configuration
   on
   block:<USER_LOGIC_I/bram_arb_i/U0/xst_blk_mem_generator/gnativebmg.native_blk
   _mem_gen/valid.cstr/ramloop[9].ram.r/v4_init.ram/SP.SINGLE_PRIM.SP>:<RAMB16_R
   AMB16>.  If port A WRITE_WIDTH_A is used then the CLKA and DIA0 pins must be
   used.
WARNING:PhysDesignRules:1221 - Issue with pin connections and/or configuration
   on
   block:<USER_LOGIC_I/bram_arb_i/U0/xst_blk_mem_generator/gnativebmg.native_blk
   _mem_gen/valid.cstr/ramloop[8].ram.r/v4_init.ram/SP.SINGLE_PRIM.SP>:<RAMB16_R
   AMB16>.  If port A WRITE_WIDTH_A is used then the CLKA and DIA0 pins must be
   used.
WARNING:PhysDesignRules:1221 - Issue with pin connections and/or configuration
   on
   block:<USER_LOGIC_I/bram_arb_i/U0/xst_blk_mem_generator/gnativebmg.native_blk
   _mem_gen/valid.cstr/ramloop[7].ram.r/v4_init.ram/SP.SINGLE_PRIM.SP>:<RAMB16_R
   AMB16>.  If port A WRITE_WIDTH_A is used then the CLKA and DIA0 pins must be
   used.
WARNING:PhysDesignRules:1221 - Issue with pin connections and/or configuration
   on
   block:<USER_LOGIC_I/bram_arb_i/U0/xst_blk_mem_generator/gnativebmg.native_blk
   _mem_gen/valid.cstr/ramloop[6].ram.r/v4_init.ram/SP.SINGLE_PRIM.SP>:<RAMB16_R
   AMB16>.  If port A WRITE_WIDTH_A is used then the CLKA and DIA0 pins must be
   used.
WARNING:PhysDesignRules:1221 - Issue with pin connections and/or configuration
   on
   block:<USER_LOGIC_I/bram_arb_i/U0/xst_blk_mem_generator/gnativebmg.native_blk
   _mem_gen/valid.cstr/ramloop[5].ram.r/v4_init.ram/SP.SINGLE_PRIM.SP>:<RAMB16_R
   AMB16>.  If port A WRITE_WIDTH_A is used then the CLKA and DIA0 pins must be
   used.
WARNING:PhysDesignRules:1221 - Issue with pin connections and/or configuration
   on
   block:<USER_LOGIC_I/bram_arb_i/U0/xst_blk_mem_generator/gnativebmg.native_blk
   _mem_gen/valid.cstr/ramloop[4].ram.r/v4_init.ram/SP.SINGLE_PRIM.SP>:<RAMB16_R
   AMB16>.  If port A WRITE_WIDTH_A is used then the CLKA and DIA0 pins must be
   used.
WARNING:PhysDesignRules:1221 - Issue with pin connections and/or configuration
   on
   block:<USER_LOGIC_I/bram_arb_i/U0/xst_blk_mem_generator/gnativebmg.native_blk
   _mem_gen/valid.cstr/ramloop[3].ram.r/v4_init.ram/SP.SINGLE_PRIM.SP>:<RAMB16_R
   AMB16>.  If port A WRITE_WIDTH_A is used then the CLKA and DIA0 pins must be
   used.
WARNING:PhysDesignRules:1221 - Issue with pin connections and/or configuration
   on
   block:<USER_LOGIC_I/bram_arb_i/U0/xst_blk_mem_generator/gnativebmg.native_blk
   _mem_gen/valid.cstr/ramloop[31].ram.r/v4_init.ram/SP.SINGLE_PRIM.SP>:<RAMB16_
   RAMB16>.  If port A WRITE_WIDTH_A is used then the CLKA and DIA0 pins must be
   used.
WARNING:PhysDesignRules:1221 - Issue with pin connections and/or configuration
   on
   block:<USER_LOGIC_I/bram_arb_i/U0/xst_blk_mem_generator/gnativebmg.native_blk
   _mem_gen/valid.cstr/ramloop[30].ram.r/v4_init.ram/SP.SINGLE_PRIM.SP>:<RAMB16_
   RAMB16>.  If port A WRITE_WIDTH_A is used then the CLKA and DIA0 pins must be
   used.
WARNING:PhysDesignRules:1221 - Issue with pin connections and/or configuration
   on
   block:<USER_LOGIC_I/bram_arb_i/U0/xst_blk_mem_generator/gnativebmg.native_blk
   _mem_gen/valid.cstr/ramloop[2].ram.r/v4_init.ram/SP.SINGLE_PRIM.SP>:<RAMB16_R
   AMB16>.  If port A WRITE_WIDTH_A is used then the CLKA and DIA0 pins must be
   used.
WARNING:PhysDesignRules:1221 - Issue with pin connections and/or configuration
   on
   block:<USER_LOGIC_I/bram_arb_i/U0/xst_blk_mem_generator/gnativebmg.native_blk
   _mem_gen/valid.cstr/ramloop[29].ram.r/v4_init.ram/SP.SINGLE_PRIM.SP>:<RAMB16_
   RAMB16>.  If port A WRITE_WIDTH_A is used then the CLKA and DIA0 pins must be
   used.
WARNING:PhysDesignRules:1221 - Issue with pin connections and/or configuration
   on
   block:<USER_LOGIC_I/bram_arb_i/U0/xst_blk_mem_generator/gnativebmg.native_blk
   _mem_gen/valid.cstr/ramloop[28].ram.r/v4_init.ram/SP.SINGLE_PRIM.SP>:<RAMB16_
   RAMB16>.  If port A WRITE_WIDTH_A is used then the CLKA and DIA0 pins must be
   used.
WARNING:PhysDesignRules:1221 - Issue with pin connections and/or configuration
   on
   block:<USER_LOGIC_I/bram_arb_i/U0/xst_blk_mem_generator/gnativebmg.native_blk
   _mem_gen/valid.cstr/ramloop[27].ram.r/v4_init.ram/SP.SINGLE_PRIM.SP>:<RAMB16_
   RAMB16>.  If port A WRITE_WIDTH_A is used then the CLKA and DIA0 pins must be
   used.
WARNING:PhysDesignRules:1221 - Issue with pin connections and/or configuration
   on
   block:<USER_LOGIC_I/bram_arb_i/U0/xst_blk_mem_generator/gnativebmg.native_blk
   _mem_gen/valid.cstr/ramloop[26].ram.r/v4_init.ram/SP.SINGLE_PRIM.SP>:<RAMB16_
   RAMB16>.  If port A WRITE_WIDTH_A is used then the CLKA and DIA0 pins must be
   used.
WARNING:PhysDesignRules:1221 - Issue with pin connections and/or configuration
   on
   block:<USER_LOGIC_I/bram_arb_i/U0/xst_blk_mem_generator/gnativebmg.native_blk
   _mem_gen/valid.cstr/ramloop[25].ram.r/v4_init.ram/SP.SINGLE_PRIM.SP>:<RAMB16_
   RAMB16>.  If port A WRITE_WIDTH_A is used then the CLKA and DIA0 pins must be
   used.
WARNING:PhysDesignRules:1221 - Issue with pin connections and/or configuration
   on
   block:<USER_LOGIC_I/bram_arb_i/U0/xst_blk_mem_generator/gnativebmg.native_blk
   _mem_gen/valid.cstr/ramloop[24].ram.r/v4_init.ram/SP.SINGLE_PRIM.SP>:<RAMB16_
   RAMB16>.  If port A WRITE_WIDTH_A is used then the CLKA and DIA0 pins must be
   used.
WARNING:PhysDesignRules:1221 - Issue with pin connections and/or configuration
   on
   block:<USER_LOGIC_I/bram_arb_i/U0/xst_blk_mem_generator/gnativebmg.native_blk
   _mem_gen/valid.cstr/ramloop[23].ram.r/v4_init.ram/SP.SINGLE_PRIM.SP>:<RAMB16_
   RAMB16>.  If port A WRITE_WIDTH_A is used then the CLKA and DIA0 pins must be
   used.
WARNING:PhysDesignRules:1221 - Issue with pin connections and/or configuration
   on
   block:<USER_LOGIC_I/bram_arb_i/U0/xst_blk_mem_generator/gnativebmg.native_blk
   _mem_gen/valid.cstr/ramloop[22].ram.r/v4_init.ram/SP.SINGLE_PRIM.SP>:<RAMB16_
   RAMB16>.  If port A WRITE_WIDTH_A is used then the CLKA and DIA0 pins must be
   used.
WARNING:PhysDesignRules:1221 - Issue with pin connections and/or configuration
   on
   block:<USER_LOGIC_I/bram_arb_i/U0/xst_blk_mem_generator/gnativebmg.native_blk
   _mem_gen/valid.cstr/ramloop[21].ram.r/v4_init.ram/SP.SINGLE_PRIM.SP>:<RAMB16_
   RAMB16>.  If port A WRITE_WIDTH_A is used then the CLKA and DIA0 pins must be
   used.
WARNING:PhysDesignRules:1221 - Issue with pin connections and/or configuration
   on
   block:<USER_LOGIC_I/bram_arb_i/U0/xst_blk_mem_generator/gnativebmg.native_blk
   _mem_gen/valid.cstr/ramloop[20].ram.r/v4_init.ram/SP.SINGLE_PRIM.SP>:<RAMB16_
   RAMB16>.  If port A WRITE_WIDTH_A is used then the CLKA and DIA0 pins must be
   used.
WARNING:PhysDesignRules:1221 - Issue with pin connections and/or configuration
   on
   block:<USER_LOGIC_I/bram_arb_i/U0/xst_blk_mem_generator/gnativebmg.native_blk
   _mem_gen/valid.cstr/ramloop[1].ram.r/v4_init.ram/SP.SINGLE_PRIM.SP>:<RAMB16_R
   AMB16>.  If port A WRITE_WIDTH_A is used then the CLKA and DIA0 pins must be
   used.
WARNING:PhysDesignRules:1221 - Issue with pin connections and/or configuration
   on
   block:<USER_LOGIC_I/bram_arb_i/U0/xst_blk_mem_generator/gnativebmg.native_blk
   _mem_gen/valid.cstr/ramloop[19].ram.r/v4_init.ram/SP.SINGLE_PRIM.SP>:<RAMB16_
   RAMB16>.  If port A WRITE_WIDTH_A is used then the CLKA and DIA0 pins must be
   used.
WARNING:PhysDesignRules:1221 - Issue with pin connections and/or configuration
   on
   block:<USER_LOGIC_I/bram_arb_i/U0/xst_blk_mem_generator/gnativebmg.native_blk
   _mem_gen/valid.cstr/ramloop[18].ram.r/v4_init.ram/SP.SINGLE_PRIM.SP>:<RAMB16_
   RAMB16>.  If port A WRITE_WIDTH_A is used then the CLKA and DIA0 pins must be
   used.
WARNING:PhysDesignRules:1221 - Issue with pin connections and/or configuration
   on
   block:<USER_LOGIC_I/bram_arb_i/U0/xst_blk_mem_generator/gnativebmg.native_blk
   _mem_gen/valid.cstr/ramloop[17].ram.r/v4_init.ram/SP.SINGLE_PRIM.SP>:<RAMB16_
   RAMB16>.  If port A WRITE_WIDTH_A is used then the CLKA and DIA0 pins must be
   used.
WARNING:PhysDesignRules:1221 - Issue with pin connections and/or configuration
   on
   block:<USER_LOGIC_I/bram_arb_i/U0/xst_blk_mem_generator/gnativebmg.native_blk
   _mem_gen/valid.cstr/ramloop[16].ram.r/v4_init.ram/SP.SINGLE_PRIM.SP>:<RAMB16_
   RAMB16>.  If port A WRITE_WIDTH_A is used then the CLKA and DIA0 pins must be
   used.
WARNING:PhysDesignRules:1221 - Issue with pin connections and/or configuration
   on
   block:<USER_LOGIC_I/bram_arb_i/U0/xst_blk_mem_generator/gnativebmg.native_blk
   _mem_gen/valid.cstr/ramloop[15].ram.r/v4_init.ram/SP.SINGLE_PRIM.SP>:<RAMB16_
   RAMB16>.  If port A WRITE_WIDTH_A is used then the CLKA and DIA0 pins must be
   used.
WARNING:PhysDesignRules:1221 - Issue with pin connections and/or configuration
   on
   block:<USER_LOGIC_I/bram_arb_i/U0/xst_blk_mem_generator/gnativebmg.native_blk
   _mem_gen/valid.cstr/ramloop[14].ram.r/v4_init.ram/SP.SINGLE_PRIM.SP>:<RAMB16_
   RAMB16>.  If port A WRITE_WIDTH_A is used then the CLKA and DIA0 pins must be
   used.
WARNING:PhysDesignRules:1221 - Issue with pin connections and/or configuration
   on
   block:<USER_LOGIC_I/bram_arb_i/U0/xst_blk_mem_generator/gnativebmg.native_blk
   _mem_gen/valid.cstr/ramloop[13].ram.r/v4_init.ram/SP.SINGLE_PRIM.SP>:<RAMB16_
   RAMB16>.  If port A WRITE_WIDTH_A is used then the CLKA and DIA0 pins must be
   used.
WARNING:PhysDesignRules:1221 - Issue with pin connections and/or configuration
   on
   block:<USER_LOGIC_I/bram_arb_i/U0/xst_blk_mem_generator/gnativebmg.native_blk
   _mem_gen/valid.cstr/ramloop[12].ram.r/v4_init.ram/SP.SINGLE_PRIM.SP>:<RAMB16_
   RAMB16>.  If port A WRITE_WIDTH_A is used then the CLKA and DIA0 pins must be
   used.
WARNING:PhysDesignRules:1221 - Issue with pin connections and/or configuration
   on
   block:<USER_LOGIC_I/bram_arb_i/U0/xst_blk_mem_generator/gnativebmg.native_blk
   _mem_gen/valid.cstr/ramloop[11].ram.r/v4_init.ram/SP.SINGLE_PRIM.SP>:<RAMB16_
   RAMB16>.  If port A WRITE_WIDTH_A is used then the CLKA and DIA0 pins must be
   used.
WARNING:PhysDesignRules:1221 - Issue with pin connections and/or configuration
   on
   block:<USER_LOGIC_I/bram_arb_i/U0/xst_blk_mem_generator/gnativebmg.native_blk
   _mem_gen/valid.cstr/ramloop[10].ram.r/v4_init.ram/SP.SINGLE_PRIM.SP>:<RAMB16_
   RAMB16>.  If port A WRITE_WIDTH_A is used then the CLKA and DIA0 pins must be
   used.
WARNING:PhysDesignRules:1221 - Issue with pin connections and/or configuration
   on
   block:<USER_LOGIC_I/bram_arb_i/U0/xst_blk_mem_generator/gnativebmg.native_blk
   _mem_gen/valid.cstr/ramloop[0].ram.r/v4_init.ram/SP.SINGLE_PRIM.SP>:<RAMB16_R
   AMB16>.  If port A WRITE_WIDTH_A is used then the CLKA and DIA0 pins must be
   used.
WARNING:PhysDesignRules:1221 - Issue with pin connections and/or configuration
   on
   block:<USER_LOGIC_I/bram_arb_q/U0/xst_blk_mem_generator/gnativebmg.native_blk
   _mem_gen/valid.cstr/ramloop[33].ram.r/v4_init.ram/SP.CASCADED_PRIM.C_SP_B>:<R
   AMB16_RAMB16>.  If port A WRITE_WIDTH_A is used then the CLKA and DIA0 pins
   must be used.
WARNING:PhysDesignRules:1221 - Issue with pin connections and/or configuration
   on
   block:<USER_LOGIC_I/bram_arb_q/U0/xst_blk_mem_generator/gnativebmg.native_blk
   _mem_gen/valid.cstr/ramloop[32].ram.r/v4_init.ram/SP.CASCADED_PRIM.C_SP_B>:<R
   AMB16_RAMB16>.  If port A WRITE_WIDTH_A is used then the CLKA and DIA0 pins
   must be used.
WARNING:PhysDesignRules:1221 - Issue with pin connections and/or configuration
   on
   block:<USER_LOGIC_I/bram_arb_i/U0/xst_blk_mem_generator/gnativebmg.native_blk
   _mem_gen/valid.cstr/ramloop[33].ram.r/v4_init.ram/SP.CASCADED_PRIM.C_SP_B>:<R
   AMB16_RAMB16>.  If port A WRITE_WIDTH_A is used then the CLKA and DIA0 pins
   must be used.
WARNING:PhysDesignRules:1221 - Issue with pin connections and/or configuration
   on
   block:<USER_LOGIC_I/bram_arb_i/U0/xst_blk_mem_generator/gnativebmg.native_blk
   _mem_gen/valid.cstr/ramloop[32].ram.r/v4_init.ram/SP.CASCADED_PRIM.C_SP_B>:<R
   AMB16_RAMB16>.  If port A WRITE_WIDTH_A is used then the CLKA and DIA0 pins
   must be used.
WARNING:PhysDesignRules:1221 - Issue with pin connections and/or configuration
   on
   block:<USER_LOGIC_I/bram_arb_q/U0/xst_blk_mem_generator/gnativebmg.native_blk
   _mem_gen/valid.cstr/ramloop[33].ram.r/v4_init.ram/SP.CASCADED_PRIM.C_SP_T>:<R
   AMB16_RAMB16>.  If port A WRITE_WIDTH_A is used then the CLKA and DIA0 pins
   must be used.
WARNING:PhysDesignRules:1221 - Issue with pin connections and/or configuration
   on
   block:<USER_LOGIC_I/bram_arb_q/U0/xst_blk_mem_generator/gnativebmg.native_blk
   _mem_gen/valid.cstr/ramloop[32].ram.r/v4_init.ram/SP.CASCADED_PRIM.C_SP_T>:<R
   AMB16_RAMB16>.  If port A WRITE_WIDTH_A is used then the CLKA and DIA0 pins
   must be used.
WARNING:PhysDesignRules:1221 - Issue with pin connections and/or configuration
   on
   block:<USER_LOGIC_I/bram_arb_i/U0/xst_blk_mem_generator/gnativebmg.native_blk
   _mem_gen/valid.cstr/ramloop[33].ram.r/v4_init.ram/SP.CASCADED_PRIM.C_SP_T>:<R
   AMB16_RAMB16>.  If port A WRITE_WIDTH_A is used then the CLKA and DIA0 pins
   must be used.
WARNING:PhysDesignRules:1221 - Issue with pin connections and/or configuration
   on
   block:<USER_LOGIC_I/bram_arb_i/U0/xst_blk_mem_generator/gnativebmg.native_blk
   _mem_gen/valid.cstr/ramloop[32].ram.r/v4_init.ram/SP.CASCADED_PRIM.C_SP_T>:<R
   AMB16_RAMB16>.  If port A WRITE_WIDTH_A is used then the CLKA and DIA0 pins
   must be used.

Section 3 - Informational
-------------------------
INFO:LIT:243 - Logical network PLB_wrPrim has no load.
INFO:LIT:395 - The above info message is repeated 195 more times for the
   following (max. 5 shown):
   PLB_rdBurst,
   PLB_SAValid,
   PLB_wrPendReq,
   PLB_rdPendReq,
   PLB_busLock
   To see the details of these info messages, please use the -detail switch.
INFO:MapLib:562 - No environment variables are currently set.
INFO:MapLib:797 - Your design is targeting LX/SX Production Step 0/1/ES devices.
   Please note that there are new specifications for the DCMs to guarantee
   maximum frequency performance. If the DCM input clock might stop or if the
   DCM reset might be asserted for an extended time, then use of the dcm_standby
   macro may be required. Please see Answer Record 21127.
INFO:LIT:244 - All of the single ended outputs in this design are using slew
   rate limited output drivers. The delay on speed critical single ended outputs
   can be dramatically reduced by designating them as fast outputs.

Section 4 - Removed Logic Summary
---------------------------------
  68 block(s) removed
  10 block(s) optimized away
  90 signal(s) removed

Section 5 - Removed Logic
-------------------------

The trimmed logic report below shows the logic removed from your design due to
sourceless or loadless signals, and VCC or ground connections.  If the removal
of a signal or symbol results in the subsequent removal of an additional signal
or symbol, the message explaining that second removal will be indented.  This
indentation will be repeated as a chain of related logic is removed.

To quickly locate the original cause for the removal of a chain of logic, look
above the place where that logic is listed in the trimming report, then locate
the lines that are least indented (begin at the leftmost edge).

The signal "USER_LOGIC_I/bram_arb_q/dina<9>" is sourceless and has been removed.
The signal "USER_LOGIC_I/bram_arb_q/dina<8>" is sourceless and has been removed.
The signal "USER_LOGIC_I/bram_arb_q/dina<7>" is sourceless and has been removed.
The signal "USER_LOGIC_I/bram_arb_q/dina<6>" is sourceless and has been removed.
The signal "USER_LOGIC_I/bram_arb_q/dina<5>" is sourceless and has been removed.
The signal "USER_LOGIC_I/bram_arb_q/dina<4>" is sourceless and has been removed.
The signal "USER_LOGIC_I/bram_arb_q/dina<3>" is sourceless and has been removed.
The signal "USER_LOGIC_I/bram_arb_q/dina<2>" is sourceless and has been removed.
The signal "USER_LOGIC_I/bram_arb_q/dina<1>" is sourceless and has been removed.
The signal "USER_LOGIC_I/bram_arb_q/dina<0>" is sourceless and has been removed.
The signal "USER_LOGIC_I/bram_arb_q/N0" is sourceless and has been removed.
The signal "USER_LOGIC_I/bram_arb_i/dina<9>" is sourceless and has been removed.
The signal "USER_LOGIC_I/bram_arb_i/dina<8>" is sourceless and has been removed.
The signal "USER_LOGIC_I/bram_arb_i/dina<7>" is sourceless and has been removed.
The signal "USER_LOGIC_I/bram_arb_i/dina<6>" is sourceless and has been removed.
The signal "USER_LOGIC_I/bram_arb_i/dina<5>" is sourceless and has been removed.
The signal "USER_LOGIC_I/bram_arb_i/dina<4>" is sourceless and has been removed.
The signal "USER_LOGIC_I/bram_arb_i/dina<3>" is sourceless and has been removed.
The signal "USER_LOGIC_I/bram_arb_i/dina<2>" is sourceless and has been removed.
The signal "USER_LOGIC_I/bram_arb_i/dina<1>" is sourceless and has been removed.
The signal "USER_LOGIC_I/bram_arb_i/dina<0>" is sourceless and has been removed.
The signal "USER_LOGIC_I/bram_arb_i/N0" is sourceless and has been removed.
The signal "USER_LOGIC_I/ip_dds_q/U0/i_synth/i_phase_out.del/pipe_2_15" is
sourceless and has been removed.
The signal "USER_LOGIC_I/ip_dds_q/U0/i_synth/i_phase_out.del/pipe_2_14" is
sourceless and has been removed.
The signal "USER_LOGIC_I/ip_dds_q/U0/i_synth/i_phase_out.del/pipe_2_13" is
sourceless and has been removed.
The signal "USER_LOGIC_I/ip_dds_q/U0/i_synth/i_phase_out.del/pipe_2_12" is
sourceless and has been removed.
The signal "USER_LOGIC_I/ip_dds_q/U0/i_synth/i_phase_out.del/pipe_2_11" is
sourceless and has been removed.
The signal "USER_LOGIC_I/ip_dds_q/U0/i_synth/i_phase_out.del/pipe_2_10" is
sourceless and has been removed.
The signal "USER_LOGIC_I/ip_dds_q/U0/i_synth/i_phase_out.del/pipe_2_9" is
sourceless and has been removed.
The signal "USER_LOGIC_I/ip_dds_q/U0/i_synth/i_phase_out.del/pipe_2_8" is
sourceless and has been removed.
The signal "USER_LOGIC_I/ip_dds_q/U0/i_synth/i_phase_out.del/pipe_2_7" is
sourceless and has been removed.
The signal "USER_LOGIC_I/ip_dds_q/U0/i_synth/i_phase_out.del/pipe_2_6" is
sourceless and has been removed.
The signal "USER_LOGIC_I/ip_dds_q/U0/i_synth/i_phase_out.del/pipe_2_5" is
sourceless and has been removed.
The signal "USER_LOGIC_I/ip_dds_q/U0/i_synth/i_phase_out.del/pipe_2_4" is
sourceless and has been removed.
The signal "USER_LOGIC_I/ip_dds_q/U0/i_synth/i_phase_out.del/pipe_2_3" is
sourceless and has been removed.
The signal "USER_LOGIC_I/ip_dds_q/U0/i_synth/i_phase_out.del/pipe_2_2" is
sourceless and has been removed.
The signal "USER_LOGIC_I/ip_dds_q/U0/i_synth/i_phase_out.del/pipe_2_1" is
sourceless and has been removed.
The signal "USER_LOGIC_I/ip_dds_q/U0/i_synth/i_phase_out.del/pipe_2_0" is
sourceless and has been removed.
The signal "USER_LOGIC_I/ip_dds_q/sig0000007c" is sourceless and has been
removed.
 Sourceless block "USER_LOGIC_I/ip_dds_q/blk00000023" (SFF) removed.
  The signal "USER_LOGIC_I/ip_dds_q/sig0000005c" is sourceless and has been
removed.
The signal "USER_LOGIC_I/ip_dds_q/sig000000a4" is sourceless and has been
removed.
 Sourceless block "USER_LOGIC_I/ip_dds_q/blk00000064" (FF) removed.
The signal "USER_LOGIC_I/ip_dds_q/sig000000af" is sourceless and has been
removed.
 Sourceless block "USER_LOGIC_I/ip_dds_q/blk00000065" (FF) removed.
The signal "USER_LOGIC_I/ip_dds_q/sig000000ba" is sourceless and has been
removed.
 Sourceless block "USER_LOGIC_I/ip_dds_q/blk00000066" (FF) removed.
The signal "USER_LOGIC_I/ip_dds_q/sig000000bd" is sourceless and has been
removed.
 Sourceless block "USER_LOGIC_I/ip_dds_q/blk00000067" (FF) removed.
The signal "USER_LOGIC_I/ip_dds_q/sig000000be" is sourceless and has been
removed.
 Sourceless block "USER_LOGIC_I/ip_dds_q/blk00000068" (FF) removed.
The signal "USER_LOGIC_I/ip_dds_q/sig000000bf" is sourceless and has been
removed.
 Sourceless block "USER_LOGIC_I/ip_dds_q/blk00000069" (FF) removed.
The signal "USER_LOGIC_I/ip_dds_q/sig000000c0" is sourceless and has been
removed.
 Sourceless block "USER_LOGIC_I/ip_dds_q/blk0000006a" (FF) removed.
The signal "USER_LOGIC_I/ip_dds_q/sig000000c1" is sourceless and has been
removed.
 Sourceless block "USER_LOGIC_I/ip_dds_q/blk0000006b" (FF) removed.
The signal "USER_LOGIC_I/ip_dds_q/sig000000c2" is sourceless and has been
removed.
 Sourceless block "USER_LOGIC_I/ip_dds_q/blk0000006c" (FF) removed.
The signal "USER_LOGIC_I/ip_dds_q/sig000000c3" is sourceless and has been
removed.
 Sourceless block "USER_LOGIC_I/ip_dds_q/blk0000006d" (FF) removed.
The signal "USER_LOGIC_I/ip_dds_q/sig000000a5" is sourceless and has been
removed.
 Sourceless block "USER_LOGIC_I/ip_dds_q/blk0000006e" (FF) removed.
The signal "USER_LOGIC_I/ip_dds_q/sig000000a6" is sourceless and has been
removed.
 Sourceless block "USER_LOGIC_I/ip_dds_q/blk0000006f" (FF) removed.
The signal "USER_LOGIC_I/ip_dds_q/sig000000a7" is sourceless and has been
removed.
 Sourceless block "USER_LOGIC_I/ip_dds_q/blk00000070" (FF) removed.
The signal "USER_LOGIC_I/ip_dds_q/sig000000a8" is sourceless and has been
removed.
 Sourceless block "USER_LOGIC_I/ip_dds_q/blk00000071" (FF) removed.
The signal "USER_LOGIC_I/ip_dds_q/sig000000a9" is sourceless and has been
removed.
 Sourceless block "USER_LOGIC_I/ip_dds_q/blk00000072" (FF) removed.
The signal "USER_LOGIC_I/ip_dds_q/sig000000aa" is sourceless and has been
removed.
 Sourceless block "USER_LOGIC_I/ip_dds_q/blk00000073" (FF) removed.
The signal "USER_LOGIC_I/ip_dds_i/U0/i_synth/i_phase_out.del/pipe_2_15" is
sourceless and has been removed.
The signal "USER_LOGIC_I/ip_dds_i/U0/i_synth/i_phase_out.del/pipe_2_14" is
sourceless and has been removed.
The signal "USER_LOGIC_I/ip_dds_i/U0/i_synth/i_phase_out.del/pipe_2_13" is
sourceless and has been removed.
The signal "USER_LOGIC_I/ip_dds_i/U0/i_synth/i_phase_out.del/pipe_2_12" is
sourceless and has been removed.
The signal "USER_LOGIC_I/ip_dds_i/U0/i_synth/i_phase_out.del/pipe_2_11" is
sourceless and has been removed.
The signal "USER_LOGIC_I/ip_dds_i/U0/i_synth/i_phase_out.del/pipe_2_10" is
sourceless and has been removed.
The signal "USER_LOGIC_I/ip_dds_i/U0/i_synth/i_phase_out.del/pipe_2_9" is
sourceless and has been removed.
The signal "USER_LOGIC_I/ip_dds_i/U0/i_synth/i_phase_out.del/pipe_2_8" is
sourceless and has been removed.
The signal "USER_LOGIC_I/ip_dds_i/U0/i_synth/i_phase_out.del/pipe_2_7" is
sourceless and has been removed.
The signal "USER_LOGIC_I/ip_dds_i/U0/i_synth/i_phase_out.del/pipe_2_6" is
sourceless and has been removed.
The signal "USER_LOGIC_I/ip_dds_i/U0/i_synth/i_phase_out.del/pipe_2_5" is
sourceless and has been removed.
The signal "USER_LOGIC_I/ip_dds_i/U0/i_synth/i_phase_out.del/pipe_2_4" is
sourceless and has been removed.
The signal "USER_LOGIC_I/ip_dds_i/U0/i_synth/i_phase_out.del/pipe_2_3" is
sourceless and has been removed.
The signal "USER_LOGIC_I/ip_dds_i/U0/i_synth/i_phase_out.del/pipe_2_2" is
sourceless and has been removed.
The signal "USER_LOGIC_I/ip_dds_i/U0/i_synth/i_phase_out.del/pipe_2_1" is
sourceless and has been removed.
The signal "USER_LOGIC_I/ip_dds_i/U0/i_synth/i_phase_out.del/pipe_2_0" is
sourceless and has been removed.
The signal "USER_LOGIC_I/ip_dds_i/sig0000007c" is sourceless and has been
removed.
 Sourceless block "USER_LOGIC_I/ip_dds_i/blk00000023" (SFF) removed.
  The signal "USER_LOGIC_I/ip_dds_i/sig0000005c" is sourceless and has been
removed.
The signal "USER_LOGIC_I/ip_dds_i/sig000000a4" is sourceless and has been
removed.
 Sourceless block "USER_LOGIC_I/ip_dds_i/blk00000064" (FF) removed.
The signal "USER_LOGIC_I/ip_dds_i/sig000000af" is sourceless and has been
removed.
 Sourceless block "USER_LOGIC_I/ip_dds_i/blk00000065" (FF) removed.
The signal "USER_LOGIC_I/ip_dds_i/sig000000ba" is sourceless and has been
removed.
 Sourceless block "USER_LOGIC_I/ip_dds_i/blk00000066" (FF) removed.
The signal "USER_LOGIC_I/ip_dds_i/sig000000bd" is sourceless and has been
removed.
 Sourceless block "USER_LOGIC_I/ip_dds_i/blk00000067" (FF) removed.
The signal "USER_LOGIC_I/ip_dds_i/sig000000be" is sourceless and has been
removed.
 Sourceless block "USER_LOGIC_I/ip_dds_i/blk00000068" (FF) removed.
The signal "USER_LOGIC_I/ip_dds_i/sig000000bf" is sourceless and has been
removed.
 Sourceless block "USER_LOGIC_I/ip_dds_i/blk00000069" (FF) removed.
The signal "USER_LOGIC_I/ip_dds_i/sig000000c0" is sourceless and has been
removed.
 Sourceless block "USER_LOGIC_I/ip_dds_i/blk0000006a" (FF) removed.
The signal "USER_LOGIC_I/ip_dds_i/sig000000c1" is sourceless and has been
removed.
 Sourceless block "USER_LOGIC_I/ip_dds_i/blk0000006b" (FF) removed.
The signal "USER_LOGIC_I/ip_dds_i/sig000000c2" is sourceless and has been
removed.
 Sourceless block "USER_LOGIC_I/ip_dds_i/blk0000006c" (FF) removed.
The signal "USER_LOGIC_I/ip_dds_i/sig000000c3" is sourceless and has been
removed.
 Sourceless block "USER_LOGIC_I/ip_dds_i/blk0000006d" (FF) removed.
The signal "USER_LOGIC_I/ip_dds_i/sig000000a5" is sourceless and has been
removed.
 Sourceless block "USER_LOGIC_I/ip_dds_i/blk0000006e" (FF) removed.
The signal "USER_LOGIC_I/ip_dds_i/sig000000a6" is sourceless and has been
removed.
 Sourceless block "USER_LOGIC_I/ip_dds_i/blk0000006f" (FF) removed.
The signal "USER_LOGIC_I/ip_dds_i/sig000000a7" is sourceless and has been
removed.
 Sourceless block "USER_LOGIC_I/ip_dds_i/blk00000070" (FF) removed.
The signal "USER_LOGIC_I/ip_dds_i/sig000000a8" is sourceless and has been
removed.
 Sourceless block "USER_LOGIC_I/ip_dds_i/blk00000071" (FF) removed.
The signal "USER_LOGIC_I/ip_dds_i/sig000000a9" is sourceless and has been
removed.
 Sourceless block "USER_LOGIC_I/ip_dds_i/blk00000072" (FF) removed.
The signal "USER_LOGIC_I/ip_dds_i/sig000000aa" is sourceless and has been
removed.
 Sourceless block "USER_LOGIC_I/ip_dds_i/blk00000073" (FF) removed.
Unused block "USER_LOGIC_I/ip_dds_i/blk00000044" (FF) removed.
Unused block "USER_LOGIC_I/ip_dds_i/blk00000045" (FF) removed.
Unused block "USER_LOGIC_I/ip_dds_i/blk00000046" (FF) removed.
Unused block "USER_LOGIC_I/ip_dds_i/blk00000047" (FF) removed.
Unused block "USER_LOGIC_I/ip_dds_i/blk00000048" (FF) removed.
Unused block "USER_LOGIC_I/ip_dds_i/blk00000049" (FF) removed.
Unused block "USER_LOGIC_I/ip_dds_i/blk0000004a" (FF) removed.
Unused block "USER_LOGIC_I/ip_dds_i/blk0000004b" (FF) removed.
Unused block "USER_LOGIC_I/ip_dds_i/blk0000004c" (FF) removed.
Unused block "USER_LOGIC_I/ip_dds_i/blk0000004d" (FF) removed.
Unused block "USER_LOGIC_I/ip_dds_i/blk0000004e" (FF) removed.
Unused block "USER_LOGIC_I/ip_dds_i/blk0000004f" (FF) removed.
Unused block "USER_LOGIC_I/ip_dds_i/blk00000050" (FF) removed.
Unused block "USER_LOGIC_I/ip_dds_i/blk00000051" (FF) removed.
Unused block "USER_LOGIC_I/ip_dds_i/blk00000052" (FF) removed.
Unused block "USER_LOGIC_I/ip_dds_i/blk00000053" (FF) removed.
Unused block "USER_LOGIC_I/ip_dds_q/blk00000044" (FF) removed.
Unused block "USER_LOGIC_I/ip_dds_q/blk00000045" (FF) removed.
Unused block "USER_LOGIC_I/ip_dds_q/blk00000046" (FF) removed.
Unused block "USER_LOGIC_I/ip_dds_q/blk00000047" (FF) removed.
Unused block "USER_LOGIC_I/ip_dds_q/blk00000048" (FF) removed.
Unused block "USER_LOGIC_I/ip_dds_q/blk00000049" (FF) removed.
Unused block "USER_LOGIC_I/ip_dds_q/blk0000004a" (FF) removed.
Unused block "USER_LOGIC_I/ip_dds_q/blk0000004b" (FF) removed.
Unused block "USER_LOGIC_I/ip_dds_q/blk0000004c" (FF) removed.
Unused block "USER_LOGIC_I/ip_dds_q/blk0000004d" (FF) removed.
Unused block "USER_LOGIC_I/ip_dds_q/blk0000004e" (FF) removed.
Unused block "USER_LOGIC_I/ip_dds_q/blk0000004f" (FF) removed.
Unused block "USER_LOGIC_I/ip_dds_q/blk00000050" (FF) removed.
Unused block "USER_LOGIC_I/ip_dds_q/blk00000051" (FF) removed.
Unused block "USER_LOGIC_I/ip_dds_q/blk00000052" (FF) removed.
Unused block "USER_LOGIC_I/ip_dds_q/blk00000053" (FF) removed.
Unused block "USER_LOGIC_I/ip_dds_i/blk00000085" (MUX) removed.
Unused block "USER_LOGIC_I/ip_dds_q/blk00000085" (MUX) removed.

Optimized Block(s):
TYPE 		BLOCK
GND 		USER_LOGIC_I/bram_arb_i/XST_GND
VCC 		USER_LOGIC_I/bram_arb_i/XST_VCC
GND 		USER_LOGIC_I/bram_arb_q/XST_GND
VCC 		USER_LOGIC_I/bram_arb_q/XST_VCC
GND 		USER_LOGIC_I/ip_dds_i/blk00000001
VCC 		USER_LOGIC_I/ip_dds_i/blk00000002
GND 		USER_LOGIC_I/ip_dds_q/blk00000001
VCC 		USER_LOGIC_I/ip_dds_q/blk00000002
GND 		XST_GND
VCC 		XST_VCC

To enable printing of redundant blocks removed and signals merged, set the
detailed map report option and rerun map.

Section 6 - IOB Properties
--------------------------

+---------------------------------------------------------------------------------------------------------------------------------------------------------+
| IOB Name                           | Type             | Direction | IO Standard          | Diff  | Drive    | Slew | Reg (s)      | Resistor | IOB      |
|                                    |                  |           |                      | Term  | Strength | Rate |              |          | Delay    |
+---------------------------------------------------------------------------------------------------------------------------------------------------------+
| CLKGEN_Clk                         | IOB              | INPUT     | LVCMOS25             |       |          |      |              |          |          |
| PLB_ABus<0>                        | IOB              | INPUT     | LVCMOS25             |       |          |      |              |          |          |
| PLB_ABus<1>                        | IOB              | INPUT     | LVCMOS25             |       |          |      |              |          |          |
| PLB_ABus<2>                        | IOB              | INPUT     | LVCMOS25             |       |          |      |              |          |          |
| PLB_ABus<3>                        | IOB              | INPUT     | LVCMOS25             |       |          |      |              |          |          |
| PLB_ABus<4>                        | IOB              | INPUT     | LVCMOS25             |       |          |      |              |          |          |
| PLB_ABus<5>                        | IOB              | INPUT     | LVCMOS25             |       |          |      |              |          |          |
| PLB_ABus<6>                        | IOB              | INPUT     | LVCMOS25             |       |          |      |              |          |          |
| PLB_ABus<7>                        | IOB              | INPUT     | LVCMOS25             |       |          |      |              |          |          |
| PLB_ABus<8>                        | IOB              | INPUT     | LVCMOS25             |       |          |      |              |          |          |
| PLB_ABus<9>                        | IOB              | INPUT     | LVCMOS25             |       |          |      |              |          |          |
| PLB_ABus<10>                       | IOB              | INPUT     | LVCMOS25             |       |          |      |              |          |          |
| PLB_ABus<11>                       | IOB              | INPUT     | LVCMOS25             |       |          |      |              |          |          |
| PLB_ABus<12>                       | IOB              | INPUT     | LVCMOS25             |       |          |      |              |          |          |
| PLB_ABus<13>                       | IOB              | INPUT     | LVCMOS25             |       |          |      |              |          |          |
| PLB_ABus<14>                       | IOB              | INPUT     | LVCMOS25             |       |          |      |              |          |          |
| PLB_ABus<15>                       | IOB              | INPUT     | LVCMOS25             |       |          |      |              |          |          |
| PLB_ABus<16>                       | IOB              | INPUT     | LVCMOS25             |       |          |      |              |          |          |
| PLB_ABus<17>                       | IOB              | INPUT     | LVCMOS25             |       |          |      |              |          |          |
| PLB_ABus<18>                       | IOB              | INPUT     | LVCMOS25             |       |          |      |              |          |          |
| PLB_ABus<19>                       | IOB              | INPUT     | LVCMOS25             |       |          |      |              |          |          |
| PLB_ABus<20>                       | IOB              | INPUT     | LVCMOS25             |       |          |      |              |          |          |
| PLB_ABus<21>                       | IOB              | INPUT     | LVCMOS25             |       |          |      |              |          |          |
| PLB_ABus<22>                       | IOB              | INPUT     | LVCMOS25             |       |          |      |              |          |          |
| PLB_ABus<23>                       | IOB              | INPUT     | LVCMOS25             |       |          |      |              |          |          |
| PLB_ABus<24>                       | IOB              | INPUT     | LVCMOS25             |       |          |      |              |          |          |
| PLB_ABus<25>                       | IOB              | INPUT     | LVCMOS25             |       |          |      |              |          |          |
| PLB_ABus<26>                       | IOB              | INPUT     | LVCMOS25             |       |          |      |              |          |          |
| PLB_ABus<27>                       | IOB              | INPUT     | LVCMOS25             |       |          |      |              |          |          |
| PLB_ABus<28>                       | IOB              | INPUT     | LVCMOS25             |       |          |      |              |          |          |
| PLB_ABus<29>                       | IOB              | INPUT     | LVCMOS25             |       |          |      |              |          |          |
| PLB_ABus<30>                       | IOB              | INPUT     | LVCMOS25             |       |          |      |              |          |          |
| PLB_ABus<31>                       | IOB              | INPUT     | LVCMOS25             |       |          |      |              |          |          |
| PLB_BE<0>                          | IOB              | INPUT     | LVCMOS25             |       |          |      |              |          |          |
| PLB_BE<1>                          | IOB              | INPUT     | LVCMOS25             |       |          |      |              |          |          |
| PLB_BE<2>                          | IOB              | INPUT     | LVCMOS25             |       |          |      |              |          |          |
| PLB_BE<3>                          | IOB              | INPUT     | LVCMOS25             |       |          |      |              |          |          |
| PLB_BE<4>                          | IOB              | INPUT     | LVCMOS25             |       |          |      |              |          |          |
| PLB_BE<5>                          | IOB              | INPUT     | LVCMOS25             |       |          |      |              |          |          |
| PLB_BE<6>                          | IOB              | INPUT     | LVCMOS25             |       |          |      |              |          |          |
| PLB_BE<7>                          | IOB              | INPUT     | LVCMOS25             |       |          |      |              |          |          |
| PLB_BE<8>                          | IOB              | INPUT     | LVCMOS25             |       |          |      |              |          |          |
| PLB_BE<9>                          | IOB              | INPUT     | LVCMOS25             |       |          |      |              |          |          |
| PLB_BE<10>                         | IOB              | INPUT     | LVCMOS25             |       |          |      |              |          |          |
| PLB_BE<11>                         | IOB              | INPUT     | LVCMOS25             |       |          |      |              |          |          |
| PLB_BE<12>                         | IOB              | INPUT     | LVCMOS25             |       |          |      |              |          |          |
| PLB_BE<13>                         | IOB              | INPUT     | LVCMOS25             |       |          |      |              |          |          |
| PLB_BE<14>                         | IOB              | INPUT     | LVCMOS25             |       |          |      |              |          |          |
| PLB_BE<15>                         | IOB              | INPUT     | LVCMOS25             |       |          |      |              |          |          |
| PLB_PAValid                        | IOB              | INPUT     | LVCMOS25             |       |          |      |              |          |          |
| PLB_RNW                            | IOB              | INPUT     | LVCMOS25             |       |          |      |              |          |          |
| PLB_masterID<0>                    | IOB              | INPUT     | LVCMOS25             |       |          |      |              |          |          |
| PLB_masterID<1>                    | IOB              | INPUT     | LVCMOS25             |       |          |      |              |          |          |
| PLB_masterID<2>                    | IOB              | INPUT     | LVCMOS25             |       |          |      |              |          |          |
| PLB_size<0>                        | IOB              | INPUT     | LVCMOS25             |       |          |      |              |          |          |
| PLB_size<1>                        | IOB              | INPUT     | LVCMOS25             |       |          |      |              |          |          |
| PLB_size<2>                        | IOB              | INPUT     | LVCMOS25             |       |          |      |              |          |          |
| PLB_size<3>                        | IOB              | INPUT     | LVCMOS25             |       |          |      |              |          |          |
| PLB_type<0>                        | IOB              | INPUT     | LVCMOS25             |       |          |      |              |          |          |
| PLB_type<1>                        | IOB              | INPUT     | LVCMOS25             |       |          |      |              |          |          |
| PLB_type<2>                        | IOB              | INPUT     | LVCMOS25             |       |          |      |              |          |          |
| PLB_wrDBus<0>                      | IOB              | INPUT     | LVCMOS25             |       |          |      |              |          |          |
| PLB_wrDBus<1>                      | IOB              | INPUT     | LVCMOS25             |       |          |      |              |          |          |
| PLB_wrDBus<2>                      | IOB              | INPUT     | LVCMOS25             |       |          |      |              |          |          |
| PLB_wrDBus<3>                      | IOB              | INPUT     | LVCMOS25             |       |          |      |              |          |          |
| PLB_wrDBus<4>                      | IOB              | INPUT     | LVCMOS25             |       |          |      |              |          |          |
| PLB_wrDBus<5>                      | IOB              | INPUT     | LVCMOS25             |       |          |      |              |          |          |
| PLB_wrDBus<6>                      | IOB              | INPUT     | LVCMOS25             |       |          |      |              |          |          |
| PLB_wrDBus<7>                      | IOB              | INPUT     | LVCMOS25             |       |          |      |              |          |          |
| PLB_wrDBus<8>                      | IOB              | INPUT     | LVCMOS25             |       |          |      |              |          |          |
| PLB_wrDBus<9>                      | IOB              | INPUT     | LVCMOS25             |       |          |      |              |          |          |
| PLB_wrDBus<10>                     | IOB              | INPUT     | LVCMOS25             |       |          |      |              |          |          |
| PLB_wrDBus<11>                     | IOB              | INPUT     | LVCMOS25             |       |          |      |              |          |          |
| PLB_wrDBus<12>                     | IOB              | INPUT     | LVCMOS25             |       |          |      |              |          |          |
| PLB_wrDBus<13>                     | IOB              | INPUT     | LVCMOS25             |       |          |      |              |          |          |
| PLB_wrDBus<14>                     | IOB              | INPUT     | LVCMOS25             |       |          |      |              |          |          |
| PLB_wrDBus<15>                     | IOB              | INPUT     | LVCMOS25             |       |          |      |              |          |          |
| PLB_wrDBus<16>                     | IOB              | INPUT     | LVCMOS25             |       |          |      |              |          |          |
| PLB_wrDBus<17>                     | IOB              | INPUT     | LVCMOS25             |       |          |      |              |          |          |
| PLB_wrDBus<18>                     | IOB              | INPUT     | LVCMOS25             |       |          |      |              |          |          |
| PLB_wrDBus<19>                     | IOB              | INPUT     | LVCMOS25             |       |          |      |              |          |          |
| PLB_wrDBus<20>                     | IOB              | INPUT     | LVCMOS25             |       |          |      |              |          |          |
| PLB_wrDBus<21>                     | IOB              | INPUT     | LVCMOS25             |       |          |      |              |          |          |
| PLB_wrDBus<22>                     | IOB              | INPUT     | LVCMOS25             |       |          |      |              |          |          |
| PLB_wrDBus<23>                     | IOB              | INPUT     | LVCMOS25             |       |          |      |              |          |          |
| PLB_wrDBus<24>                     | IOB              | INPUT     | LVCMOS25             |       |          |      |              |          |          |
| PLB_wrDBus<25>                     | IOB              | INPUT     | LVCMOS25             |       |          |      |              |          |          |
| PLB_wrDBus<26>                     | IOB              | INPUT     | LVCMOS25             |       |          |      |              |          |          |
| PLB_wrDBus<27>                     | IOB              | INPUT     | LVCMOS25             |       |          |      |              |          |          |
| PLB_wrDBus<28>                     | IOB              | INPUT     | LVCMOS25             |       |          |      |              |          |          |
| PLB_wrDBus<29>                     | IOB              | INPUT     | LVCMOS25             |       |          |      |              |          |          |
| PLB_wrDBus<30>                     | IOB              | INPUT     | LVCMOS25             |       |          |      |              |          |          |
| PLB_wrDBus<31>                     | IOB              | INPUT     | LVCMOS25             |       |          |      |              |          |          |
| SPLB_Clk                           | IOB              | INPUT     | LVCMOS25             |       |          |      |              |          |          |
| SPLB_Rst                           | IOB              | INPUT     | LVCMOS25             |       |          |      |              |          |          |
| S_ClkMD                            | IOB              | OUTPUT    | LVCMOS25             |       | 12       | SLOW |              |          |          |
| S_Clkout                           | IOB              | OUTPUT    | LVCMOS25             |       | 12       | SLOW |              |          |          |
| S_DCLKIO                           | IOB              | OUTPUT    | LVCMOS25             |       | 12       | SLOW |              |          |          |
| S_Data<0>                          | IOB              | OUTPUT    | LVCMOS25             |       | 12       | SLOW |              |          |          |
| S_Data<1>                          | IOB              | OUTPUT    | LVCMOS25             |       | 12       | SLOW |              |          |          |
| S_Data<2>                          | IOB              | OUTPUT    | LVCMOS25             |       | 12       | SLOW |              |          |          |
| S_Data<3>                          | IOB              | OUTPUT    | LVCMOS25             |       | 12       | SLOW |              |          |          |
| S_Data<4>                          | IOB              | OUTPUT    | LVCMOS25             |       | 12       | SLOW |              |          |          |
| S_Data<5>                          | IOB              | OUTPUT    | LVCMOS25             |       | 12       | SLOW |              |          |          |
| S_Data<6>                          | IOB              | OUTPUT    | LVCMOS25             |       | 12       | SLOW |              |          |          |
| S_Data<7>                          | IOB              | OUTPUT    | LVCMOS25             |       | 12       | SLOW |              |          |          |
| S_Data<8>                          | IOB              | OUTPUT    | LVCMOS25             |       | 12       | SLOW |              |          |          |
| S_Data<9>                          | IOB              | OUTPUT    | LVCMOS25             |       | 12       | SLOW |              |          |          |
| S_Format_I                         | IOB              | INPUT     | LVCMOS25             |       |          |      |              |          |          |
| S_Format_O                         | IOB              | OUTPUT    | LVCMOS25             |       | 12       | SLOW |              |          |          |
| S_Format_T                         | IOB              | OUTPUT    | LVCMOS25             |       | 12       | SLOW |              |          |          |
| S_OpEnI                            | IOB              | OUTPUT    | LVCMOS25             |       | 12       | SLOW |              |          |          |
| S_OpEnQ                            | IOB              | OUTPUT    | LVCMOS25             |       | 12       | SLOW |              |          |          |
| S_PWRDN                            | IOB              | OUTPUT    | LVCMOS25             |       | 12       | SLOW |              |          |          |
| S_PinMD                            | IOB              | OUTPUT    | LVCMOS25             |       | 12       | SLOW |              |          |          |
| Sl_MBusy<0>                        | IOB              | OUTPUT    | LVCMOS25             |       | 12       | SLOW |              |          |          |
| Sl_MBusy<1>                        | IOB              | OUTPUT    | LVCMOS25             |       | 12       | SLOW |              |          |          |
| Sl_MBusy<2>                        | IOB              | OUTPUT    | LVCMOS25             |       | 12       | SLOW |              |          |          |
| Sl_MBusy<3>                        | IOB              | OUTPUT    | LVCMOS25             |       | 12       | SLOW |              |          |          |
| Sl_MBusy<4>                        | IOB              | OUTPUT    | LVCMOS25             |       | 12       | SLOW |              |          |          |
| Sl_MBusy<5>                        | IOB              | OUTPUT    | LVCMOS25             |       | 12       | SLOW |              |          |          |
| Sl_MBusy<6>                        | IOB              | OUTPUT    | LVCMOS25             |       | 12       | SLOW |              |          |          |
| Sl_MBusy<7>                        | IOB              | OUTPUT    | LVCMOS25             |       | 12       | SLOW |              |          |          |
| Sl_MIRQ<0>                         | IOB              | OUTPUT    | LVCMOS25             |       | 12       | SLOW |              |          |          |
| Sl_MIRQ<1>                         | IOB              | OUTPUT    | LVCMOS25             |       | 12       | SLOW |              |          |          |
| Sl_MIRQ<2>                         | IOB              | OUTPUT    | LVCMOS25             |       | 12       | SLOW |              |          |          |
| Sl_MIRQ<3>                         | IOB              | OUTPUT    | LVCMOS25             |       | 12       | SLOW |              |          |          |
| Sl_MIRQ<4>                         | IOB              | OUTPUT    | LVCMOS25             |       | 12       | SLOW |              |          |          |
| Sl_MIRQ<5>                         | IOB              | OUTPUT    | LVCMOS25             |       | 12       | SLOW |              |          |          |
| Sl_MIRQ<6>                         | IOB              | OUTPUT    | LVCMOS25             |       | 12       | SLOW |              |          |          |
| Sl_MIRQ<7>                         | IOB              | OUTPUT    | LVCMOS25             |       | 12       | SLOW |              |          |          |
| Sl_MRdErr<0>                       | IOB              | OUTPUT    | LVCMOS25             |       | 12       | SLOW |              |          |          |
| Sl_MRdErr<1>                       | IOB              | OUTPUT    | LVCMOS25             |       | 12       | SLOW |              |          |          |
| Sl_MRdErr<2>                       | IOB              | OUTPUT    | LVCMOS25             |       | 12       | SLOW |              |          |          |
| Sl_MRdErr<3>                       | IOB              | OUTPUT    | LVCMOS25             |       | 12       | SLOW |              |          |          |
| Sl_MRdErr<4>                       | IOB              | OUTPUT    | LVCMOS25             |       | 12       | SLOW |              |          |          |
| Sl_MRdErr<5>                       | IOB              | OUTPUT    | LVCMOS25             |       | 12       | SLOW |              |          |          |
| Sl_MRdErr<6>                       | IOB              | OUTPUT    | LVCMOS25             |       | 12       | SLOW |              |          |          |
| Sl_MRdErr<7>                       | IOB              | OUTPUT    | LVCMOS25             |       | 12       | SLOW |              |          |          |
| Sl_MWrErr<0>                       | IOB              | OUTPUT    | LVCMOS25             |       | 12       | SLOW |              |          |          |
| Sl_MWrErr<1>                       | IOB              | OUTPUT    | LVCMOS25             |       | 12       | SLOW |              |          |          |
| Sl_MWrErr<2>                       | IOB              | OUTPUT    | LVCMOS25             |       | 12       | SLOW |              |          |          |
| Sl_MWrErr<3>                       | IOB              | OUTPUT    | LVCMOS25             |       | 12       | SLOW |              |          |          |
| Sl_MWrErr<4>                       | IOB              | OUTPUT    | LVCMOS25             |       | 12       | SLOW |              |          |          |
| Sl_MWrErr<5>                       | IOB              | OUTPUT    | LVCMOS25             |       | 12       | SLOW |              |          |          |
| Sl_MWrErr<6>                       | IOB              | OUTPUT    | LVCMOS25             |       | 12       | SLOW |              |          |          |
| Sl_MWrErr<7>                       | IOB              | OUTPUT    | LVCMOS25             |       | 12       | SLOW |              |          |          |
| Sl_SSize<0>                        | IOB              | OUTPUT    | LVCMOS25             |       | 12       | SLOW |              |          |          |
| Sl_SSize<1>                        | IOB              | OUTPUT    | LVCMOS25             |       | 12       | SLOW |              |          |          |
| Sl_addrAck                         | IOB              | OUTPUT    | LVCMOS25             |       | 12       | SLOW |              |          |          |
| Sl_rdBTerm                         | IOB              | OUTPUT    | LVCMOS25             |       | 12       | SLOW |              |          |          |
| Sl_rdComp                          | IOB              | OUTPUT    | LVCMOS25             |       | 12       | SLOW |              |          |          |
| Sl_rdDAck                          | IOB              | OUTPUT    | LVCMOS25             |       | 12       | SLOW |              |          |          |
| Sl_rdDBus<0>                       | IOB              | OUTPUT    | LVCMOS25             |       | 12       | SLOW |              |          |          |
| Sl_rdDBus<1>                       | IOB              | OUTPUT    | LVCMOS25             |       | 12       | SLOW |              |          |          |
| Sl_rdDBus<2>                       | IOB              | OUTPUT    | LVCMOS25             |       | 12       | SLOW |              |          |          |
| Sl_rdDBus<3>                       | IOB              | OUTPUT    | LVCMOS25             |       | 12       | SLOW |              |          |          |
| Sl_rdDBus<4>                       | IOB              | OUTPUT    | LVCMOS25             |       | 12       | SLOW |              |          |          |
| Sl_rdDBus<5>                       | IOB              | OUTPUT    | LVCMOS25             |       | 12       | SLOW |              |          |          |
| Sl_rdDBus<6>                       | IOB              | OUTPUT    | LVCMOS25             |       | 12       | SLOW |              |          |          |
| Sl_rdDBus<7>                       | IOB              | OUTPUT    | LVCMOS25             |       | 12       | SLOW |              |          |          |
| Sl_rdDBus<8>                       | IOB              | OUTPUT    | LVCMOS25             |       | 12       | SLOW |              |          |          |
| Sl_rdDBus<9>                       | IOB              | OUTPUT    | LVCMOS25             |       | 12       | SLOW |              |          |          |
| Sl_rdDBus<10>                      | IOB              | OUTPUT    | LVCMOS25             |       | 12       | SLOW |              |          |          |
| Sl_rdDBus<11>                      | IOB              | OUTPUT    | LVCMOS25             |       | 12       | SLOW |              |          |          |
| Sl_rdDBus<12>                      | IOB              | OUTPUT    | LVCMOS25             |       | 12       | SLOW |              |          |          |
| Sl_rdDBus<13>                      | IOB              | OUTPUT    | LVCMOS25             |       | 12       | SLOW |              |          |          |
| Sl_rdDBus<14>                      | IOB              | OUTPUT    | LVCMOS25             |       | 12       | SLOW |              |          |          |
| Sl_rdDBus<15>                      | IOB              | OUTPUT    | LVCMOS25             |       | 12       | SLOW |              |          |          |
| Sl_rdDBus<16>                      | IOB              | OUTPUT    | LVCMOS25             |       | 12       | SLOW |              |          |          |
| Sl_rdDBus<17>                      | IOB              | OUTPUT    | LVCMOS25             |       | 12       | SLOW |              |          |          |
| Sl_rdDBus<18>                      | IOB              | OUTPUT    | LVCMOS25             |       | 12       | SLOW |              |          |          |
| Sl_rdDBus<19>                      | IOB              | OUTPUT    | LVCMOS25             |       | 12       | SLOW |              |          |          |
| Sl_rdDBus<20>                      | IOB              | OUTPUT    | LVCMOS25             |       | 12       | SLOW |              |          |          |
| Sl_rdDBus<21>                      | IOB              | OUTPUT    | LVCMOS25             |       | 12       | SLOW |              |          |          |
| Sl_rdDBus<22>                      | IOB              | OUTPUT    | LVCMOS25             |       | 12       | SLOW |              |          |          |
| Sl_rdDBus<23>                      | IOB              | OUTPUT    | LVCMOS25             |       | 12       | SLOW |              |          |          |
| Sl_rdDBus<24>                      | IOB              | OUTPUT    | LVCMOS25             |       | 12       | SLOW |              |          |          |
| Sl_rdDBus<25>                      | IOB              | OUTPUT    | LVCMOS25             |       | 12       | SLOW |              |          |          |
| Sl_rdDBus<26>                      | IOB              | OUTPUT    | LVCMOS25             |       | 12       | SLOW |              |          |          |
| Sl_rdDBus<27>                      | IOB              | OUTPUT    | LVCMOS25             |       | 12       | SLOW |              |          |          |
| Sl_rdDBus<28>                      | IOB              | OUTPUT    | LVCMOS25             |       | 12       | SLOW |              |          |          |
| Sl_rdDBus<29>                      | IOB              | OUTPUT    | LVCMOS25             |       | 12       | SLOW |              |          |          |
| Sl_rdDBus<30>                      | IOB              | OUTPUT    | LVCMOS25             |       | 12       | SLOW |              |          |          |
| Sl_rdDBus<31>                      | IOB              | OUTPUT    | LVCMOS25             |       | 12       | SLOW |              |          |          |
| Sl_rdDBus<32>                      | IOB              | OUTPUT    | LVCMOS25             |       | 12       | SLOW |              |          |          |
| Sl_rdDBus<33>                      | IOB              | OUTPUT    | LVCMOS25             |       | 12       | SLOW |              |          |          |
| Sl_rdDBus<34>                      | IOB              | OUTPUT    | LVCMOS25             |       | 12       | SLOW |              |          |          |
| Sl_rdDBus<35>                      | IOB              | OUTPUT    | LVCMOS25             |       | 12       | SLOW |              |          |          |
| Sl_rdDBus<36>                      | IOB              | OUTPUT    | LVCMOS25             |       | 12       | SLOW |              |          |          |
| Sl_rdDBus<37>                      | IOB              | OUTPUT    | LVCMOS25             |       | 12       | SLOW |              |          |          |
| Sl_rdDBus<38>                      | IOB              | OUTPUT    | LVCMOS25             |       | 12       | SLOW |              |          |          |
| Sl_rdDBus<39>                      | IOB              | OUTPUT    | LVCMOS25             |       | 12       | SLOW |              |          |          |
| Sl_rdDBus<40>                      | IOB              | OUTPUT    | LVCMOS25             |       | 12       | SLOW |              |          |          |
| Sl_rdDBus<41>                      | IOB              | OUTPUT    | LVCMOS25             |       | 12       | SLOW |              |          |          |
| Sl_rdDBus<42>                      | IOB              | OUTPUT    | LVCMOS25             |       | 12       | SLOW |              |          |          |
| Sl_rdDBus<43>                      | IOB              | OUTPUT    | LVCMOS25             |       | 12       | SLOW |              |          |          |
| Sl_rdDBus<44>                      | IOB              | OUTPUT    | LVCMOS25             |       | 12       | SLOW |              |          |          |
| Sl_rdDBus<45>                      | IOB              | OUTPUT    | LVCMOS25             |       | 12       | SLOW |              |          |          |
| Sl_rdDBus<46>                      | IOB              | OUTPUT    | LVCMOS25             |       | 12       | SLOW |              |          |          |
| Sl_rdDBus<47>                      | IOB              | OUTPUT    | LVCMOS25             |       | 12       | SLOW |              |          |          |
| Sl_rdDBus<48>                      | IOB              | OUTPUT    | LVCMOS25             |       | 12       | SLOW |              |          |          |
| Sl_rdDBus<49>                      | IOB              | OUTPUT    | LVCMOS25             |       | 12       | SLOW |              |          |          |
| Sl_rdDBus<50>                      | IOB              | OUTPUT    | LVCMOS25             |       | 12       | SLOW |              |          |          |
| Sl_rdDBus<51>                      | IOB              | OUTPUT    | LVCMOS25             |       | 12       | SLOW |              |          |          |
| Sl_rdDBus<52>                      | IOB              | OUTPUT    | LVCMOS25             |       | 12       | SLOW |              |          |          |
| Sl_rdDBus<53>                      | IOB              | OUTPUT    | LVCMOS25             |       | 12       | SLOW |              |          |          |
| Sl_rdDBus<54>                      | IOB              | OUTPUT    | LVCMOS25             |       | 12       | SLOW |              |          |          |
| Sl_rdDBus<55>                      | IOB              | OUTPUT    | LVCMOS25             |       | 12       | SLOW |              |          |          |
| Sl_rdDBus<56>                      | IOB              | OUTPUT    | LVCMOS25             |       | 12       | SLOW |              |          |          |
| Sl_rdDBus<57>                      | IOB              | OUTPUT    | LVCMOS25             |       | 12       | SLOW |              |          |          |
| Sl_rdDBus<58>                      | IOB              | OUTPUT    | LVCMOS25             |       | 12       | SLOW |              |          |          |
| Sl_rdDBus<59>                      | IOB              | OUTPUT    | LVCMOS25             |       | 12       | SLOW |              |          |          |
| Sl_rdDBus<60>                      | IOB              | OUTPUT    | LVCMOS25             |       | 12       | SLOW |              |          |          |
| Sl_rdDBus<61>                      | IOB              | OUTPUT    | LVCMOS25             |       | 12       | SLOW |              |          |          |
| Sl_rdDBus<62>                      | IOB              | OUTPUT    | LVCMOS25             |       | 12       | SLOW |              |          |          |
| Sl_rdDBus<63>                      | IOB              | OUTPUT    | LVCMOS25             |       | 12       | SLOW |              |          |          |
| Sl_rdDBus<64>                      | IOB              | OUTPUT    | LVCMOS25             |       | 12       | SLOW |              |          |          |
| Sl_rdDBus<65>                      | IOB              | OUTPUT    | LVCMOS25             |       | 12       | SLOW |              |          |          |
| Sl_rdDBus<66>                      | IOB              | OUTPUT    | LVCMOS25             |       | 12       | SLOW |              |          |          |
| Sl_rdDBus<67>                      | IOB              | OUTPUT    | LVCMOS25             |       | 12       | SLOW |              |          |          |
| Sl_rdDBus<68>                      | IOB              | OUTPUT    | LVCMOS25             |       | 12       | SLOW |              |          |          |
| Sl_rdDBus<69>                      | IOB              | OUTPUT    | LVCMOS25             |       | 12       | SLOW |              |          |          |
| Sl_rdDBus<70>                      | IOB              | OUTPUT    | LVCMOS25             |       | 12       | SLOW |              |          |          |
| Sl_rdDBus<71>                      | IOB              | OUTPUT    | LVCMOS25             |       | 12       | SLOW |              |          |          |
| Sl_rdDBus<72>                      | IOB              | OUTPUT    | LVCMOS25             |       | 12       | SLOW |              |          |          |
| Sl_rdDBus<73>                      | IOB              | OUTPUT    | LVCMOS25             |       | 12       | SLOW |              |          |          |
| Sl_rdDBus<74>                      | IOB              | OUTPUT    | LVCMOS25             |       | 12       | SLOW |              |          |          |
| Sl_rdDBus<75>                      | IOB              | OUTPUT    | LVCMOS25             |       | 12       | SLOW |              |          |          |
| Sl_rdDBus<76>                      | IOB              | OUTPUT    | LVCMOS25             |       | 12       | SLOW |              |          |          |
| Sl_rdDBus<77>                      | IOB              | OUTPUT    | LVCMOS25             |       | 12       | SLOW |              |          |          |
| Sl_rdDBus<78>                      | IOB              | OUTPUT    | LVCMOS25             |       | 12       | SLOW |              |          |          |
| Sl_rdDBus<79>                      | IOB              | OUTPUT    | LVCMOS25             |       | 12       | SLOW |              |          |          |
| Sl_rdDBus<80>                      | IOB              | OUTPUT    | LVCMOS25             |       | 12       | SLOW |              |          |          |
| Sl_rdDBus<81>                      | IOB              | OUTPUT    | LVCMOS25             |       | 12       | SLOW |              |          |          |
| Sl_rdDBus<82>                      | IOB              | OUTPUT    | LVCMOS25             |       | 12       | SLOW |              |          |          |
| Sl_rdDBus<83>                      | IOB              | OUTPUT    | LVCMOS25             |       | 12       | SLOW |              |          |          |
| Sl_rdDBus<84>                      | IOB              | OUTPUT    | LVCMOS25             |       | 12       | SLOW |              |          |          |
| Sl_rdDBus<85>                      | IOB              | OUTPUT    | LVCMOS25             |       | 12       | SLOW |              |          |          |
| Sl_rdDBus<86>                      | IOB              | OUTPUT    | LVCMOS25             |       | 12       | SLOW |              |          |          |
| Sl_rdDBus<87>                      | IOB              | OUTPUT    | LVCMOS25             |       | 12       | SLOW |              |          |          |
| Sl_rdDBus<88>                      | IOB              | OUTPUT    | LVCMOS25             |       | 12       | SLOW |              |          |          |
| Sl_rdDBus<89>                      | IOB              | OUTPUT    | LVCMOS25             |       | 12       | SLOW |              |          |          |
| Sl_rdDBus<90>                      | IOB              | OUTPUT    | LVCMOS25             |       | 12       | SLOW |              |          |          |
| Sl_rdDBus<91>                      | IOB              | OUTPUT    | LVCMOS25             |       | 12       | SLOW |              |          |          |
| Sl_rdDBus<92>                      | IOB              | OUTPUT    | LVCMOS25             |       | 12       | SLOW |              |          |          |
| Sl_rdDBus<93>                      | IOB              | OUTPUT    | LVCMOS25             |       | 12       | SLOW |              |          |          |
| Sl_rdDBus<94>                      | IOB              | OUTPUT    | LVCMOS25             |       | 12       | SLOW |              |          |          |
| Sl_rdDBus<95>                      | IOB              | OUTPUT    | LVCMOS25             |       | 12       | SLOW |              |          |          |
| Sl_rdDBus<96>                      | IOB              | OUTPUT    | LVCMOS25             |       | 12       | SLOW |              |          |          |
| Sl_rdDBus<97>                      | IOB              | OUTPUT    | LVCMOS25             |       | 12       | SLOW |              |          |          |
| Sl_rdDBus<98>                      | IOB              | OUTPUT    | LVCMOS25             |       | 12       | SLOW |              |          |          |
| Sl_rdDBus<99>                      | IOB              | OUTPUT    | LVCMOS25             |       | 12       | SLOW |              |          |          |
| Sl_rdDBus<100>                     | IOB              | OUTPUT    | LVCMOS25             |       | 12       | SLOW |              |          |          |
| Sl_rdDBus<101>                     | IOB              | OUTPUT    | LVCMOS25             |       | 12       | SLOW |              |          |          |
| Sl_rdDBus<102>                     | IOB              | OUTPUT    | LVCMOS25             |       | 12       | SLOW |              |          |          |
| Sl_rdDBus<103>                     | IOB              | OUTPUT    | LVCMOS25             |       | 12       | SLOW |              |          |          |
| Sl_rdDBus<104>                     | IOB              | OUTPUT    | LVCMOS25             |       | 12       | SLOW |              |          |          |
| Sl_rdDBus<105>                     | IOB              | OUTPUT    | LVCMOS25             |       | 12       | SLOW |              |          |          |
| Sl_rdDBus<106>                     | IOB              | OUTPUT    | LVCMOS25             |       | 12       | SLOW |              |          |          |
| Sl_rdDBus<107>                     | IOB              | OUTPUT    | LVCMOS25             |       | 12       | SLOW |              |          |          |
| Sl_rdDBus<108>                     | IOB              | OUTPUT    | LVCMOS25             |       | 12       | SLOW |              |          |          |
| Sl_rdDBus<109>                     | IOB              | OUTPUT    | LVCMOS25             |       | 12       | SLOW |              |          |          |
| Sl_rdDBus<110>                     | IOB              | OUTPUT    | LVCMOS25             |       | 12       | SLOW |              |          |          |
| Sl_rdDBus<111>                     | IOB              | OUTPUT    | LVCMOS25             |       | 12       | SLOW |              |          |          |
| Sl_rdDBus<112>                     | IOB              | OUTPUT    | LVCMOS25             |       | 12       | SLOW |              |          |          |
| Sl_rdDBus<113>                     | IOB              | OUTPUT    | LVCMOS25             |       | 12       | SLOW |              |          |          |
| Sl_rdDBus<114>                     | IOB              | OUTPUT    | LVCMOS25             |       | 12       | SLOW |              |          |          |
| Sl_rdDBus<115>                     | IOB              | OUTPUT    | LVCMOS25             |       | 12       | SLOW |              |          |          |
| Sl_rdDBus<116>                     | IOB              | OUTPUT    | LVCMOS25             |       | 12       | SLOW |              |          |          |
| Sl_rdDBus<117>                     | IOB              | OUTPUT    | LVCMOS25             |       | 12       | SLOW |              |          |          |
| Sl_rdDBus<118>                     | IOB              | OUTPUT    | LVCMOS25             |       | 12       | SLOW |              |          |          |
| Sl_rdDBus<119>                     | IOB              | OUTPUT    | LVCMOS25             |       | 12       | SLOW |              |          |          |
| Sl_rdDBus<120>                     | IOB              | OUTPUT    | LVCMOS25             |       | 12       | SLOW |              |          |          |
| Sl_rdDBus<121>                     | IOB              | OUTPUT    | LVCMOS25             |       | 12       | SLOW |              |          |          |
| Sl_rdDBus<122>                     | IOB              | OUTPUT    | LVCMOS25             |       | 12       | SLOW |              |          |          |
| Sl_rdDBus<123>                     | IOB              | OUTPUT    | LVCMOS25             |       | 12       | SLOW |              |          |          |
| Sl_rdDBus<124>                     | IOB              | OUTPUT    | LVCMOS25             |       | 12       | SLOW |              |          |          |
| Sl_rdDBus<125>                     | IOB              | OUTPUT    | LVCMOS25             |       | 12       | SLOW |              |          |          |
| Sl_rdDBus<126>                     | IOB              | OUTPUT    | LVCMOS25             |       | 12       | SLOW |              |          |          |
| Sl_rdDBus<127>                     | IOB              | OUTPUT    | LVCMOS25             |       | 12       | SLOW |              |          |          |
| Sl_rdWdAddr<0>                     | IOB              | OUTPUT    | LVCMOS25             |       | 12       | SLOW |              |          |          |
| Sl_rdWdAddr<1>                     | IOB              | OUTPUT    | LVCMOS25             |       | 12       | SLOW |              |          |          |
| Sl_rdWdAddr<2>                     | IOB              | OUTPUT    | LVCMOS25             |       | 12       | SLOW |              |          |          |
| Sl_rdWdAddr<3>                     | IOB              | OUTPUT    | LVCMOS25             |       | 12       | SLOW |              |          |          |
| Sl_rearbitrate                     | IOB              | OUTPUT    | LVCMOS25             |       | 12       | SLOW |              |          |          |
| Sl_wait                            | IOB              | OUTPUT    | LVCMOS25             |       | 12       | SLOW |              |          |          |
| Sl_wrBTerm                         | IOB              | OUTPUT    | LVCMOS25             |       | 12       | SLOW |              |          |          |
| Sl_wrComp                          | IOB              | OUTPUT    | LVCMOS25             |       | 12       | SLOW |              |          |          |
| Sl_wrDAck                          | IOB              | OUTPUT    | LVCMOS25             |       | 12       | SLOW |              |          |          |
+---------------------------------------------------------------------------------------------------------------------------------------------------------+

Section 7 - RPMs
----------------

Section 8 - Guide Report
------------------------
Guide not run on this design.

Section 9 - Area Group and Partition Summary
--------------------------------------------

Partition Implementation Status
-------------------------------

  No Partitions were found in this design.

-------------------------------

Area Group Information
----------------------

  No area groups were found in this design.

----------------------

Section 10 - Timing Report
--------------------------
This design was not run using timing mode.

Section 11 - Configuration String Details
-----------------------------------------
Use the "-detail" map option to print out Configuration Strings

Section 12 - Control Set Information
------------------------------------
No control set information for this architecture.

Section 13 - Utilization by Hierarchy
-------------------------------------
Use the "-detail" map option to print out the Utilization by Hierarchy section.
