--------------------------------------------------------------------------------
Release 14.7 Trace  (nt)
Copyright (c) 1995-2013 Xilinx, Inc.  All rights reserved.

G:\Xilinx\14.7\ISE_DS\ISE\bin\nt\unwrapped\trce.exe -intstyle ise -v 3 -s 10 -n
3 -fastpaths -xml plb_dac.twx plb_dac.ncd -o plb_dac.twr plb_dac.pcf

Design file:              plb_dac.ncd
Physical constraint file: plb_dac.pcf
Device,package,speed:     xc4vsx55,ff1148,-10 (PRODUCTION 1.71 2013-10-13, STEPPING level 1)
Report level:             verbose report

Environment Variable      Effect 
--------------------      ------ 
NONE                      No environment variables were set
--------------------------------------------------------------------------------

INFO:Timing:2698 - No timing constraints found, doing default enumeration.
INFO:Timing:3412 - To improve timing, see the Timing Closure User Guide (UG612).
INFO:Timing:2752 - To get complete path coverage, use the unconstrained paths 
   option. All paths that are not constrained will be reported in the 
   unconstrained paths section(s) of the report.
INFO:Timing:3339 - The clock-to-out numbers in this timing report are based on 
   a 50 Ohm transmission line loading model.  For the details of this model, 
   and for more information on accounting for different loading conditions, 
   please see the device datasheet.



Data Sheet report:
-----------------
All values displayed in nanoseconds (ns)

Setup/Hold to clock CLKGEN_Clk
------------+------------+------------+------------------+--------+
            |Max Setup to|Max Hold to |                  | Clock  |
Source      | clk (edge) | clk (edge) |Internal Clock(s) | Phase  |
------------+------------+------------+------------------+--------+
SPLB_Rst    |    3.175(R)|   -1.066(R)|CLKGEN_Clk_BUFGP  |   0.000|
            |    3.364(F)|   -0.728(F)|CLKGEN_Clk_BUFGP  |   0.000|
------------+------------+------------+------------------+--------+

Setup/Hold to clock SPLB_Clk
---------------+------------+------------+------------------+--------+
               |Max Setup to|Max Hold to |                  | Clock  |
Source         | clk (edge) | clk (edge) |Internal Clock(s) | Phase  |
---------------+------------+------------+------------------+--------+
PLB_ABus<0>    |   -1.858(R)|    3.320(R)|SPLB_Clk_BUFGP    |   0.000|
PLB_ABus<1>    |   -1.996(R)|    3.447(R)|SPLB_Clk_BUFGP    |   0.000|
PLB_ABus<2>    |   -2.076(R)|    3.515(R)|SPLB_Clk_BUFGP    |   0.000|
PLB_ABus<3>    |   -1.907(R)|    3.360(R)|SPLB_Clk_BUFGP    |   0.000|
PLB_ABus<4>    |   -1.915(R)|    3.374(R)|SPLB_Clk_BUFGP    |   0.000|
PLB_ABus<5>    |   -1.918(R)|    3.377(R)|SPLB_Clk_BUFGP    |   0.000|
PLB_ABus<6>    |   -2.083(R)|    3.529(R)|SPLB_Clk_BUFGP    |   0.000|
PLB_ABus<7>    |   -1.600(R)|    3.087(R)|SPLB_Clk_BUFGP    |   0.000|
PLB_ABus<8>    |   -1.386(R)|    2.874(R)|SPLB_Clk_BUFGP    |   0.000|
PLB_ABus<9>    |   -2.262(R)|    3.681(R)|SPLB_Clk_BUFGP    |   0.000|
PLB_ABus<10>   |   -2.208(R)|    3.631(R)|SPLB_Clk_BUFGP    |   0.000|
PLB_ABus<11>   |   -1.749(R)|    3.211(R)|SPLB_Clk_BUFGP    |   0.000|
PLB_ABus<12>   |   -2.215(R)|    3.650(R)|SPLB_Clk_BUFGP    |   0.000|
PLB_ABus<13>   |   -1.915(R)|    3.371(R)|SPLB_Clk_BUFGP    |   0.000|
PLB_ABus<14>   |   -2.092(R)|    3.525(R)|SPLB_Clk_BUFGP    |   0.000|
PLB_ABus<15>   |   -1.858(R)|    3.311(R)|SPLB_Clk_BUFGP    |   0.000|
PLB_ABus<16>   |   -1.218(R)|    2.731(R)|SPLB_Clk_BUFGP    |   0.000|
PLB_ABus<17>   |   -1.238(R)|    2.750(R)|SPLB_Clk_BUFGP    |   0.000|
PLB_ABus<18>   |   -1.431(R)|    2.920(R)|SPLB_Clk_BUFGP    |   0.000|
PLB_ABus<19>   |   -1.375(R)|    2.869(R)|SPLB_Clk_BUFGP    |   0.000|
PLB_ABus<20>   |   -1.546(R)|    3.025(R)|SPLB_Clk_BUFGP    |   0.000|
PLB_ABus<21>   |   -1.592(R)|    3.070(R)|SPLB_Clk_BUFGP    |   0.000|
PLB_ABus<22>   |   -1.398(R)|    2.902(R)|SPLB_Clk_BUFGP    |   0.000|
PLB_ABus<23>   |   -1.895(R)|    3.360(R)|SPLB_Clk_BUFGP    |   0.000|
PLB_ABus<24>   |   -1.412(R)|    2.908(R)|SPLB_Clk_BUFGP    |   0.000|
PLB_ABus<25>   |   -1.260(R)|    2.770(R)|SPLB_Clk_BUFGP    |   0.000|
PLB_ABus<26>   |   -1.262(R)|    2.775(R)|SPLB_Clk_BUFGP    |   0.000|
PLB_ABus<27>   |   -1.435(R)|    2.933(R)|SPLB_Clk_BUFGP    |   0.000|
PLB_ABus<28>   |   -0.895(R)|    3.659(R)|SPLB_Clk_BUFGP    |   0.000|
PLB_ABus<29>   |    0.547(R)|    2.328(R)|SPLB_Clk_BUFGP    |   0.000|
PLB_ABus<30>   |   -2.022(R)|    3.464(R)|SPLB_Clk_BUFGP    |   0.000|
PLB_ABus<31>   |   -1.855(R)|    3.311(R)|SPLB_Clk_BUFGP    |   0.000|
PLB_BE<0>      |   -1.661(R)|    3.115(R)|SPLB_Clk_BUFGP    |   0.000|
PLB_BE<1>      |   -1.174(R)|    2.659(R)|SPLB_Clk_BUFGP    |   0.000|
PLB_BE<2>      |   -1.821(R)|    3.281(R)|SPLB_Clk_BUFGP    |   0.000|
PLB_BE<3>      |   -2.221(R)|    3.647(R)|SPLB_Clk_BUFGP    |   0.000|
PLB_BE<4>      |   -1.618(R)|    3.075(R)|SPLB_Clk_BUFGP    |   0.000|
PLB_BE<5>      |   -1.839(R)|    3.270(R)|SPLB_Clk_BUFGP    |   0.000|
PLB_BE<6>      |   -1.616(R)|    3.097(R)|SPLB_Clk_BUFGP    |   0.000|
PLB_BE<7>      |   -1.765(R)|    3.229(R)|SPLB_Clk_BUFGP    |   0.000|
PLB_BE<8>      |   -1.475(R)|    2.944(R)|SPLB_Clk_BUFGP    |   0.000|
PLB_BE<9>      |   -1.640(R)|    3.088(R)|SPLB_Clk_BUFGP    |   0.000|
PLB_BE<10>     |   -1.555(R)|    3.037(R)|SPLB_Clk_BUFGP    |   0.000|
PLB_BE<11>     |   -1.681(R)|    3.153(R)|SPLB_Clk_BUFGP    |   0.000|
PLB_BE<12>     |   -1.502(R)|    2.966(R)|SPLB_Clk_BUFGP    |   0.000|
PLB_BE<13>     |   -1.529(R)|    2.986(R)|SPLB_Clk_BUFGP    |   0.000|
PLB_BE<14>     |   -1.726(R)|    3.199(R)|SPLB_Clk_BUFGP    |   0.000|
PLB_BE<15>     |   -1.781(R)|    3.247(R)|SPLB_Clk_BUFGP    |   0.000|
PLB_PAValid    |   -1.391(R)|    2.877(R)|SPLB_Clk_BUFGP    |   0.000|
PLB_RNW        |   -1.412(R)|    2.913(R)|SPLB_Clk_BUFGP    |   0.000|
PLB_masterID<0>|   -1.543(R)|    3.015(R)|SPLB_Clk_BUFGP    |   0.000|
PLB_masterID<1>|   -1.624(R)|    3.090(R)|SPLB_Clk_BUFGP    |   0.000|
PLB_masterID<2>|   -1.464(R)|    2.939(R)|SPLB_Clk_BUFGP    |   0.000|
PLB_size<0>    |   -2.285(R)|    3.805(R)|SPLB_Clk_BUFGP    |   0.000|
PLB_size<1>    |   -2.285(R)|    3.804(R)|SPLB_Clk_BUFGP    |   0.000|
PLB_size<2>    |   -2.153(R)|    3.683(R)|SPLB_Clk_BUFGP    |   0.000|
PLB_size<3>    |   -2.154(R)|    3.688(R)|SPLB_Clk_BUFGP    |   0.000|
PLB_type<0>    |   -1.956(R)|    3.505(R)|SPLB_Clk_BUFGP    |   0.000|
PLB_type<1>    |   -2.166(R)|    3.699(R)|SPLB_Clk_BUFGP    |   0.000|
PLB_type<2>    |   -2.110(R)|    3.635(R)|SPLB_Clk_BUFGP    |   0.000|
PLB_wrDBus<0>  |   -1.904(R)|    3.390(R)|SPLB_Clk_BUFGP    |   0.000|
PLB_wrDBus<1>  |   -1.533(R)|    3.051(R)|SPLB_Clk_BUFGP    |   0.000|
PLB_wrDBus<2>  |   -1.573(R)|    3.082(R)|SPLB_Clk_BUFGP    |   0.000|
PLB_wrDBus<3>  |   -1.689(R)|    3.193(R)|SPLB_Clk_BUFGP    |   0.000|
PLB_wrDBus<4>  |   -1.211(R)|    2.766(R)|SPLB_Clk_BUFGP    |   0.000|
PLB_wrDBus<5>  |   -1.718(R)|    3.228(R)|SPLB_Clk_BUFGP    |   0.000|
PLB_wrDBus<6>  |   -1.676(R)|    3.183(R)|SPLB_Clk_BUFGP    |   0.000|
PLB_wrDBus<7>  |   -1.719(R)|    3.222(R)|SPLB_Clk_BUFGP    |   0.000|
PLB_wrDBus<8>  |   -1.873(R)|    3.364(R)|SPLB_Clk_BUFGP    |   0.000|
PLB_wrDBus<9>  |   -1.563(R)|    3.076(R)|SPLB_Clk_BUFGP    |   0.000|
PLB_wrDBus<10> |   -1.634(R)|    3.145(R)|SPLB_Clk_BUFGP    |   0.000|
PLB_wrDBus<11> |   -1.296(R)|    2.834(R)|SPLB_Clk_BUFGP    |   0.000|
PLB_wrDBus<12> |   -1.887(R)|    3.365(R)|SPLB_Clk_BUFGP    |   0.000|
PLB_wrDBus<13> |   -1.890(R)|    3.371(R)|SPLB_Clk_BUFGP    |   0.000|
PLB_wrDBus<14> |   -1.608(R)|    3.103(R)|SPLB_Clk_BUFGP    |   0.000|
PLB_wrDBus<15> |   -1.615(R)|    3.108(R)|SPLB_Clk_BUFGP    |   0.000|
PLB_wrDBus<16> |   -2.157(R)|    3.614(R)|SPLB_Clk_BUFGP    |   0.000|
PLB_wrDBus<17> |   -1.915(R)|    3.393(R)|SPLB_Clk_BUFGP    |   0.000|
PLB_wrDBus<18> |   -1.407(R)|    2.943(R)|SPLB_Clk_BUFGP    |   0.000|
PLB_wrDBus<19> |   -1.750(R)|    3.258(R)|SPLB_Clk_BUFGP    |   0.000|
PLB_wrDBus<20> |   -1.691(R)|    3.191(R)|SPLB_Clk_BUFGP    |   0.000|
PLB_wrDBus<21> |   -1.240(R)|    2.777(R)|SPLB_Clk_BUFGP    |   0.000|
PLB_wrDBus<22> |   -1.357(R)|    2.888(R)|SPLB_Clk_BUFGP    |   0.000|
PLB_wrDBus<23> |   -1.646(R)|    3.155(R)|SPLB_Clk_BUFGP    |   0.000|
PLB_wrDBus<24> |   -1.015(R)|    2.606(R)|SPLB_Clk_BUFGP    |   0.000|
PLB_wrDBus<25> |   -1.646(R)|    3.186(R)|SPLB_Clk_BUFGP    |   0.000|
PLB_wrDBus<26> |   -1.681(R)|    3.222(R)|SPLB_Clk_BUFGP    |   0.000|
PLB_wrDBus<27> |   -1.089(R)|    2.674(R)|SPLB_Clk_BUFGP    |   0.000|
PLB_wrDBus<28> |   -1.830(R)|    3.310(R)|SPLB_Clk_BUFGP    |   0.000|
PLB_wrDBus<29> |   -1.663(R)|    3.157(R)|SPLB_Clk_BUFGP    |   0.000|
PLB_wrDBus<30> |   -1.855(R)|    3.334(R)|SPLB_Clk_BUFGP    |   0.000|
PLB_wrDBus<31> |   -1.636(R)|    3.133(R)|SPLB_Clk_BUFGP    |   0.000|
SPLB_Rst       |    4.015(R)|    2.974(R)|SPLB_Clk_BUFGP    |   0.000|
S_Format_I     |    1.281(R)|    1.896(R)|SPLB_Clk_BUFGP    |   0.000|
---------------+------------+------------+------------------+--------+

Clock CLKGEN_Clk to Pad
------------+------------+------------------+--------+
            | clk (edge) |                  | Clock  |
Destination |   to PAD   |Internal Clock(s) | Phase  |
------------+------------+------------------+--------+
S_Clkout    |   13.893(R)|CLKGEN_Clk_BUFGP  |   0.000|
S_DCLKIO    |   13.974(R)|CLKGEN_Clk_BUFGP  |   0.000|
S_Data<0>   |   12.002(F)|CLKGEN_Clk_BUFGP  |   0.000|
S_Data<1>   |   12.383(F)|CLKGEN_Clk_BUFGP  |   0.000|
S_Data<2>   |   12.862(F)|CLKGEN_Clk_BUFGP  |   0.000|
S_Data<3>   |   11.988(F)|CLKGEN_Clk_BUFGP  |   0.000|
S_Data<4>   |   12.342(F)|CLKGEN_Clk_BUFGP  |   0.000|
S_Data<5>   |   12.608(F)|CLKGEN_Clk_BUFGP  |   0.000|
S_Data<6>   |   12.214(F)|CLKGEN_Clk_BUFGP  |   0.000|
S_Data<7>   |   12.248(F)|CLKGEN_Clk_BUFGP  |   0.000|
S_Data<8>   |   12.950(F)|CLKGEN_Clk_BUFGP  |   0.000|
S_Data<9>   |   12.640(F)|CLKGEN_Clk_BUFGP  |   0.000|
------------+------------+------------------+--------+

Clock SPLB_Clk to Pad
--------------+------------+------------------+--------+
              | clk (edge) |                  | Clock  |
Destination   |   to PAD   |Internal Clock(s) | Phase  |
--------------+------------+------------------+--------+
S_ClkMD       |   12.619(R)|SPLB_Clk_BUFGP    |   0.000|
S_Clkout      |   14.558(R)|SPLB_Clk_BUFGP    |   0.000|
S_DCLKIO      |   14.639(R)|SPLB_Clk_BUFGP    |   0.000|
S_Data<0>     |   12.981(R)|SPLB_Clk_BUFGP    |   0.000|
S_Data<1>     |   13.245(R)|SPLB_Clk_BUFGP    |   0.000|
S_Data<2>     |   13.731(R)|SPLB_Clk_BUFGP    |   0.000|
S_Data<3>     |   13.325(R)|SPLB_Clk_BUFGP    |   0.000|
S_Data<4>     |   13.566(R)|SPLB_Clk_BUFGP    |   0.000|
S_Data<5>     |   13.773(R)|SPLB_Clk_BUFGP    |   0.000|
S_Data<6>     |   13.234(R)|SPLB_Clk_BUFGP    |   0.000|
S_Data<7>     |   13.039(R)|SPLB_Clk_BUFGP    |   0.000|
S_Data<8>     |   13.174(R)|SPLB_Clk_BUFGP    |   0.000|
S_Data<9>     |   13.651(R)|SPLB_Clk_BUFGP    |   0.000|
S_Format_O    |   11.539(R)|SPLB_Clk_BUFGP    |   0.000|
S_Format_T    |   11.122(R)|SPLB_Clk_BUFGP    |   0.000|
S_OpEnI       |   12.039(R)|SPLB_Clk_BUFGP    |   0.000|
S_OpEnQ       |   11.634(R)|SPLB_Clk_BUFGP    |   0.000|
S_PWRDN       |   11.984(R)|SPLB_Clk_BUFGP    |   0.000|
S_PinMD       |   12.164(R)|SPLB_Clk_BUFGP    |   0.000|
Sl_MBusy<0>   |   11.240(R)|SPLB_Clk_BUFGP    |   0.000|
Sl_MBusy<1>   |   11.386(R)|SPLB_Clk_BUFGP    |   0.000|
Sl_MBusy<2>   |   11.180(R)|SPLB_Clk_BUFGP    |   0.000|
Sl_MBusy<3>   |   11.333(R)|SPLB_Clk_BUFGP    |   0.000|
Sl_MBusy<4>   |   11.211(R)|SPLB_Clk_BUFGP    |   0.000|
Sl_MBusy<5>   |   11.388(R)|SPLB_Clk_BUFGP    |   0.000|
Sl_MBusy<6>   |   11.185(R)|SPLB_Clk_BUFGP    |   0.000|
Sl_MBusy<7>   |   11.383(R)|SPLB_Clk_BUFGP    |   0.000|
Sl_MRdErr<0>  |   11.928(R)|SPLB_Clk_BUFGP    |   0.000|
Sl_MRdErr<1>  |   12.135(R)|SPLB_Clk_BUFGP    |   0.000|
Sl_MRdErr<2>  |   12.233(R)|SPLB_Clk_BUFGP    |   0.000|
Sl_MRdErr<3>  |   11.715(R)|SPLB_Clk_BUFGP    |   0.000|
Sl_MRdErr<4>  |   12.470(R)|SPLB_Clk_BUFGP    |   0.000|
Sl_MRdErr<5>  |   12.031(R)|SPLB_Clk_BUFGP    |   0.000|
Sl_MRdErr<6>  |   11.987(R)|SPLB_Clk_BUFGP    |   0.000|
Sl_MRdErr<7>  |   11.944(R)|SPLB_Clk_BUFGP    |   0.000|
Sl_MWrErr<0>  |   12.032(R)|SPLB_Clk_BUFGP    |   0.000|
Sl_MWrErr<1>  |   11.652(R)|SPLB_Clk_BUFGP    |   0.000|
Sl_MWrErr<2>  |   11.965(R)|SPLB_Clk_BUFGP    |   0.000|
Sl_MWrErr<3>  |   11.972(R)|SPLB_Clk_BUFGP    |   0.000|
Sl_MWrErr<4>  |   11.407(R)|SPLB_Clk_BUFGP    |   0.000|
Sl_MWrErr<5>  |   11.625(R)|SPLB_Clk_BUFGP    |   0.000|
Sl_MWrErr<6>  |   12.018(R)|SPLB_Clk_BUFGP    |   0.000|
Sl_MWrErr<7>  |   12.012(R)|SPLB_Clk_BUFGP    |   0.000|
Sl_addrAck    |   12.247(R)|SPLB_Clk_BUFGP    |   0.000|
Sl_rdComp     |   14.492(R)|SPLB_Clk_BUFGP    |   0.000|
Sl_rdDAck     |   14.225(R)|SPLB_Clk_BUFGP    |   0.000|
Sl_rdDBus<0>  |   13.188(R)|SPLB_Clk_BUFGP    |   0.000|
Sl_rdDBus<1>  |   12.521(R)|SPLB_Clk_BUFGP    |   0.000|
Sl_rdDBus<2>  |   12.813(R)|SPLB_Clk_BUFGP    |   0.000|
Sl_rdDBus<3>  |   12.837(R)|SPLB_Clk_BUFGP    |   0.000|
Sl_rdDBus<4>  |   13.180(R)|SPLB_Clk_BUFGP    |   0.000|
Sl_rdDBus<5>  |   13.543(R)|SPLB_Clk_BUFGP    |   0.000|
Sl_rdDBus<6>  |   12.390(R)|SPLB_Clk_BUFGP    |   0.000|
Sl_rdDBus<7>  |   12.310(R)|SPLB_Clk_BUFGP    |   0.000|
Sl_rdDBus<8>  |   12.456(R)|SPLB_Clk_BUFGP    |   0.000|
Sl_rdDBus<9>  |   13.477(R)|SPLB_Clk_BUFGP    |   0.000|
Sl_rdDBus<10> |   12.699(R)|SPLB_Clk_BUFGP    |   0.000|
Sl_rdDBus<11> |   12.183(R)|SPLB_Clk_BUFGP    |   0.000|
Sl_rdDBus<12> |   12.416(R)|SPLB_Clk_BUFGP    |   0.000|
Sl_rdDBus<13> |   12.633(R)|SPLB_Clk_BUFGP    |   0.000|
Sl_rdDBus<14> |   13.102(R)|SPLB_Clk_BUFGP    |   0.000|
Sl_rdDBus<15> |   12.088(R)|SPLB_Clk_BUFGP    |   0.000|
Sl_rdDBus<16> |   12.089(R)|SPLB_Clk_BUFGP    |   0.000|
Sl_rdDBus<17> |   11.854(R)|SPLB_Clk_BUFGP    |   0.000|
Sl_rdDBus<18> |   12.336(R)|SPLB_Clk_BUFGP    |   0.000|
Sl_rdDBus<19> |   12.991(R)|SPLB_Clk_BUFGP    |   0.000|
Sl_rdDBus<20> |   12.794(R)|SPLB_Clk_BUFGP    |   0.000|
Sl_rdDBus<21> |   12.093(R)|SPLB_Clk_BUFGP    |   0.000|
Sl_rdDBus<22> |   11.940(R)|SPLB_Clk_BUFGP    |   0.000|
Sl_rdDBus<23> |   12.213(R)|SPLB_Clk_BUFGP    |   0.000|
Sl_rdDBus<24> |   12.337(R)|SPLB_Clk_BUFGP    |   0.000|
Sl_rdDBus<25> |   12.577(R)|SPLB_Clk_BUFGP    |   0.000|
Sl_rdDBus<26> |   12.351(R)|SPLB_Clk_BUFGP    |   0.000|
Sl_rdDBus<27> |   11.680(R)|SPLB_Clk_BUFGP    |   0.000|
Sl_rdDBus<28> |   12.348(R)|SPLB_Clk_BUFGP    |   0.000|
Sl_rdDBus<29> |   12.060(R)|SPLB_Clk_BUFGP    |   0.000|
Sl_rdDBus<30> |   12.140(R)|SPLB_Clk_BUFGP    |   0.000|
Sl_rdDBus<31> |   13.240(R)|SPLB_Clk_BUFGP    |   0.000|
Sl_rdDBus<32> |   13.456(R)|SPLB_Clk_BUFGP    |   0.000|
Sl_rdDBus<33> |   12.900(R)|SPLB_Clk_BUFGP    |   0.000|
Sl_rdDBus<34> |   13.075(R)|SPLB_Clk_BUFGP    |   0.000|
Sl_rdDBus<35> |   12.981(R)|SPLB_Clk_BUFGP    |   0.000|
Sl_rdDBus<36> |   13.405(R)|SPLB_Clk_BUFGP    |   0.000|
Sl_rdDBus<37> |   13.726(R)|SPLB_Clk_BUFGP    |   0.000|
Sl_rdDBus<38> |   12.123(R)|SPLB_Clk_BUFGP    |   0.000|
Sl_rdDBus<39> |   12.605(R)|SPLB_Clk_BUFGP    |   0.000|
Sl_rdDBus<40> |   12.761(R)|SPLB_Clk_BUFGP    |   0.000|
Sl_rdDBus<41> |   13.266(R)|SPLB_Clk_BUFGP    |   0.000|
Sl_rdDBus<42> |   13.133(R)|SPLB_Clk_BUFGP    |   0.000|
Sl_rdDBus<43> |   12.084(R)|SPLB_Clk_BUFGP    |   0.000|
Sl_rdDBus<44> |   12.294(R)|SPLB_Clk_BUFGP    |   0.000|
Sl_rdDBus<45> |   12.896(R)|SPLB_Clk_BUFGP    |   0.000|
Sl_rdDBus<46> |   13.031(R)|SPLB_Clk_BUFGP    |   0.000|
Sl_rdDBus<47> |   12.381(R)|SPLB_Clk_BUFGP    |   0.000|
Sl_rdDBus<48> |   12.087(R)|SPLB_Clk_BUFGP    |   0.000|
Sl_rdDBus<49> |   12.756(R)|SPLB_Clk_BUFGP    |   0.000|
Sl_rdDBus<50> |   12.315(R)|SPLB_Clk_BUFGP    |   0.000|
Sl_rdDBus<51> |   12.952(R)|SPLB_Clk_BUFGP    |   0.000|
Sl_rdDBus<52> |   13.048(R)|SPLB_Clk_BUFGP    |   0.000|
Sl_rdDBus<53> |   12.311(R)|SPLB_Clk_BUFGP    |   0.000|
Sl_rdDBus<54> |   11.896(R)|SPLB_Clk_BUFGP    |   0.000|
Sl_rdDBus<55> |   12.314(R)|SPLB_Clk_BUFGP    |   0.000|
Sl_rdDBus<56> |   12.701(R)|SPLB_Clk_BUFGP    |   0.000|
Sl_rdDBus<57> |   12.628(R)|SPLB_Clk_BUFGP    |   0.000|
Sl_rdDBus<58> |   12.045(R)|SPLB_Clk_BUFGP    |   0.000|
Sl_rdDBus<59> |   12.174(R)|SPLB_Clk_BUFGP    |   0.000|
Sl_rdDBus<60> |   12.545(R)|SPLB_Clk_BUFGP    |   0.000|
Sl_rdDBus<61> |   12.192(R)|SPLB_Clk_BUFGP    |   0.000|
Sl_rdDBus<62> |   11.921(R)|SPLB_Clk_BUFGP    |   0.000|
Sl_rdDBus<63> |   13.471(R)|SPLB_Clk_BUFGP    |   0.000|
Sl_rdDBus<64> |   13.219(R)|SPLB_Clk_BUFGP    |   0.000|
Sl_rdDBus<65> |   13.162(R)|SPLB_Clk_BUFGP    |   0.000|
Sl_rdDBus<66> |   12.984(R)|SPLB_Clk_BUFGP    |   0.000|
Sl_rdDBus<67> |   13.241(R)|SPLB_Clk_BUFGP    |   0.000|
Sl_rdDBus<68> |   13.402(R)|SPLB_Clk_BUFGP    |   0.000|
Sl_rdDBus<69> |   13.439(R)|SPLB_Clk_BUFGP    |   0.000|
Sl_rdDBus<70> |   12.133(R)|SPLB_Clk_BUFGP    |   0.000|
Sl_rdDBus<71> |   12.527(R)|SPLB_Clk_BUFGP    |   0.000|
Sl_rdDBus<72> |   12.572(R)|SPLB_Clk_BUFGP    |   0.000|
Sl_rdDBus<73> |   13.215(R)|SPLB_Clk_BUFGP    |   0.000|
Sl_rdDBus<74> |   12.695(R)|SPLB_Clk_BUFGP    |   0.000|
Sl_rdDBus<75> |   12.094(R)|SPLB_Clk_BUFGP    |   0.000|
Sl_rdDBus<76> |   12.559(R)|SPLB_Clk_BUFGP    |   0.000|
Sl_rdDBus<77> |   12.806(R)|SPLB_Clk_BUFGP    |   0.000|
Sl_rdDBus<78> |   13.300(R)|SPLB_Clk_BUFGP    |   0.000|
Sl_rdDBus<79> |   12.395(R)|SPLB_Clk_BUFGP    |   0.000|
Sl_rdDBus<80> |   12.072(R)|SPLB_Clk_BUFGP    |   0.000|
Sl_rdDBus<81> |   12.563(R)|SPLB_Clk_BUFGP    |   0.000|
Sl_rdDBus<82> |   12.567(R)|SPLB_Clk_BUFGP    |   0.000|
Sl_rdDBus<83> |   13.016(R)|SPLB_Clk_BUFGP    |   0.000|
Sl_rdDBus<84> |   13.202(R)|SPLB_Clk_BUFGP    |   0.000|
Sl_rdDBus<85> |   12.354(R)|SPLB_Clk_BUFGP    |   0.000|
Sl_rdDBus<86> |   11.922(R)|SPLB_Clk_BUFGP    |   0.000|
Sl_rdDBus<87> |   12.718(R)|SPLB_Clk_BUFGP    |   0.000|
Sl_rdDBus<88> |   12.963(R)|SPLB_Clk_BUFGP    |   0.000|
Sl_rdDBus<89> |   12.364(R)|SPLB_Clk_BUFGP    |   0.000|
Sl_rdDBus<90> |   12.281(R)|SPLB_Clk_BUFGP    |   0.000|
Sl_rdDBus<91> |   11.893(R)|SPLB_Clk_BUFGP    |   0.000|
Sl_rdDBus<92> |   12.464(R)|SPLB_Clk_BUFGP    |   0.000|
Sl_rdDBus<93> |   11.930(R)|SPLB_Clk_BUFGP    |   0.000|
Sl_rdDBus<94> |   12.355(R)|SPLB_Clk_BUFGP    |   0.000|
Sl_rdDBus<95> |   13.677(R)|SPLB_Clk_BUFGP    |   0.000|
Sl_rdDBus<96> |   13.206(R)|SPLB_Clk_BUFGP    |   0.000|
Sl_rdDBus<97> |   12.945(R)|SPLB_Clk_BUFGP    |   0.000|
Sl_rdDBus<98> |   13.246(R)|SPLB_Clk_BUFGP    |   0.000|
Sl_rdDBus<99> |   12.567(R)|SPLB_Clk_BUFGP    |   0.000|
Sl_rdDBus<100>|   13.438(R)|SPLB_Clk_BUFGP    |   0.000|
Sl_rdDBus<101>|   13.475(R)|SPLB_Clk_BUFGP    |   0.000|
Sl_rdDBus<102>|   12.248(R)|SPLB_Clk_BUFGP    |   0.000|
Sl_rdDBus<103>|   12.343(R)|SPLB_Clk_BUFGP    |   0.000|
Sl_rdDBus<104>|   12.825(R)|SPLB_Clk_BUFGP    |   0.000|
Sl_rdDBus<105>|   13.474(R)|SPLB_Clk_BUFGP    |   0.000|
Sl_rdDBus<106>|   13.376(R)|SPLB_Clk_BUFGP    |   0.000|
Sl_rdDBus<107>|   12.381(R)|SPLB_Clk_BUFGP    |   0.000|
Sl_rdDBus<108>|   12.229(R)|SPLB_Clk_BUFGP    |   0.000|
Sl_rdDBus<109>|   13.059(R)|SPLB_Clk_BUFGP    |   0.000|
Sl_rdDBus<110>|   12.981(R)|SPLB_Clk_BUFGP    |   0.000|
Sl_rdDBus<111>|   12.654(R)|SPLB_Clk_BUFGP    |   0.000|
Sl_rdDBus<112>|   12.340(R)|SPLB_Clk_BUFGP    |   0.000|
Sl_rdDBus<113>|   12.831(R)|SPLB_Clk_BUFGP    |   0.000|
Sl_rdDBus<114>|   12.593(R)|SPLB_Clk_BUFGP    |   0.000|
Sl_rdDBus<115>|   12.814(R)|SPLB_Clk_BUFGP    |   0.000|
Sl_rdDBus<116>|   12.941(R)|SPLB_Clk_BUFGP    |   0.000|
Sl_rdDBus<117>|   12.546(R)|SPLB_Clk_BUFGP    |   0.000|
Sl_rdDBus<118>|   11.678(R)|SPLB_Clk_BUFGP    |   0.000|
Sl_rdDBus<119>|   12.439(R)|SPLB_Clk_BUFGP    |   0.000|
Sl_rdDBus<120>|   11.860(R)|SPLB_Clk_BUFGP    |   0.000|
Sl_rdDBus<121>|   12.880(R)|SPLB_Clk_BUFGP    |   0.000|
Sl_rdDBus<122>|   12.606(R)|SPLB_Clk_BUFGP    |   0.000|
Sl_rdDBus<123>|   11.918(R)|SPLB_Clk_BUFGP    |   0.000|
Sl_rdDBus<124>|   12.268(R)|SPLB_Clk_BUFGP    |   0.000|
Sl_rdDBus<125>|   12.070(R)|SPLB_Clk_BUFGP    |   0.000|
Sl_rdDBus<126>|   12.107(R)|SPLB_Clk_BUFGP    |   0.000|
Sl_rdDBus<127>|   13.232(R)|SPLB_Clk_BUFGP    |   0.000|
Sl_rearbitrate|   12.536(R)|SPLB_Clk_BUFGP    |   0.000|
Sl_wrComp     |   13.601(R)|SPLB_Clk_BUFGP    |   0.000|
Sl_wrDAck     |   13.331(R)|SPLB_Clk_BUFGP    |   0.000|
--------------+------------+------------------+--------+

Clock to Setup on destination clock CLKGEN_Clk
---------------+---------+---------+---------+---------+
               | Src:Rise| Src:Fall| Src:Rise| Src:Fall|
Source Clock   |Dest:Rise|Dest:Rise|Dest:Fall|Dest:Fall|
---------------+---------+---------+---------+---------+
CLKGEN_Clk     |    7.393|         |    7.579|    3.342|
SPLB_Clk       |    5.248|         |    8.383|         |
---------------+---------+---------+---------+---------+

Clock to Setup on destination clock SPLB_Clk
---------------+---------+---------+---------+---------+
               | Src:Rise| Src:Fall| Src:Rise| Src:Fall|
Source Clock   |Dest:Rise|Dest:Rise|Dest:Fall|Dest:Fall|
---------------+---------+---------+---------+---------+
SPLB_Clk       |    5.786|         |         |         |
---------------+---------+---------+---------+---------+


Analysis completed Sun Nov 19 12:09:05 2017 
--------------------------------------------------------------------------------

Trace Settings:
-------------------------
Trace Settings 

Peak Memory Usage: 333 MB



